Determining size of __uint128 failed with the following output:
Change Dir: /home/chris/Dropbox/chris/PurdueSchool/llvm_sarvavid/SarvLibrary/GraphConstruction/bcalm/build/CMakeFiles/CMakeTmp

Run Build Command:"/usr/bin/make" "cmTC_9a80a/fast"
/usr/bin/make -f CMakeFiles/cmTC_9a80a.dir/build.make CMakeFiles/cmTC_9a80a.dir/build
make[1]: Entering directory '/media/chris/seagate1/chris/PurdueSchool/llvm_sarvavid/SarvLibrary/GraphConstruction/bcalm/build/CMakeFiles/CMakeTmp'
Building C object CMakeFiles/cmTC_9a80a.dir/int128_t_USE__uint128.c.o
/usr/bin/gcc    -o CMakeFiles/cmTC_9a80a.dir/int128_t_USE__uint128.c.o   -c /home/chris/Dropbox/chris/PurdueSchool/llvm_sarvavid/SarvLibrary/GraphConstruction/bcalm/build/CMakeFiles/CheckTypeSize/int128_t_USE__uint128.c
/home/chris/Dropbox/chris/PurdueSchool/llvm_sarvavid/SarvLibrary/GraphConstruction/bcalm/build/CMakeFiles/CheckTypeSize/int128_t_USE__uint128.c:23:22: error: ‘__uint128’ undeclared here (not in a function)
 #define SIZE (sizeof(__uint128))
                      ^
/home/chris/Dropbox/chris/PurdueSchool/llvm_sarvavid/SarvLibrary/GraphConstruction/bcalm/build/CMakeFiles/CheckTypeSize/int128_t_USE__uint128.c:25:12: note: in expansion of macro ‘SIZE’
   ('0' + ((SIZE / 10000)%10)),
            ^~~~
CMakeFiles/cmTC_9a80a.dir/build.make:65: recipe for target 'CMakeFiles/cmTC_9a80a.dir/int128_t_USE__uint128.c.o' failed
make[1]: *** [CMakeFiles/cmTC_9a80a.dir/int128_t_USE__uint128.c.o] Error 1
make[1]: Leaving directory '/media/chris/seagate1/chris/PurdueSchool/llvm_sarvavid/SarvLibrary/GraphConstruction/bcalm/build/CMakeFiles/CMakeTmp'
Makefile:126: recipe for target 'cmTC_9a80a/fast' failed
make: *** [cmTC_9a80a/fast] Error 2

/home/chris/Dropbox/chris/PurdueSchool/llvm_sarvavid/SarvLibrary/GraphConstruction/bcalm/build/CMakeFiles/CheckTypeSize/int128_t_USE__uint128.c:
#include <sys/types.h>
#include <stdint.h>
#include <stddef.h>


#undef KEY
#if defined(__i386)
# define KEY '_','_','i','3','8','6'
#elif defined(__x86_64)
# define KEY '_','_','x','8','6','_','6','4'
#elif defined(__ppc__)
# define KEY '_','_','p','p','c','_','_'
#elif defined(__ppc64__)
# define KEY '_','_','p','p','c','6','4','_','_'
#elif defined(__aarch64__)
# define KEY '_','_','a','a','r','c','h','6','4','_','_'
#elif defined(__ARM_ARCH_7A__)
# define KEY '_','_','A','R','M','_','A','R','C','H','_','7','A','_','_'
#elif defined(__ARM_ARCH_7S__)
# define KEY '_','_','A','R','M','_','A','R','C','H','_','7','S','_','_'
#endif

#define SIZE (sizeof(__uint128))
char info_size[] =  {'I', 'N', 'F', 'O', ':', 's','i','z','e','[',
  ('0' + ((SIZE / 10000)%10)),
  ('0' + ((SIZE / 1000)%10)),
  ('0' + ((SIZE / 100)%10)),
  ('0' + ((SIZE / 10)%10)),
  ('0' +  (SIZE    % 10)),
  ']',
#ifdef KEY
  ' ','k','e','y','[', KEY, ']',
#endif
  '\0'};

#ifdef __CLASSIC_C__
int main(argc, argv) int argc; char *argv[];
#else
int main(int argc, char *argv[])
#endif
{
  int require = 0;
  require += info_size[argc];
  (void)argv;
  return require;
}


Determining if the function WSAStartup exists in the ws2_32;m;dl failed with the following output:
Change Dir: /home/chris/Dropbox/chris/PurdueSchool/llvm_sarvavid/SarvLibrary/GraphConstruction/bcalm/build/CMakeFiles/CMakeTmp

Run Build Command:"/usr/bin/make" "cmTC_cc6b8/fast"
/usr/bin/make -f CMakeFiles/cmTC_cc6b8.dir/build.make CMakeFiles/cmTC_cc6b8.dir/build
make[1]: Entering directory '/media/chris/seagate1/chris/PurdueSchool/llvm_sarvavid/SarvLibrary/GraphConstruction/bcalm/build/CMakeFiles/CMakeTmp'
Building C object CMakeFiles/cmTC_cc6b8.dir/CheckFunctionExists.c.o
/usr/bin/gcc   -msse2 -msse4.2 -mpopcnt -DCHECK_FUNCTION_EXISTS=WSAStartup   -o CMakeFiles/cmTC_cc6b8.dir/CheckFunctionExists.c.o   -c /usr/share/cmake-3.10/Modules/CheckFunctionExists.c
Linking C executable cmTC_cc6b8
/usr/bin/cmake -E cmake_link_script CMakeFiles/cmTC_cc6b8.dir/link.txt --verbose=1
/usr/bin/gcc  -msse2 -msse4.2 -mpopcnt -DCHECK_FUNCTION_EXISTS=WSAStartup    -rdynamic CMakeFiles/cmTC_cc6b8.dir/CheckFunctionExists.c.o  -o cmTC_cc6b8 -lws2_32 -lm -ldl 
/usr/bin/x86_64-linux-gnu-ld: cannot find -lws2_32
collect2: error: ld returned 1 exit status
CMakeFiles/cmTC_cc6b8.dir/build.make:97: recipe for target 'cmTC_cc6b8' failed
make[1]: *** [cmTC_cc6b8] Error 1
make[1]: Leaving directory '/media/chris/seagate1/chris/PurdueSchool/llvm_sarvavid/SarvLibrary/GraphConstruction/bcalm/build/CMakeFiles/CMakeTmp'
Makefile:126: recipe for target 'cmTC_cc6b8/fast' failed
make: *** [cmTC_cc6b8/fast] Error 2


Determining if the function gethostbyname exists in the wsock32;m;dl failed with the following output:
Change Dir: /home/chris/Dropbox/chris/PurdueSchool/llvm_sarvavid/SarvLibrary/GraphConstruction/bcalm/build/CMakeFiles/CMakeTmp

Run Build Command:"/usr/bin/make" "cmTC_e4320/fast"
/usr/bin/make -f CMakeFiles/cmTC_e4320.dir/build.make CMakeFiles/cmTC_e4320.dir/build
make[1]: Entering directory '/media/chris/seagate1/chris/PurdueSchool/llvm_sarvavid/SarvLibrary/GraphConstruction/bcalm/build/CMakeFiles/CMakeTmp'
Building C object CMakeFiles/cmTC_e4320.dir/CheckFunctionExists.c.o
/usr/bin/gcc   -msse2 -msse4.2 -mpopcnt -DCHECK_FUNCTION_EXISTS=gethostbyname   -o CMakeFiles/cmTC_e4320.dir/CheckFunctionExists.c.o   -c /usr/share/cmake-3.10/Modules/CheckFunctionExists.c
Linking C executable cmTC_e4320
/usr/bin/cmake -E cmake_link_script CMakeFiles/cmTC_e4320.dir/link.txt --verbose=1
/usr/bin/gcc  -msse2 -msse4.2 -mpopcnt -DCHECK_FUNCTION_EXISTS=gethostbyname    -rdynamic CMakeFiles/cmTC_e4320.dir/CheckFunctionExists.c.o  -o cmTC_e4320 -lwsock32 -lm -ldl 
/usr/bin/x86_64-linux-gnu-ld: cannot find -lwsock32
collect2: error: ld returned 1 exit status
CMakeFiles/cmTC_e4320.dir/build.make:97: recipe for target 'cmTC_e4320' failed
make[1]: *** [cmTC_e4320] Error 1
make[1]: Leaving directory '/media/chris/seagate1/chris/PurdueSchool/llvm_sarvavid/SarvLibrary/GraphConstruction/bcalm/build/CMakeFiles/CMakeTmp'
Makefile:126: recipe for target 'cmTC_e4320/fast' failed
make: *** [cmTC_e4320/fast] Error 2


Determining if the function gethostname exists in the ucb;m;dl failed with the following output:
Change Dir: /home/chris/Dropbox/chris/PurdueSchool/llvm_sarvavid/SarvLibrary/GraphConstruction/bcalm/build/CMakeFiles/CMakeTmp

Run Build Command:"/usr/bin/make" "cmTC_d3202/fast"
/usr/bin/make -f CMakeFiles/cmTC_d3202.dir/build.make CMakeFiles/cmTC_d3202.dir/build
make[1]: Entering directory '/media/chris/seagate1/chris/PurdueSchool/llvm_sarvavid/SarvLibrary/GraphConstruction/bcalm/build/CMakeFiles/CMakeTmp'
Building C object CMakeFiles/cmTC_d3202.dir/CheckFunctionExists.c.o
/usr/bin/gcc   -msse2 -msse4.2 -mpopcnt -DCHECK_FUNCTION_EXISTS=gethostname   -o CMakeFiles/cmTC_d3202.dir/CheckFunctionExists.c.o   -c /usr/share/cmake-3.10/Modules/CheckFunctionExists.c
Linking C executable cmTC_d3202
/usr/bin/cmake -E cmake_link_script CMakeFiles/cmTC_d3202.dir/link.txt --verbose=1
/usr/bin/gcc  -msse2 -msse4.2 -mpopcnt -DCHECK_FUNCTION_EXISTS=gethostname    -rdynamic CMakeFiles/cmTC_d3202.dir/CheckFunctionExists.c.o  -o cmTC_d3202 -lucb -lm -ldl 
/usr/bin/x86_64-linux-gnu-ld: cannot find -lucb
collect2: error: ld returned 1 exit status
CMakeFiles/cmTC_d3202.dir/build.make:97: recipe for target 'cmTC_d3202' failed
make[1]: *** [cmTC_d3202] Error 1
make[1]: Leaving directory '/media/chris/seagate1/chris/PurdueSchool/llvm_sarvavid/SarvLibrary/GraphConstruction/bcalm/build/CMakeFiles/CMakeTmp'
Makefile:126: recipe for target 'cmTC_d3202/fast' failed
make: *** [cmTC_d3202/fast] Error 2


Determining if files sys/resource.h;sys/time.h;unistd.h;sys/ioctl.h;sys/stat.h;sys/socket.h;sys/types.h;stddef.h;setjmp.h;features.h;dirent.h;stdint.h;mach/mach_time.h exist failed with the following output:
Change Dir: /home/chris/Dropbox/chris/PurdueSchool/llvm_sarvavid/SarvLibrary/GraphConstruction/bcalm/build/CMakeFiles/CMakeTmp

Run Build Command:"/usr/bin/make" "cmTC_c1f50/fast"
/usr/bin/make -f CMakeFiles/cmTC_c1f50.dir/build.make CMakeFiles/cmTC_c1f50.dir/build
make[1]: Entering directory '/media/chris/seagate1/chris/PurdueSchool/llvm_sarvavid/SarvLibrary/GraphConstruction/bcalm/build/CMakeFiles/CMakeTmp'
Building C object CMakeFiles/cmTC_c1f50.dir/CheckIncludeFiles.c.o
/usr/bin/gcc   -msse2 -msse4.2 -mpopcnt    -o CMakeFiles/cmTC_c1f50.dir/CheckIncludeFiles.c.o   -c /home/chris/Dropbox/chris/PurdueSchool/llvm_sarvavid/SarvLibrary/GraphConstruction/bcalm/build/CMakeFiles/CMakeTmp/CheckIncludeFiles.c
/home/chris/Dropbox/chris/PurdueSchool/llvm_sarvavid/SarvLibrary/GraphConstruction/bcalm/build/CMakeFiles/CMakeTmp/CheckIncludeFiles.c:14:28: fatal error: mach/mach_time.h: No such file or directory
 #include <mach/mach_time.h>
                            ^
compilation terminated.
CMakeFiles/cmTC_c1f50.dir/build.make:65: recipe for target 'CMakeFiles/cmTC_c1f50.dir/CheckIncludeFiles.c.o' failed
make[1]: *** [CMakeFiles/cmTC_c1f50.dir/CheckIncludeFiles.c.o] Error 1
make[1]: Leaving directory '/media/chris/seagate1/chris/PurdueSchool/llvm_sarvavid/SarvLibrary/GraphConstruction/bcalm/build/CMakeFiles/CMakeTmp'
Makefile:126: recipe for target 'cmTC_c1f50/fast' failed
make: *** [cmTC_c1f50/fast] Error 2

Source:
/* */
#include <sys/resource.h>
#include <sys/time.h>
#include <unistd.h>
#include <sys/ioctl.h>
#include <sys/stat.h>
#include <sys/socket.h>
#include <sys/types.h>
#include <stddef.h>
#include <setjmp.h>
#include <features.h>
#include <dirent.h>
#include <stdint.h>
#include <mach/mach_time.h>


int main(void){return 0;}

Determining if files sys/resource.h;sys/time.h;unistd.h;sys/ioctl.h;sys/stat.h;sys/socket.h;sys/types.h;stddef.h;setjmp.h;features.h;dirent.h;stdint.h;io.h exist failed with the following output:
Change Dir: /home/chris/Dropbox/chris/PurdueSchool/llvm_sarvavid/SarvLibrary/GraphConstruction/bcalm/build/CMakeFiles/CMakeTmp

Run Build Command:"/usr/bin/make" "cmTC_82238/fast"
/usr/bin/make -f CMakeFiles/cmTC_82238.dir/build.make CMakeFiles/cmTC_82238.dir/build
make[1]: Entering directory '/media/chris/seagate1/chris/PurdueSchool/llvm_sarvavid/SarvLibrary/GraphConstruction/bcalm/build/CMakeFiles/CMakeTmp'
Building C object CMakeFiles/cmTC_82238.dir/CheckIncludeFiles.c.o
/usr/bin/gcc   -msse2 -msse4.2 -mpopcnt    -o CMakeFiles/cmTC_82238.dir/CheckIncludeFiles.c.o   -c /home/chris/Dropbox/chris/PurdueSchool/llvm_sarvavid/SarvLibrary/GraphConstruction/bcalm/build/CMakeFiles/CMakeTmp/CheckIncludeFiles.c
/home/chris/Dropbox/chris/PurdueSchool/llvm_sarvavid/SarvLibrary/GraphConstruction/bcalm/build/CMakeFiles/CMakeTmp/CheckIncludeFiles.c:14:16: fatal error: io.h: No such file or directory
 #include <io.h>
                ^
compilation terminated.
CMakeFiles/cmTC_82238.dir/build.make:65: recipe for target 'CMakeFiles/cmTC_82238.dir/CheckIncludeFiles.c.o' failed
make[1]: *** [CMakeFiles/cmTC_82238.dir/CheckIncludeFiles.c.o] Error 1
make[1]: Leaving directory '/media/chris/seagate1/chris/PurdueSchool/llvm_sarvavid/SarvLibrary/GraphConstruction/bcalm/build/CMakeFiles/CMakeTmp'
Makefile:126: recipe for target 'cmTC_82238/fast' failed
make: *** [cmTC_82238/fast] Error 2

Source:
/* */
#include <sys/resource.h>
#include <sys/time.h>
#include <unistd.h>
#include <sys/ioctl.h>
#include <sys/stat.h>
#include <sys/socket.h>
#include <sys/types.h>
#include <stddef.h>
#include <setjmp.h>
#include <features.h>
#include <dirent.h>
#include <stdint.h>
#include <io.h>


int main(void){return 0;}

Determining if files sys/resource.h;sys/time.h;unistd.h;sys/ioctl.h;sys/stat.h;sys/socket.h;sys/types.h;stddef.h;setjmp.h;features.h;dirent.h;stdint.h;winsock2.h exist failed with the following output:
Change Dir: /home/chris/Dropbox/chris/PurdueSchool/llvm_sarvavid/SarvLibrary/GraphConstruction/bcalm/build/CMakeFiles/CMakeTmp

Run Build Command:"/usr/bin/make" "cmTC_bc163/fast"
/usr/bin/make -f CMakeFiles/cmTC_bc163.dir/build.make CMakeFiles/cmTC_bc163.dir/build
make[1]: Entering directory '/media/chris/seagate1/chris/PurdueSchool/llvm_sarvavid/SarvLibrary/GraphConstruction/bcalm/build/CMakeFiles/CMakeTmp'
Building C object CMakeFiles/cmTC_bc163.dir/CheckIncludeFiles.c.o
/usr/bin/gcc   -msse2 -msse4.2 -mpopcnt    -o CMakeFiles/cmTC_bc163.dir/CheckIncludeFiles.c.o   -c /home/chris/Dropbox/chris/PurdueSchool/llvm_sarvavid/SarvLibrary/GraphConstruction/bcalm/build/CMakeFiles/CMakeTmp/CheckIncludeFiles.c
/home/chris/Dropbox/chris/PurdueSchool/llvm_sarvavid/SarvLibrary/GraphConstruction/bcalm/build/CMakeFiles/CMakeTmp/CheckIncludeFiles.c:14:22: fatal error: winsock2.h: No such file or directory
 #include <winsock2.h>
                      ^
compilation terminated.
CMakeFiles/cmTC_bc163.dir/build.make:65: recipe for target 'CMakeFiles/cmTC_bc163.dir/CheckIncludeFiles.c.o' failed
make[1]: *** [CMakeFiles/cmTC_bc163.dir/CheckIncludeFiles.c.o] Error 1
make[1]: Leaving directory '/media/chris/seagate1/chris/PurdueSchool/llvm_sarvavid/SarvLibrary/GraphConstruction/bcalm/build/CMakeFiles/CMakeTmp'
Makefile:126: recipe for target 'cmTC_bc163/fast' failed
make: *** [cmTC_bc163/fast] Error 2

Source:
/* */
#include <sys/resource.h>
#include <sys/time.h>
#include <unistd.h>
#include <sys/ioctl.h>
#include <sys/stat.h>
#include <sys/socket.h>
#include <sys/types.h>
#include <stddef.h>
#include <setjmp.h>
#include <features.h>
#include <dirent.h>
#include <stdint.h>
#include <winsock2.h>


int main(void){return 0;}

Determining if files sys/resource.h;sys/time.h;unistd.h;sys/ioctl.h;sys/stat.h;sys/socket.h;sys/types.h;stddef.h;setjmp.h;features.h;dirent.h;stdint.h;sys/timeb.h;globus/common.h exist failed with the following output:
Change Dir: /home/chris/Dropbox/chris/PurdueSchool/llvm_sarvavid/SarvLibrary/GraphConstruction/bcalm/build/CMakeFiles/CMakeTmp

Run Build Command:"/usr/bin/make" "cmTC_4b7c6/fast"
/usr/bin/make -f CMakeFiles/cmTC_4b7c6.dir/build.make CMakeFiles/cmTC_4b7c6.dir/build
make[1]: Entering directory '/media/chris/seagate1/chris/PurdueSchool/llvm_sarvavid/SarvLibrary/GraphConstruction/bcalm/build/CMakeFiles/CMakeTmp'
Building C object CMakeFiles/cmTC_4b7c6.dir/CheckIncludeFiles.c.o
/usr/bin/gcc   -msse2 -msse4.2 -mpopcnt    -o CMakeFiles/cmTC_4b7c6.dir/CheckIncludeFiles.c.o   -c /home/chris/Dropbox/chris/PurdueSchool/llvm_sarvavid/SarvLibrary/GraphConstruction/bcalm/build/CMakeFiles/CMakeTmp/CheckIncludeFiles.c
/home/chris/Dropbox/chris/PurdueSchool/llvm_sarvavid/SarvLibrary/GraphConstruction/bcalm/build/CMakeFiles/CMakeTmp/CheckIncludeFiles.c:15:27: fatal error: globus/common.h: No such file or directory
 #include <globus/common.h>
                           ^
compilation terminated.
CMakeFiles/cmTC_4b7c6.dir/build.make:65: recipe for target 'CMakeFiles/cmTC_4b7c6.dir/CheckIncludeFiles.c.o' failed
make[1]: *** [CMakeFiles/cmTC_4b7c6.dir/CheckIncludeFiles.c.o] Error 1
make[1]: Leaving directory '/media/chris/seagate1/chris/PurdueSchool/llvm_sarvavid/SarvLibrary/GraphConstruction/bcalm/build/CMakeFiles/CMakeTmp'
Makefile:126: recipe for target 'cmTC_4b7c6/fast' failed
make: *** [cmTC_4b7c6/fast] Error 2

Source:
/* */
#include <sys/resource.h>
#include <sys/time.h>
#include <unistd.h>
#include <sys/ioctl.h>
#include <sys/stat.h>
#include <sys/socket.h>
#include <sys/types.h>
#include <stddef.h>
#include <setjmp.h>
#include <features.h>
#include <dirent.h>
#include <stdint.h>
#include <sys/timeb.h>
#include <globus/common.h>


int main(void){return 0;}

Determining if files sys/resource.h;sys/time.h;unistd.h;sys/ioctl.h;sys/stat.h;sys/socket.h;sys/types.h;stddef.h;setjmp.h;features.h;dirent.h;stdint.h;sys/timeb.h;pdb.h exist failed with the following output:
Change Dir: /home/chris/Dropbox/chris/PurdueSchool/llvm_sarvavid/SarvLibrary/GraphConstruction/bcalm/build/CMakeFiles/CMakeTmp

Run Build Command:"/usr/bin/make" "cmTC_5e2c5/fast"
/usr/bin/make -f CMakeFiles/cmTC_5e2c5.dir/build.make CMakeFiles/cmTC_5e2c5.dir/build
make[1]: Entering directory '/media/chris/seagate1/chris/PurdueSchool/llvm_sarvavid/SarvLibrary/GraphConstruction/bcalm/build/CMakeFiles/CMakeTmp'
Building C object CMakeFiles/cmTC_5e2c5.dir/CheckIncludeFiles.c.o
/usr/bin/gcc   -msse2 -msse4.2 -mpopcnt    -o CMakeFiles/cmTC_5e2c5.dir/CheckIncludeFiles.c.o   -c /home/chris/Dropbox/chris/PurdueSchool/llvm_sarvavid/SarvLibrary/GraphConstruction/bcalm/build/CMakeFiles/CMakeTmp/CheckIncludeFiles.c
/home/chris/Dropbox/chris/PurdueSchool/llvm_sarvavid/SarvLibrary/GraphConstruction/bcalm/build/CMakeFiles/CMakeTmp/CheckIncludeFiles.c:15:17: fatal error: pdb.h: No such file or directory
 #include <pdb.h>
                 ^
compilation terminated.
CMakeFiles/cmTC_5e2c5.dir/build.make:65: recipe for target 'CMakeFiles/cmTC_5e2c5.dir/CheckIncludeFiles.c.o' failed
make[1]: *** [CMakeFiles/cmTC_5e2c5.dir/CheckIncludeFiles.c.o] Error 1
make[1]: Leaving directory '/media/chris/seagate1/chris/PurdueSchool/llvm_sarvavid/SarvLibrary/GraphConstruction/bcalm/build/CMakeFiles/CMakeTmp'
Makefile:126: recipe for target 'cmTC_5e2c5/fast' failed
make: *** [cmTC_5e2c5/fast] Error 2

Source:
/* */
#include <sys/resource.h>
#include <sys/time.h>
#include <unistd.h>
#include <sys/ioctl.h>
#include <sys/stat.h>
#include <sys/socket.h>
#include <sys/types.h>
#include <stddef.h>
#include <setjmp.h>
#include <features.h>
#include <dirent.h>
#include <stdint.h>
#include <sys/timeb.h>
#include <pdb.h>


int main(void){return 0;}

Determining if files sys/resource.h;sys/time.h;unistd.h;sys/ioctl.h;sys/stat.h;sys/socket.h;sys/types.h;stddef.h;setjmp.h;features.h;dirent.h;stdint.h;sys/timeb.h;pthread.h;srbclient.h exist failed with the following output:
Change Dir: /home/chris/Dropbox/chris/PurdueSchool/llvm_sarvavid/SarvLibrary/GraphConstruction/bcalm/build/CMakeFiles/CMakeTmp

Run Build Command:"/usr/bin/make" "cmTC_dc60c/fast"
/usr/bin/make -f CMakeFiles/cmTC_dc60c.dir/build.make CMakeFiles/cmTC_dc60c.dir/build
make[1]: Entering directory '/media/chris/seagate1/chris/PurdueSchool/llvm_sarvavid/SarvLibrary/GraphConstruction/bcalm/build/CMakeFiles/CMakeTmp'
Building C object CMakeFiles/cmTC_dc60c.dir/CheckIncludeFiles.c.o
/usr/bin/gcc   -msse2 -msse4.2 -mpopcnt    -o CMakeFiles/cmTC_dc60c.dir/CheckIncludeFiles.c.o   -c /home/chris/Dropbox/chris/PurdueSchool/llvm_sarvavid/SarvLibrary/GraphConstruction/bcalm/build/CMakeFiles/CMakeTmp/CheckIncludeFiles.c
/home/chris/Dropbox/chris/PurdueSchool/llvm_sarvavid/SarvLibrary/GraphConstruction/bcalm/build/CMakeFiles/CMakeTmp/CheckIncludeFiles.c:16:23: fatal error: srbclient.h: No such file or directory
 #include <srbclient.h>
                       ^
compilation terminated.
CMakeFiles/cmTC_dc60c.dir/build.make:65: recipe for target 'CMakeFiles/cmTC_dc60c.dir/CheckIncludeFiles.c.o' failed
make[1]: *** [CMakeFiles/cmTC_dc60c.dir/CheckIncludeFiles.c.o] Error 1
make[1]: Leaving directory '/media/chris/seagate1/chris/PurdueSchool/llvm_sarvavid/SarvLibrary/GraphConstruction/bcalm/build/CMakeFiles/CMakeTmp'
Makefile:126: recipe for target 'cmTC_dc60c/fast' failed
make: *** [cmTC_dc60c/fast] Error 2

Source:
/* */
#include <sys/resource.h>
#include <sys/time.h>
#include <unistd.h>
#include <sys/ioctl.h>
#include <sys/stat.h>
#include <sys/socket.h>
#include <sys/types.h>
#include <stddef.h>
#include <setjmp.h>
#include <features.h>
#include <dirent.h>
#include <stdint.h>
#include <sys/timeb.h>
#include <pthread.h>
#include <srbclient.h>


int main(void){return 0;}

Determining size of __int64 failed with the following output:
Change Dir: /home/chris/Dropbox/chris/PurdueSchool/llvm_sarvavid/SarvLibrary/GraphConstruction/bcalm/build/CMakeFiles/CMakeTmp

Run Build Command:"/usr/bin/make" "cmTC_343fd/fast"
/usr/bin/make -f CMakeFiles/cmTC_343fd.dir/build.make CMakeFiles/cmTC_343fd.dir/build
make[1]: Entering directory '/media/chris/seagate1/chris/PurdueSchool/llvm_sarvavid/SarvLibrary/GraphConstruction/bcalm/build/CMakeFiles/CMakeTmp'
Building C object CMakeFiles/cmTC_343fd.dir/H5_SIZEOF___INT64.c.o
/usr/bin/gcc -D_FILE_OFFSET_BITS=64 -D_LARGEFILE64_SOURCE -D_LARGEFILE_SOURCE  -msse2 -msse4.2 -mpopcnt    -o CMakeFiles/cmTC_343fd.dir/H5_SIZEOF___INT64.c.o   -c /home/chris/Dropbox/chris/PurdueSchool/llvm_sarvavid/SarvLibrary/GraphConstruction/bcalm/build/CMakeFiles/CheckTypeSize/H5_SIZEOF___INT64.c
/home/chris/Dropbox/chris/PurdueSchool/llvm_sarvavid/SarvLibrary/GraphConstruction/bcalm/build/CMakeFiles/CheckTypeSize/H5_SIZEOF___INT64.c:23:22: error: ‘__int64’ undeclared here (not in a function)
 #define SIZE (sizeof(__int64))
                      ^
/home/chris/Dropbox/chris/PurdueSchool/llvm_sarvavid/SarvLibrary/GraphConstruction/bcalm/build/CMakeFiles/CheckTypeSize/H5_SIZEOF___INT64.c:25:12: note: in expansion of macro ‘SIZE’
   ('0' + ((SIZE / 10000)%10)),
            ^~~~
CMakeFiles/cmTC_343fd.dir/build.make:65: recipe for target 'CMakeFiles/cmTC_343fd.dir/H5_SIZEOF___INT64.c.o' failed
make[1]: *** [CMakeFiles/cmTC_343fd.dir/H5_SIZEOF___INT64.c.o] Error 1
make[1]: Leaving directory '/media/chris/seagate1/chris/PurdueSchool/llvm_sarvavid/SarvLibrary/GraphConstruction/bcalm/build/CMakeFiles/CMakeTmp'
Makefile:126: recipe for target 'cmTC_343fd/fast' failed
make: *** [cmTC_343fd/fast] Error 2

/home/chris/Dropbox/chris/PurdueSchool/llvm_sarvavid/SarvLibrary/GraphConstruction/bcalm/build/CMakeFiles/CheckTypeSize/H5_SIZEOF___INT64.c:
#include <sys/types.h>
#include <stdint.h>
#include <stddef.h>


#undef KEY
#if defined(__i386)
# define KEY '_','_','i','3','8','6'
#elif defined(__x86_64)
# define KEY '_','_','x','8','6','_','6','4'
#elif defined(__ppc__)
# define KEY '_','_','p','p','c','_','_'
#elif defined(__ppc64__)
# define KEY '_','_','p','p','c','6','4','_','_'
#elif defined(__aarch64__)
# define KEY '_','_','a','a','r','c','h','6','4','_','_'
#elif defined(__ARM_ARCH_7A__)
# define KEY '_','_','A','R','M','_','A','R','C','H','_','7','A','_','_'
#elif defined(__ARM_ARCH_7S__)
# define KEY '_','_','A','R','M','_','A','R','C','H','_','7','S','_','_'
#endif

#define SIZE (sizeof(__int64))
char info_size[] =  {'I', 'N', 'F', 'O', ':', 's','i','z','e','[',
  ('0' + ((SIZE / 10000)%10)),
  ('0' + ((SIZE / 1000)%10)),
  ('0' + ((SIZE / 100)%10)),
  ('0' + ((SIZE / 10)%10)),
  ('0' +  (SIZE    % 10)),
  ']',
#ifdef KEY
  ' ','k','e','y','[', KEY, ']',
#endif
  '\0'};

#ifdef __CLASSIC_C__
int main(argc, argv) int argc; char *argv[];
#else
int main(int argc, char *argv[])
#endif
{
  int require = 0;
  require += info_size[argc];
  (void)argv;
  return require;
}


Determining if the variable CLOCK_MONOTONIC exists failed with the following output:
Change Dir: /home/chris/Dropbox/chris/PurdueSchool/llvm_sarvavid/SarvLibrary/GraphConstruction/bcalm/build/CMakeFiles/CMakeTmp

Run Build Command:"/usr/bin/make" "cmTC_0b2e9/fast"
/usr/bin/make -f CMakeFiles/cmTC_0b2e9.dir/build.make CMakeFiles/cmTC_0b2e9.dir/build
make[1]: Entering directory '/media/chris/seagate1/chris/PurdueSchool/llvm_sarvavid/SarvLibrary/GraphConstruction/bcalm/build/CMakeFiles/CMakeTmp'
Building C object CMakeFiles/cmTC_0b2e9.dir/CheckVariableExists.c.o
/usr/bin/gcc -D_FILE_OFFSET_BITS=64 -D_LARGEFILE64_SOURCE -D_LARGEFILE_SOURCE  -msse2 -msse4.2 -mpopcnt -DCHECK_VARIABLE_EXISTS=CLOCK_MONOTONIC   -o CMakeFiles/cmTC_0b2e9.dir/CheckVariableExists.c.o   -c /usr/share/cmake-3.10/Modules/CheckVariableExists.c
Linking C executable cmTC_0b2e9
/usr/bin/cmake -E cmake_link_script CMakeFiles/cmTC_0b2e9.dir/link.txt --verbose=1
/usr/bin/gcc  -msse2 -msse4.2 -mpopcnt -DCHECK_VARIABLE_EXISTS=CLOCK_MONOTONIC    -rdynamic CMakeFiles/cmTC_0b2e9.dir/CheckVariableExists.c.o  -o cmTC_0b2e9 -lm -ldl 
CMakeFiles/cmTC_0b2e9.dir/CheckVariableExists.c.o: In function `main':
CheckVariableExists.c:(.text+0x25): undefined reference to `CLOCK_MONOTONIC'
collect2: error: ld returned 1 exit status
CMakeFiles/cmTC_0b2e9.dir/build.make:97: recipe for target 'cmTC_0b2e9' failed
make[1]: *** [cmTC_0b2e9] Error 1
make[1]: Leaving directory '/media/chris/seagate1/chris/PurdueSchool/llvm_sarvavid/SarvLibrary/GraphConstruction/bcalm/build/CMakeFiles/CMakeTmp'
Makefile:126: recipe for target 'cmTC_0b2e9/fast' failed
make: *** [cmTC_0b2e9/fast] Error 2


Performing Other Test HAVE___TM_GMTOFF failed with the following output:
Change Dir: /home/chris/Dropbox/chris/PurdueSchool/llvm_sarvavid/SarvLibrary/GraphConstruction/bcalm/build/CMakeFiles/CMakeTmp

Run Build Command:"/usr/bin/make" "cmTC_e7098/fast"
/usr/bin/make -f CMakeFiles/cmTC_e7098.dir/build.make CMakeFiles/cmTC_e7098.dir/build
make[1]: Entering directory '/media/chris/seagate1/chris/PurdueSchool/llvm_sarvavid/SarvLibrary/GraphConstruction/bcalm/build/CMakeFiles/CMakeTmp'
Building C object CMakeFiles/cmTC_e7098.dir/HDFTests.c.o
/usr/bin/gcc   -msse2 -msse4.2 -mpopcnt -DHAVE___TM_GMTOFF  -DHAVE_SYS_TIME_H -DHAVE_UNISTD_H -DHAVE_SYS_TYPES_H -DHAVE_SYS_SOCKET_H -D_FILE_OFFSET_BITS=64 -D_LARGEFILE64_SOURCE -D_LARGEFILE_SOURCE   -o CMakeFiles/cmTC_e7098.dir/HDFTests.c.o   -c /home/chris/Dropbox/chris/PurdueSchool/llvm_sarvavid/SarvLibrary/GraphConstruction/bcalm/gatb-core/gatb-core/thirdparty/hdf5/config/cmake_ext_mod/HDFTests.c
/home/chris/Dropbox/chris/PurdueSchool/llvm_sarvavid/SarvLibrary/GraphConstruction/bcalm/gatb-core/gatb-core/thirdparty/hdf5/config/cmake_ext_mod/HDFTests.c: In function ‘main’:
/home/chris/Dropbox/chris/PurdueSchool/llvm_sarvavid/SarvLibrary/GraphConstruction/bcalm/gatb-core/gatb-core/thirdparty/hdf5/config/cmake_ext_mod/HDFTests.c:170:29: error: ‘struct tm’ has no member named ‘__tm_gmtoff’; did you mean ‘tm_gmtoff’?
 SIMPLE_TEST(struct tm tm; tm.__tm_gmtoff=0);
                             ^
/home/chris/Dropbox/chris/PurdueSchool/llvm_sarvavid/SarvLibrary/GraphConstruction/bcalm/gatb-core/gatb-core/thirdparty/hdf5/config/cmake_ext_mod/HDFTests.c:1:36: note: in definition of macro ‘SIMPLE_TEST’
 #define SIMPLE_TEST(x) int main(){ x; return 0; }
                                    ^
CMakeFiles/cmTC_e7098.dir/build.make:65: recipe for target 'CMakeFiles/cmTC_e7098.dir/HDFTests.c.o' failed
make[1]: *** [CMakeFiles/cmTC_e7098.dir/HDFTests.c.o] Error 1
make[1]: Leaving directory '/media/chris/seagate1/chris/PurdueSchool/llvm_sarvavid/SarvLibrary/GraphConstruction/bcalm/build/CMakeFiles/CMakeTmp'
Makefile:126: recipe for target 'cmTC_e7098/fast' failed
make: *** [cmTC_e7098/fast] Error 2

Performing Other Test HAVE_TM_ZONE failed with the following output:
Change Dir: /home/chris/Dropbox/chris/PurdueSchool/llvm_sarvavid/SarvLibrary/GraphConstruction/bcalm/build/CMakeFiles/CMakeTmp

Run Build Command:"/usr/bin/make" "cmTC_91a9a/fast"
/usr/bin/make -f CMakeFiles/cmTC_91a9a.dir/build.make CMakeFiles/cmTC_91a9a.dir/build
make[1]: Entering directory '/media/chris/seagate1/chris/PurdueSchool/llvm_sarvavid/SarvLibrary/GraphConstruction/bcalm/build/CMakeFiles/CMakeTmp'
Building C object CMakeFiles/cmTC_91a9a.dir/HDFTests.c.o
/usr/bin/gcc   -msse2 -msse4.2 -mpopcnt -DHAVE_TM_ZONE  -DHAVE_SYS_TIME_H -DHAVE_UNISTD_H -DHAVE_SYS_TYPES_H -DHAVE_SYS_SOCKET_H -D_FILE_OFFSET_BITS=64 -D_LARGEFILE64_SOURCE -D_LARGEFILE_SOURCE   -o CMakeFiles/cmTC_91a9a.dir/HDFTests.c.o   -c /home/chris/Dropbox/chris/PurdueSchool/llvm_sarvavid/SarvLibrary/GraphConstruction/bcalm/gatb-core/gatb-core/thirdparty/hdf5/config/cmake_ext_mod/HDFTests.c
Linking C executable cmTC_91a9a
/usr/bin/cmake -E cmake_link_script CMakeFiles/cmTC_91a9a.dir/link.txt --verbose=1
/usr/bin/gcc  -msse2 -msse4.2 -mpopcnt -DHAVE_TM_ZONE  -DHAVE_SYS_TIME_H -DHAVE_UNISTD_H -DHAVE_SYS_TYPES_H -DHAVE_SYS_SOCKET_H -D_FILE_OFFSET_BITS=64 -D_LARGEFILE64_SOURCE -D_LARGEFILE_SOURCE    -rdynamic CMakeFiles/cmTC_91a9a.dir/HDFTests.c.o  -o cmTC_91a9a -lm -ldl 
/usr/lib/gcc/x86_64-linux-gnu/6/../../../x86_64-linux-gnu/Scrt1.o: In function `_start':
(.text+0x20): undefined reference to `main'
collect2: error: ld returned 1 exit status
CMakeFiles/cmTC_91a9a.dir/build.make:97: recipe for target 'cmTC_91a9a' failed
make[1]: *** [cmTC_91a9a] Error 1
make[1]: Leaving directory '/media/chris/seagate1/chris/PurdueSchool/llvm_sarvavid/SarvLibrary/GraphConstruction/bcalm/build/CMakeFiles/CMakeTmp'
Makefile:126: recipe for target 'cmTC_91a9a/fast' failed
make: *** [cmTC_91a9a/fast] Error 2

Performing Other Test HAVE_STRUCT_TM_TM_ZONE failed with the following output:
Change Dir: /home/chris/Dropbox/chris/PurdueSchool/llvm_sarvavid/SarvLibrary/GraphConstruction/bcalm/build/CMakeFiles/CMakeTmp

Run Build Command:"/usr/bin/make" "cmTC_078c7/fast"
/usr/bin/make -f CMakeFiles/cmTC_078c7.dir/build.make CMakeFiles/cmTC_078c7.dir/build
make[1]: Entering directory '/media/chris/seagate1/chris/PurdueSchool/llvm_sarvavid/SarvLibrary/GraphConstruction/bcalm/build/CMakeFiles/CMakeTmp'
Building C object CMakeFiles/cmTC_078c7.dir/HDFTests.c.o
/usr/bin/gcc   -msse2 -msse4.2 -mpopcnt -DHAVE_STRUCT_TM_TM_ZONE  -DHAVE_SYS_TIME_H -DHAVE_UNISTD_H -DHAVE_SYS_TYPES_H -DHAVE_SYS_SOCKET_H -D_FILE_OFFSET_BITS=64 -D_LARGEFILE64_SOURCE -D_LARGEFILE_SOURCE   -o CMakeFiles/cmTC_078c7.dir/HDFTests.c.o   -c /home/chris/Dropbox/chris/PurdueSchool/llvm_sarvavid/SarvLibrary/GraphConstruction/bcalm/gatb-core/gatb-core/thirdparty/hdf5/config/cmake_ext_mod/HDFTests.c
Linking C executable cmTC_078c7
/usr/bin/cmake -E cmake_link_script CMakeFiles/cmTC_078c7.dir/link.txt --verbose=1
/usr/bin/gcc  -msse2 -msse4.2 -mpopcnt -DHAVE_STRUCT_TM_TM_ZONE  -DHAVE_SYS_TIME_H -DHAVE_UNISTD_H -DHAVE_SYS_TYPES_H -DHAVE_SYS_SOCKET_H -D_FILE_OFFSET_BITS=64 -D_LARGEFILE64_SOURCE -D_LARGEFILE_SOURCE    -rdynamic CMakeFiles/cmTC_078c7.dir/HDFTests.c.o  -o cmTC_078c7 -lm -ldl 
/usr/lib/gcc/x86_64-linux-gnu/6/../../../x86_64-linux-gnu/Scrt1.o: In function `_start':
(.text+0x20): undefined reference to `main'
collect2: error: ld returned 1 exit status
CMakeFiles/cmTC_078c7.dir/build.make:97: recipe for target 'cmTC_078c7' failed
make[1]: *** [cmTC_078c7] Error 1
make[1]: Leaving directory '/media/chris/seagate1/chris/PurdueSchool/llvm_sarvavid/SarvLibrary/GraphConstruction/bcalm/build/CMakeFiles/CMakeTmp'
Makefile:126: recipe for target 'cmTC_078c7/fast' failed
make: *** [cmTC_078c7/fast] Error 2

Performing Other Test HAVE_STRUCT_VIDEOCONFIG failed with the following output:
Change Dir: /home/chris/Dropbox/chris/PurdueSchool/llvm_sarvavid/SarvLibrary/GraphConstruction/bcalm/build/CMakeFiles/CMakeTmp

Run Build Command:"/usr/bin/make" "cmTC_7f0cb/fast"
/usr/bin/make -f CMakeFiles/cmTC_7f0cb.dir/build.make CMakeFiles/cmTC_7f0cb.dir/build
make[1]: Entering directory '/media/chris/seagate1/chris/PurdueSchool/llvm_sarvavid/SarvLibrary/GraphConstruction/bcalm/build/CMakeFiles/CMakeTmp'
Building C object CMakeFiles/cmTC_7f0cb.dir/HDFTests.c.o
/usr/bin/gcc   -msse2 -msse4.2 -mpopcnt -DHAVE_STRUCT_VIDEOCONFIG  -DHAVE_SYS_TIME_H -DHAVE_UNISTD_H -DHAVE_SYS_TYPES_H -DHAVE_SYS_SOCKET_H -D_FILE_OFFSET_BITS=64 -D_LARGEFILE64_SOURCE -D_LARGEFILE_SOURCE   -o CMakeFiles/cmTC_7f0cb.dir/HDFTests.c.o   -c /home/chris/Dropbox/chris/PurdueSchool/llvm_sarvavid/SarvLibrary/GraphConstruction/bcalm/gatb-core/gatb-core/thirdparty/hdf5/config/cmake_ext_mod/HDFTests.c
/home/chris/Dropbox/chris/PurdueSchool/llvm_sarvavid/SarvLibrary/GraphConstruction/bcalm/gatb-core/gatb-core/thirdparty/hdf5/config/cmake_ext_mod/HDFTests.c: In function ‘main’:
/home/chris/Dropbox/chris/PurdueSchool/llvm_sarvavid/SarvLibrary/GraphConstruction/bcalm/gatb-core/gatb-core/thirdparty/hdf5/config/cmake_ext_mod/HDFTests.c:447:32: error: storage size of ‘w’ isn’t known
 SIMPLE_TEST(struct videoconfig w; w.numtextcols=0);
                                ^
/home/chris/Dropbox/chris/PurdueSchool/llvm_sarvavid/SarvLibrary/GraphConstruction/bcalm/gatb-core/gatb-core/thirdparty/hdf5/config/cmake_ext_mod/HDFTests.c:1:36: note: in definition of macro ‘SIMPLE_TEST’
 #define SIMPLE_TEST(x) int main(){ x; return 0; }
                                    ^
CMakeFiles/cmTC_7f0cb.dir/build.make:65: recipe for target 'CMakeFiles/cmTC_7f0cb.dir/HDFTests.c.o' failed
make[1]: *** [CMakeFiles/cmTC_7f0cb.dir/HDFTests.c.o] Error 1
make[1]: Leaving directory '/media/chris/seagate1/chris/PurdueSchool/llvm_sarvavid/SarvLibrary/GraphConstruction/bcalm/build/CMakeFiles/CMakeTmp'
Makefile:126: recipe for target 'cmTC_7f0cb/fast' failed
make: *** [cmTC_7f0cb/fast] Error 2

Performing Other Test HAVE_STRUCT_TEXT_INFO failed with the following output:
Change Dir: /home/chris/Dropbox/chris/PurdueSchool/llvm_sarvavid/SarvLibrary/GraphConstruction/bcalm/build/CMakeFiles/CMakeTmp

Run Build Command:"/usr/bin/make" "cmTC_4b943/fast"
/usr/bin/make -f CMakeFiles/cmTC_4b943.dir/build.make CMakeFiles/cmTC_4b943.dir/build
make[1]: Entering directory '/media/chris/seagate1/chris/PurdueSchool/llvm_sarvavid/SarvLibrary/GraphConstruction/bcalm/build/CMakeFiles/CMakeTmp'
Building C object CMakeFiles/cmTC_4b943.dir/HDFTests.c.o
/usr/bin/gcc   -msse2 -msse4.2 -mpopcnt -DHAVE_STRUCT_TEXT_INFO  -DHAVE_SYS_TIME_H -DHAVE_UNISTD_H -DHAVE_SYS_TYPES_H -DHAVE_SYS_SOCKET_H -D_FILE_OFFSET_BITS=64 -D_LARGEFILE64_SOURCE -D_LARGEFILE_SOURCE   -o CMakeFiles/cmTC_4b943.dir/HDFTests.c.o   -c /home/chris/Dropbox/chris/PurdueSchool/llvm_sarvavid/SarvLibrary/GraphConstruction/bcalm/gatb-core/gatb-core/thirdparty/hdf5/config/cmake_ext_mod/HDFTests.c
/home/chris/Dropbox/chris/PurdueSchool/llvm_sarvavid/SarvLibrary/GraphConstruction/bcalm/gatb-core/gatb-core/thirdparty/hdf5/config/cmake_ext_mod/HDFTests.c: In function ‘main’:
/home/chris/Dropbox/chris/PurdueSchool/llvm_sarvavid/SarvLibrary/GraphConstruction/bcalm/gatb-core/gatb-core/thirdparty/hdf5/config/cmake_ext_mod/HDFTests.c:453:30: error: storage size of ‘w’ isn’t known
 SIMPLE_TEST(struct text_info w; w.screenwidth=0);
                              ^
/home/chris/Dropbox/chris/PurdueSchool/llvm_sarvavid/SarvLibrary/GraphConstruction/bcalm/gatb-core/gatb-core/thirdparty/hdf5/config/cmake_ext_mod/HDFTests.c:1:36: note: in definition of macro ‘SIMPLE_TEST’
 #define SIMPLE_TEST(x) int main(){ x; return 0; }
                                    ^
CMakeFiles/cmTC_4b943.dir/build.make:65: recipe for target 'CMakeFiles/cmTC_4b943.dir/HDFTests.c.o' failed
make[1]: *** [CMakeFiles/cmTC_4b943.dir/HDFTests.c.o] Error 1
make[1]: Leaving directory '/media/chris/seagate1/chris/PurdueSchool/llvm_sarvavid/SarvLibrary/GraphConstruction/bcalm/build/CMakeFiles/CMakeTmp'
Makefile:126: recipe for target 'cmTC_4b943/fast' failed
make: *** [cmTC_4b943/fast] Error 2

Determining if the function _getvideoconfig exists failed with the following output:
Change Dir: /home/chris/Dropbox/chris/PurdueSchool/llvm_sarvavid/SarvLibrary/GraphConstruction/bcalm/build/CMakeFiles/CMakeTmp

Run Build Command:"/usr/bin/make" "cmTC_517d0/fast"
/usr/bin/make -f CMakeFiles/cmTC_517d0.dir/build.make CMakeFiles/cmTC_517d0.dir/build
make[1]: Entering directory '/media/chris/seagate1/chris/PurdueSchool/llvm_sarvavid/SarvLibrary/GraphConstruction/bcalm/build/CMakeFiles/CMakeTmp'
Building C object CMakeFiles/cmTC_517d0.dir/CheckFunctionExists.c.o
/usr/bin/gcc -D_FILE_OFFSET_BITS=64 -D_LARGEFILE64_SOURCE -D_LARGEFILE_SOURCE  -msse2 -msse4.2 -mpopcnt -DCHECK_FUNCTION_EXISTS=_getvideoconfig   -o CMakeFiles/cmTC_517d0.dir/CheckFunctionExists.c.o   -c /usr/share/cmake-3.10/Modules/CheckFunctionExists.c
Linking C executable cmTC_517d0
/usr/bin/cmake -E cmake_link_script CMakeFiles/cmTC_517d0.dir/link.txt --verbose=1
/usr/bin/gcc  -msse2 -msse4.2 -mpopcnt -DCHECK_FUNCTION_EXISTS=_getvideoconfig    -rdynamic CMakeFiles/cmTC_517d0.dir/CheckFunctionExists.c.o  -o cmTC_517d0 -lm -ldl 
CMakeFiles/cmTC_517d0.dir/CheckFunctionExists.c.o: In function `main':
CheckFunctionExists.c:(.text+0x10): undefined reference to `_getvideoconfig'
collect2: error: ld returned 1 exit status
CMakeFiles/cmTC_517d0.dir/build.make:97: recipe for target 'cmTC_517d0' failed
make[1]: *** [cmTC_517d0] Error 1
make[1]: Leaving directory '/media/chris/seagate1/chris/PurdueSchool/llvm_sarvavid/SarvLibrary/GraphConstruction/bcalm/build/CMakeFiles/CMakeTmp'
Makefile:126: recipe for target 'cmTC_517d0/fast' failed
make: *** [cmTC_517d0/fast] Error 2


Determining if the function gettextinfo exists failed with the following output:
Change Dir: /home/chris/Dropbox/chris/PurdueSchool/llvm_sarvavid/SarvLibrary/GraphConstruction/bcalm/build/CMakeFiles/CMakeTmp

Run Build Command:"/usr/bin/make" "cmTC_918d8/fast"
/usr/bin/make -f CMakeFiles/cmTC_918d8.dir/build.make CMakeFiles/cmTC_918d8.dir/build
make[1]: Entering directory '/media/chris/seagate1/chris/PurdueSchool/llvm_sarvavid/SarvLibrary/GraphConstruction/bcalm/build/CMakeFiles/CMakeTmp'
Building C object CMakeFiles/cmTC_918d8.dir/CheckFunctionExists.c.o
/usr/bin/gcc -D_FILE_OFFSET_BITS=64 -D_LARGEFILE64_SOURCE -D_LARGEFILE_SOURCE  -msse2 -msse4.2 -mpopcnt -DCHECK_FUNCTION_EXISTS=gettextinfo   -o CMakeFiles/cmTC_918d8.dir/CheckFunctionExists.c.o   -c /usr/share/cmake-3.10/Modules/CheckFunctionExists.c
Linking C executable cmTC_918d8
/usr/bin/cmake -E cmake_link_script CMakeFiles/cmTC_918d8.dir/link.txt --verbose=1
/usr/bin/gcc  -msse2 -msse4.2 -mpopcnt -DCHECK_FUNCTION_EXISTS=gettextinfo    -rdynamic CMakeFiles/cmTC_918d8.dir/CheckFunctionExists.c.o  -o cmTC_918d8 -lm -ldl 
CMakeFiles/cmTC_918d8.dir/CheckFunctionExists.c.o: In function `main':
CheckFunctionExists.c:(.text+0x10): undefined reference to `gettextinfo'
collect2: error: ld returned 1 exit status
CMakeFiles/cmTC_918d8.dir/build.make:97: recipe for target 'cmTC_918d8' failed
make[1]: *** [cmTC_918d8] Error 1
make[1]: Leaving directory '/media/chris/seagate1/chris/PurdueSchool/llvm_sarvavid/SarvLibrary/GraphConstruction/bcalm/build/CMakeFiles/CMakeTmp'
Makefile:126: recipe for target 'cmTC_918d8/fast' failed
make: *** [cmTC_918d8/fast] Error 2


Determining if the function _scrsize exists failed with the following output:
Change Dir: /home/chris/Dropbox/chris/PurdueSchool/llvm_sarvavid/SarvLibrary/GraphConstruction/bcalm/build/CMakeFiles/CMakeTmp

Run Build Command:"/usr/bin/make" "cmTC_8d893/fast"
/usr/bin/make -f CMakeFiles/cmTC_8d893.dir/build.make CMakeFiles/cmTC_8d893.dir/build
make[1]: Entering directory '/media/chris/seagate1/chris/PurdueSchool/llvm_sarvavid/SarvLibrary/GraphConstruction/bcalm/build/CMakeFiles/CMakeTmp'
Building C object CMakeFiles/cmTC_8d893.dir/CheckFunctionExists.c.o
/usr/bin/gcc -D_FILE_OFFSET_BITS=64 -D_LARGEFILE64_SOURCE -D_LARGEFILE_SOURCE  -msse2 -msse4.2 -mpopcnt -DCHECK_FUNCTION_EXISTS=_scrsize   -o CMakeFiles/cmTC_8d893.dir/CheckFunctionExists.c.o   -c /usr/share/cmake-3.10/Modules/CheckFunctionExists.c
Linking C executable cmTC_8d893
/usr/bin/cmake -E cmake_link_script CMakeFiles/cmTC_8d893.dir/link.txt --verbose=1
/usr/bin/gcc  -msse2 -msse4.2 -mpopcnt -DCHECK_FUNCTION_EXISTS=_scrsize    -rdynamic CMakeFiles/cmTC_8d893.dir/CheckFunctionExists.c.o  -o cmTC_8d893 -lm -ldl 
CMakeFiles/cmTC_8d893.dir/CheckFunctionExists.c.o: In function `main':
CheckFunctionExists.c:(.text+0x10): undefined reference to `_scrsize'
collect2: error: ld returned 1 exit status
CMakeFiles/cmTC_8d893.dir/build.make:97: recipe for target 'cmTC_8d893' failed
make[1]: *** [cmTC_8d893] Error 1
make[1]: Leaving directory '/media/chris/seagate1/chris/PurdueSchool/llvm_sarvavid/SarvLibrary/GraphConstruction/bcalm/build/CMakeFiles/CMakeTmp'
Makefile:126: recipe for target 'cmTC_8d893/fast' failed
make: *** [cmTC_8d893/fast] Error 2


Determining if the function GetConsoleScreenBufferInfo exists failed with the following output:
Change Dir: /home/chris/Dropbox/chris/PurdueSchool/llvm_sarvavid/SarvLibrary/GraphConstruction/bcalm/build/CMakeFiles/CMakeTmp

Run Build Command:"/usr/bin/make" "cmTC_5bed1/fast"
/usr/bin/make -f CMakeFiles/cmTC_5bed1.dir/build.make CMakeFiles/cmTC_5bed1.dir/build
make[1]: Entering directory '/media/chris/seagate1/chris/PurdueSchool/llvm_sarvavid/SarvLibrary/GraphConstruction/bcalm/build/CMakeFiles/CMakeTmp'
Building C object CMakeFiles/cmTC_5bed1.dir/CheckFunctionExists.c.o
/usr/bin/gcc -D_FILE_OFFSET_BITS=64 -D_LARGEFILE64_SOURCE -D_LARGEFILE_SOURCE  -msse2 -msse4.2 -mpopcnt -DCHECK_FUNCTION_EXISTS=GetConsoleScreenBufferInfo   -o CMakeFiles/cmTC_5bed1.dir/CheckFunctionExists.c.o   -c /usr/share/cmake-3.10/Modules/CheckFunctionExists.c
Linking C executable cmTC_5bed1
/usr/bin/cmake -E cmake_link_script CMakeFiles/cmTC_5bed1.dir/link.txt --verbose=1
/usr/bin/gcc  -msse2 -msse4.2 -mpopcnt -DCHECK_FUNCTION_EXISTS=GetConsoleScreenBufferInfo    -rdynamic CMakeFiles/cmTC_5bed1.dir/CheckFunctionExists.c.o  -o cmTC_5bed1 -lm -ldl 
CMakeFiles/cmTC_5bed1.dir/CheckFunctionExists.c.o: In function `main':
CheckFunctionExists.c:(.text+0x10): undefined reference to `GetConsoleScreenBufferInfo'
collect2: error: ld returned 1 exit status
CMakeFiles/cmTC_5bed1.dir/build.make:97: recipe for target 'cmTC_5bed1' failed
make[1]: *** [cmTC_5bed1] Error 1
make[1]: Leaving directory '/media/chris/seagate1/chris/PurdueSchool/llvm_sarvavid/SarvLibrary/GraphConstruction/bcalm/build/CMakeFiles/CMakeTmp'
Makefile:126: recipe for target 'cmTC_5bed1/fast' failed
make: *** [cmTC_5bed1/fast] Error 2


Determining if the function setsysinfo exists failed with the following output:
Change Dir: /home/chris/Dropbox/chris/PurdueSchool/llvm_sarvavid/SarvLibrary/GraphConstruction/bcalm/build/CMakeFiles/CMakeTmp

Run Build Command:"/usr/bin/make" "cmTC_4b413/fast"
/usr/bin/make -f CMakeFiles/cmTC_4b413.dir/build.make CMakeFiles/cmTC_4b413.dir/build
make[1]: Entering directory '/media/chris/seagate1/chris/PurdueSchool/llvm_sarvavid/SarvLibrary/GraphConstruction/bcalm/build/CMakeFiles/CMakeTmp'
Building C object CMakeFiles/cmTC_4b413.dir/CheckFunctionExists.c.o
/usr/bin/gcc -D_FILE_OFFSET_BITS=64 -D_LARGEFILE64_SOURCE -D_LARGEFILE_SOURCE  -msse2 -msse4.2 -mpopcnt -DCHECK_FUNCTION_EXISTS=setsysinfo   -o CMakeFiles/cmTC_4b413.dir/CheckFunctionExists.c.o   -c /usr/share/cmake-3.10/Modules/CheckFunctionExists.c
Linking C executable cmTC_4b413
/usr/bin/cmake -E cmake_link_script CMakeFiles/cmTC_4b413.dir/link.txt --verbose=1
/usr/bin/gcc  -msse2 -msse4.2 -mpopcnt -DCHECK_FUNCTION_EXISTS=setsysinfo    -rdynamic CMakeFiles/cmTC_4b413.dir/CheckFunctionExists.c.o  -o cmTC_4b413 -lm -ldl 
CMakeFiles/cmTC_4b413.dir/CheckFunctionExists.c.o: In function `main':
CheckFunctionExists.c:(.text+0x10): undefined reference to `setsysinfo'
collect2: error: ld returned 1 exit status
CMakeFiles/cmTC_4b413.dir/build.make:97: recipe for target 'cmTC_4b413' failed
make[1]: *** [cmTC_4b413] Error 1
make[1]: Leaving directory '/media/chris/seagate1/chris/PurdueSchool/llvm_sarvavid/SarvLibrary/GraphConstruction/bcalm/build/CMakeFiles/CMakeTmp'
Makefile:126: recipe for target 'cmTC_4b413/fast' failed
make: *** [cmTC_4b413/fast] Error 2


Determining if the function sigsetjmp exists failed with the following output:
Change Dir: /home/chris/Dropbox/chris/PurdueSchool/llvm_sarvavid/SarvLibrary/GraphConstruction/bcalm/build/CMakeFiles/CMakeTmp

Run Build Command:"/usr/bin/make" "cmTC_66b96/fast"
/usr/bin/make -f CMakeFiles/cmTC_66b96.dir/build.make CMakeFiles/cmTC_66b96.dir/build
make[1]: Entering directory '/media/chris/seagate1/chris/PurdueSchool/llvm_sarvavid/SarvLibrary/GraphConstruction/bcalm/build/CMakeFiles/CMakeTmp'
Building C object CMakeFiles/cmTC_66b96.dir/CheckFunctionExists.c.o
/usr/bin/gcc -D_FILE_OFFSET_BITS=64 -D_LARGEFILE64_SOURCE -D_LARGEFILE_SOURCE  -msse2 -msse4.2 -mpopcnt -DCHECK_FUNCTION_EXISTS=sigsetjmp   -o CMakeFiles/cmTC_66b96.dir/CheckFunctionExists.c.o   -c /usr/share/cmake-3.10/Modules/CheckFunctionExists.c
Linking C executable cmTC_66b96
/usr/bin/cmake -E cmake_link_script CMakeFiles/cmTC_66b96.dir/link.txt --verbose=1
/usr/bin/gcc  -msse2 -msse4.2 -mpopcnt -DCHECK_FUNCTION_EXISTS=sigsetjmp    -rdynamic CMakeFiles/cmTC_66b96.dir/CheckFunctionExists.c.o  -o cmTC_66b96 -lm -ldl 
CMakeFiles/cmTC_66b96.dir/CheckFunctionExists.c.o: In function `main':
CheckFunctionExists.c:(.text+0x10): undefined reference to `sigsetjmp'
collect2: error: ld returned 1 exit status
CMakeFiles/cmTC_66b96.dir/build.make:97: recipe for target 'cmTC_66b96' failed
make[1]: *** [cmTC_66b96] Error 1
make[1]: Leaving directory '/media/chris/seagate1/chris/PurdueSchool/llvm_sarvavid/SarvLibrary/GraphConstruction/bcalm/build/CMakeFiles/CMakeTmp'
Makefile:126: recipe for target 'cmTC_66b96/fast' failed
make: *** [cmTC_66b96/fast] Error 2


Performing CXX Test OLD_HEADER_FILENAME failed with the following output:
Change Dir: /home/chris/Dropbox/chris/PurdueSchool/llvm_sarvavid/SarvLibrary/GraphConstruction/bcalm/build/CMakeFiles/CMakeTmp

Run Build Command:"/usr/bin/make" "cmTC_5541c/fast"
/usr/bin/make -f CMakeFiles/cmTC_5541c.dir/build.make CMakeFiles/cmTC_5541c.dir/build
make[1]: Entering directory '/media/chris/seagate1/chris/PurdueSchool/llvm_sarvavid/SarvLibrary/GraphConstruction/bcalm/build/CMakeFiles/CMakeTmp'
Building CXX object CMakeFiles/cmTC_5541c.dir/HDFCXXTests.cpp.o
/usr/bin/g++    -msse2 -msse4.2 -mpopcnt -DOLD_HEADER_FILENAME  -DHAVE_SYS_TIME_H -DHAVE_UNISTD_H -DHAVE_SYS_TYPES_H -DHAVE_SYS_SOCKET_H -D_FILE_OFFSET_BITS=64 -D_LARGEFILE64_SOURCE -D_LARGEFILE_SOURCE   -o CMakeFiles/cmTC_5541c.dir/HDFCXXTests.cpp.o -c /home/chris/Dropbox/chris/PurdueSchool/llvm_sarvavid/SarvLibrary/GraphConstruction/bcalm/gatb-core/gatb-core/thirdparty/hdf5/config/cmake_ext_mod/HDFCXXTests.cpp
Linking CXX executable cmTC_5541c
/usr/bin/cmake -E cmake_link_script CMakeFiles/cmTC_5541c.dir/link.txt --verbose=1
/usr/bin/g++   -msse2 -msse4.2 -mpopcnt -DOLD_HEADER_FILENAME  -DHAVE_SYS_TIME_H -DHAVE_UNISTD_H -DHAVE_SYS_TYPES_H -DHAVE_SYS_SOCKET_H -D_FILE_OFFSET_BITS=64 -D_LARGEFILE64_SOURCE -D_LARGEFILE_SOURCE    -rdynamic CMakeFiles/cmTC_5541c.dir/HDFCXXTests.cpp.o  -o cmTC_5541c -lm -ldl 
make[1]: Leaving directory '/media/chris/seagate1/chris/PurdueSchool/llvm_sarvavid/SarvLibrary/GraphConstruction/bcalm/build/CMakeFiles/CMakeTmp'

Performing CXX Test H5_NO_NAMESPACE failed with the following output:
Change Dir: /home/chris/Dropbox/chris/PurdueSchool/llvm_sarvavid/SarvLibrary/GraphConstruction/bcalm/build/CMakeFiles/CMakeTmp

Run Build Command:"/usr/bin/make" "cmTC_d57fd/fast"
/usr/bin/make -f CMakeFiles/cmTC_d57fd.dir/build.make CMakeFiles/cmTC_d57fd.dir/build
make[1]: Entering directory '/media/chris/seagate1/chris/PurdueSchool/llvm_sarvavid/SarvLibrary/GraphConstruction/bcalm/build/CMakeFiles/CMakeTmp'
Building CXX object CMakeFiles/cmTC_d57fd.dir/HDFCXXTests.cpp.o
/usr/bin/g++    -msse2 -msse4.2 -mpopcnt -DH5_NO_NAMESPACE  -DHAVE_SYS_TIME_H -DHAVE_UNISTD_H -DHAVE_SYS_TYPES_H -DHAVE_SYS_SOCKET_H -D_FILE_OFFSET_BITS=64 -D_LARGEFILE64_SOURCE -D_LARGEFILE_SOURCE   -o CMakeFiles/cmTC_d57fd.dir/HDFCXXTests.cpp.o -c /home/chris/Dropbox/chris/PurdueSchool/llvm_sarvavid/SarvLibrary/GraphConstruction/bcalm/gatb-core/gatb-core/thirdparty/hdf5/config/cmake_ext_mod/HDFCXXTests.cpp
Linking CXX executable cmTC_d57fd
/usr/bin/cmake -E cmake_link_script CMakeFiles/cmTC_d57fd.dir/link.txt --verbose=1
/usr/bin/g++   -msse2 -msse4.2 -mpopcnt -DH5_NO_NAMESPACE  -DHAVE_SYS_TIME_H -DHAVE_UNISTD_H -DHAVE_SYS_TYPES_H -DHAVE_SYS_SOCKET_H -D_FILE_OFFSET_BITS=64 -D_LARGEFILE64_SOURCE -D_LARGEFILE_SOURCE    -rdynamic CMakeFiles/cmTC_d57fd.dir/HDFCXXTests.cpp.o  -o cmTC_d57fd -lm -ldl 
/usr/lib/gcc/x86_64-linux-gnu/6/../../../x86_64-linux-gnu/Scrt1.o: In function `_start':
(.text+0x20): undefined reference to `main'
collect2: error: ld returned 1 exit status
CMakeFiles/cmTC_d57fd.dir/build.make:97: recipe for target 'cmTC_d57fd' failed
make[1]: *** [cmTC_d57fd] Error 1
make[1]: Leaving directory '/media/chris/seagate1/chris/PurdueSchool/llvm_sarvavid/SarvLibrary/GraphConstruction/bcalm/build/CMakeFiles/CMakeTmp'
Makefile:126: recipe for target 'cmTC_d57fd/fast' failed
make: *** [cmTC_d57fd/fast] Error 2

Performing CXX Test H5_NO_STD failed with the following output:
Change Dir: /home/chris/Dropbox/chris/PurdueSchool/llvm_sarvavid/SarvLibrary/GraphConstruction/bcalm/build/CMakeFiles/CMakeTmp

Run Build Command:"/usr/bin/make" "cmTC_0e5ba/fast"
/usr/bin/make -f CMakeFiles/cmTC_0e5ba.dir/build.make CMakeFiles/cmTC_0e5ba.dir/build
make[1]: Entering directory '/media/chris/seagate1/chris/PurdueSchool/llvm_sarvavid/SarvLibrary/GraphConstruction/bcalm/build/CMakeFiles/CMakeTmp'
Building CXX object CMakeFiles/cmTC_0e5ba.dir/HDFCXXTests.cpp.o
/usr/bin/g++    -msse2 -msse4.2 -mpopcnt -DH5_NO_STD  -DHAVE_SYS_TIME_H -DHAVE_UNISTD_H -DHAVE_SYS_TYPES_H -DHAVE_SYS_SOCKET_H -D_FILE_OFFSET_BITS=64 -D_LARGEFILE64_SOURCE -D_LARGEFILE_SOURCE   -o CMakeFiles/cmTC_0e5ba.dir/HDFCXXTests.cpp.o -c /home/chris/Dropbox/chris/PurdueSchool/llvm_sarvavid/SarvLibrary/GraphConstruction/bcalm/gatb-core/gatb-core/thirdparty/hdf5/config/cmake_ext_mod/HDFCXXTests.cpp
Linking CXX executable cmTC_0e5ba
/usr/bin/cmake -E cmake_link_script CMakeFiles/cmTC_0e5ba.dir/link.txt --verbose=1
/usr/bin/g++   -msse2 -msse4.2 -mpopcnt -DH5_NO_STD  -DHAVE_SYS_TIME_H -DHAVE_UNISTD_H -DHAVE_SYS_TYPES_H -DHAVE_SYS_SOCKET_H -D_FILE_OFFSET_BITS=64 -D_LARGEFILE64_SOURCE -D_LARGEFILE_SOURCE    -rdynamic CMakeFiles/cmTC_0e5ba.dir/HDFCXXTests.cpp.o  -o cmTC_0e5ba -lm -ldl 
/usr/lib/gcc/x86_64-linux-gnu/6/../../../x86_64-linux-gnu/Scrt1.o: In function `_start':
(.text+0x20): undefined reference to `main'
collect2: error: ld returned 1 exit status
CMakeFiles/cmTC_0e5ba.dir/build.make:97: recipe for target 'cmTC_0e5ba' failed
make[1]: *** [cmTC_0e5ba] Error 1
make[1]: Leaving directory '/media/chris/seagate1/chris/PurdueSchool/llvm_sarvavid/SarvLibrary/GraphConstruction/bcalm/build/CMakeFiles/CMakeTmp'
Makefile:126: recipe for target 'cmTC_0e5ba/fast' failed
make: *** [cmTC_0e5ba/fast] Error 2

Performing CXX Test BOOL_NOTDEFINED failed with the following output:
Change Dir: /home/chris/Dropbox/chris/PurdueSchool/llvm_sarvavid/SarvLibrary/GraphConstruction/bcalm/build/CMakeFiles/CMakeTmp

Run Build Command:"/usr/bin/make" "cmTC_19cd5/fast"
/usr/bin/make -f CMakeFiles/cmTC_19cd5.dir/build.make CMakeFiles/cmTC_19cd5.dir/build
make[1]: Entering directory '/media/chris/seagate1/chris/PurdueSchool/llvm_sarvavid/SarvLibrary/GraphConstruction/bcalm/build/CMakeFiles/CMakeTmp'
Building CXX object CMakeFiles/cmTC_19cd5.dir/HDFCXXTests.cpp.o
/usr/bin/g++    -msse2 -msse4.2 -mpopcnt -DBOOL_NOTDEFINED  -DHAVE_SYS_TIME_H -DHAVE_UNISTD_H -DHAVE_SYS_TYPES_H -DHAVE_SYS_SOCKET_H -D_FILE_OFFSET_BITS=64 -D_LARGEFILE64_SOURCE -D_LARGEFILE_SOURCE   -o CMakeFiles/cmTC_19cd5.dir/HDFCXXTests.cpp.o -c /home/chris/Dropbox/chris/PurdueSchool/llvm_sarvavid/SarvLibrary/GraphConstruction/bcalm/gatb-core/gatb-core/thirdparty/hdf5/config/cmake_ext_mod/HDFCXXTests.cpp
Linking CXX executable cmTC_19cd5
/usr/bin/cmake -E cmake_link_script CMakeFiles/cmTC_19cd5.dir/link.txt --verbose=1
/usr/bin/g++   -msse2 -msse4.2 -mpopcnt -DBOOL_NOTDEFINED  -DHAVE_SYS_TIME_H -DHAVE_UNISTD_H -DHAVE_SYS_TYPES_H -DHAVE_SYS_SOCKET_H -D_FILE_OFFSET_BITS=64 -D_LARGEFILE64_SOURCE -D_LARGEFILE_SOURCE    -rdynamic CMakeFiles/cmTC_19cd5.dir/HDFCXXTests.cpp.o  -o cmTC_19cd5 -lm -ldl 
make[1]: Leaving directory '/media/chris/seagate1/chris/PurdueSchool/llvm_sarvavid/SarvLibrary/GraphConstruction/bcalm/build/CMakeFiles/CMakeTmp'

Performing CXX Test NO_STATIC_CAST failed with the following output:
Change Dir: /home/chris/Dropbox/chris/PurdueSchool/llvm_sarvavid/SarvLibrary/GraphConstruction/bcalm/build/CMakeFiles/CMakeTmp

Run Build Command:"/usr/bin/make" "cmTC_14d78/fast"
/usr/bin/make -f CMakeFiles/cmTC_14d78.dir/build.make CMakeFiles/cmTC_14d78.dir/build
make[1]: Entering directory '/media/chris/seagate1/chris/PurdueSchool/llvm_sarvavid/SarvLibrary/GraphConstruction/bcalm/build/CMakeFiles/CMakeTmp'
Building CXX object CMakeFiles/cmTC_14d78.dir/HDFCXXTests.cpp.o
/usr/bin/g++    -msse2 -msse4.2 -mpopcnt -DNO_STATIC_CAST  -DHAVE_SYS_TIME_H -DHAVE_UNISTD_H -DHAVE_SYS_TYPES_H -DHAVE_SYS_SOCKET_H -D_FILE_OFFSET_BITS=64 -D_LARGEFILE64_SOURCE -D_LARGEFILE_SOURCE   -o CMakeFiles/cmTC_14d78.dir/HDFCXXTests.cpp.o -c /home/chris/Dropbox/chris/PurdueSchool/llvm_sarvavid/SarvLibrary/GraphConstruction/bcalm/gatb-core/gatb-core/thirdparty/hdf5/config/cmake_ext_mod/HDFCXXTests.cpp
Linking CXX executable cmTC_14d78
/usr/bin/cmake -E cmake_link_script CMakeFiles/cmTC_14d78.dir/link.txt --verbose=1
/usr/bin/g++   -msse2 -msse4.2 -mpopcnt -DNO_STATIC_CAST  -DHAVE_SYS_TIME_H -DHAVE_UNISTD_H -DHAVE_SYS_TYPES_H -DHAVE_SYS_SOCKET_H -D_FILE_OFFSET_BITS=64 -D_LARGEFILE64_SOURCE -D_LARGEFILE_SOURCE    -rdynamic CMakeFiles/cmTC_14d78.dir/HDFCXXTests.cpp.o  -o cmTC_14d78 -lm -ldl 
make[1]: Leaving directory '/media/chris/seagate1/chris/PurdueSchool/llvm_sarvavid/SarvLibrary/GraphConstruction/bcalm/build/CMakeFiles/CMakeTmp'

Determining if the function clock_gettime exists in the posix4 failed with the following output:
Change Dir: /home/chris/Dropbox/chris/PurdueSchool/llvm_sarvavid/SarvLibrary/GraphConstruction/bcalm/build/CMakeFiles/CMakeTmp

Run Build Command:"/usr/bin/make" "cmTC_b9485/fast"
/usr/bin/make -f CMakeFiles/cmTC_b9485.dir/build.make CMakeFiles/cmTC_b9485.dir/build
make[1]: Entering directory '/media/chris/seagate1/chris/PurdueSchool/llvm_sarvavid/SarvLibrary/GraphConstruction/bcalm/build/CMakeFiles/CMakeTmp'
Building C object CMakeFiles/cmTC_b9485.dir/CheckFunctionExists.c.o
/usr/bin/gcc -D_FILE_OFFSET_BITS=64 -D_LARGEFILE64_SOURCE -D_LARGEFILE_SOURCE  -msse2 -msse4.2 -mpopcnt -DCHECK_FUNCTION_EXISTS=clock_gettime   -o CMakeFiles/cmTC_b9485.dir/CheckFunctionExists.c.o   -c /usr/share/cmake-3.10/Modules/CheckFunctionExists.c
Linking C executable cmTC_b9485
/usr/bin/cmake -E cmake_link_script CMakeFiles/cmTC_b9485.dir/link.txt --verbose=1
/usr/bin/gcc  -msse2 -msse4.2 -mpopcnt -DCHECK_FUNCTION_EXISTS=clock_gettime    -rdynamic CMakeFiles/cmTC_b9485.dir/CheckFunctionExists.c.o  -o cmTC_b9485 -lposix4 -lm -ldl 
/usr/bin/x86_64-linux-gnu-ld: cannot find -lposix4
collect2: error: ld returned 1 exit status
CMakeFiles/cmTC_b9485.dir/build.make:97: recipe for target 'cmTC_b9485' failed
make[1]: *** [cmTC_b9485] Error 1
make[1]: Leaving directory '/media/chris/seagate1/chris/PurdueSchool/llvm_sarvavid/SarvLibrary/GraphConstruction/bcalm/build/CMakeFiles/CMakeTmp'
Makefile:126: recipe for target 'cmTC_b9485/fast' failed
make: *** [cmTC_b9485/fast] Error 2


Test H5_LDOUBLE_TO_LONG_SPECIAL Run failed with the following output and exit code:
 Change Dir: /home/chris/Dropbox/chris/PurdueSchool/llvm_sarvavid/SarvLibrary/GraphConstruction/bcalm/build/CMakeFiles/CMakeTmp

Run Build Command:"/usr/bin/make" "cmTC_efc8a/fast"
/usr/bin/make -f CMakeFiles/cmTC_efc8a.dir/build.make CMakeFiles/cmTC_efc8a.dir/build
make[1]: Entering directory '/media/chris/seagate1/chris/PurdueSchool/llvm_sarvavid/SarvLibrary/GraphConstruction/bcalm/build/CMakeFiles/CMakeTmp'
Building C object CMakeFiles/cmTC_efc8a.dir/ConversionTests.c.o
/usr/bin/gcc   -msse2 -msse4.2 -mpopcnt -DH5_LDOUBLE_TO_LONG_SPECIAL_TEST   -o CMakeFiles/cmTC_efc8a.dir/ConversionTests.c.o   -c /home/chris/Dropbox/chris/PurdueSchool/llvm_sarvavid/SarvLibrary/GraphConstruction/bcalm/gatb-core/gatb-core/thirdparty/hdf5/config/cmake/ConversionTests.c
Linking C executable cmTC_efc8a
/usr/bin/cmake -E cmake_link_script CMakeFiles/cmTC_efc8a.dir/link.txt --verbose=1
/usr/bin/gcc  -msse2 -msse4.2 -mpopcnt -DH5_LDOUBLE_TO_LONG_SPECIAL_TEST    -rdynamic CMakeFiles/cmTC_efc8a.dir/ConversionTests.c.o  -o cmTC_efc8a 
make[1]: Leaving directory '/media/chris/seagate1/chris/PurdueSchool/llvm_sarvavid/SarvLibrary/GraphConstruction/bcalm/build/CMakeFiles/CMakeTmp'

Test H5_LONG_TO_LDOUBLE_SPECIAL Run failed with the following output and exit code:
 Change Dir: /home/chris/Dropbox/chris/PurdueSchool/llvm_sarvavid/SarvLibrary/GraphConstruction/bcalm/build/CMakeFiles/CMakeTmp

Run Build Command:"/usr/bin/make" "cmTC_a56d1/fast"
/usr/bin/make -f CMakeFiles/cmTC_a56d1.dir/build.make CMakeFiles/cmTC_a56d1.dir/build
make[1]: Entering directory '/media/chris/seagate1/chris/PurdueSchool/llvm_sarvavid/SarvLibrary/GraphConstruction/bcalm/build/CMakeFiles/CMakeTmp'
Building C object CMakeFiles/cmTC_a56d1.dir/ConversionTests.c.o
/usr/bin/gcc   -msse2 -msse4.2 -mpopcnt -DH5_LONG_TO_LDOUBLE_SPECIAL_TEST   -o CMakeFiles/cmTC_a56d1.dir/ConversionTests.c.o   -c /home/chris/Dropbox/chris/PurdueSchool/llvm_sarvavid/SarvLibrary/GraphConstruction/bcalm/gatb-core/gatb-core/thirdparty/hdf5/config/cmake/ConversionTests.c
Linking C executable cmTC_a56d1
/usr/bin/cmake -E cmake_link_script CMakeFiles/cmTC_a56d1.dir/link.txt --verbose=1
/usr/bin/gcc  -msse2 -msse4.2 -mpopcnt -DH5_LONG_TO_LDOUBLE_SPECIAL_TEST    -rdynamic CMakeFiles/cmTC_a56d1.dir/ConversionTests.c.o  -o cmTC_a56d1 
make[1]: Leaving directory '/media/chris/seagate1/chris/PurdueSchool/llvm_sarvavid/SarvLibrary/GraphConstruction/bcalm/build/CMakeFiles/CMakeTmp'

