Determining size of __uint128 failed with the following output:
Change Dir: /home/chris/Dropbox/chris/PurdueSchool/llvm_sarvavid/SarvLibrary/ErrorCorrection/bloocoo/build/CMakeFiles/CMakeTmp

Run Build Command:"/usr/bin/make" "cmTC_55771/fast"
/usr/bin/make -f CMakeFiles/cmTC_55771.dir/build.make CMakeFiles/cmTC_55771.dir/build
make[1]: Entering directory '/media/chris/seagate1/chris/PurdueSchool/llvm_sarvavid/SarvLibrary/ErrorCorrection/bloocoo/build/CMakeFiles/CMakeTmp'
Building C object CMakeFiles/cmTC_55771.dir/int128_t_USE__uint128.c.o
/usr/bin/gcc    -o CMakeFiles/cmTC_55771.dir/int128_t_USE__uint128.c.o   -c /home/chris/Dropbox/chris/PurdueSchool/llvm_sarvavid/SarvLibrary/ErrorCorrection/bloocoo/build/CMakeFiles/CheckTypeSize/int128_t_USE__uint128.c
/home/chris/Dropbox/chris/PurdueSchool/llvm_sarvavid/SarvLibrary/ErrorCorrection/bloocoo/build/CMakeFiles/CheckTypeSize/int128_t_USE__uint128.c:23:22: error: ‘__uint128’ undeclared here (not in a function)
 #define SIZE (sizeof(__uint128))
                      ^
/home/chris/Dropbox/chris/PurdueSchool/llvm_sarvavid/SarvLibrary/ErrorCorrection/bloocoo/build/CMakeFiles/CheckTypeSize/int128_t_USE__uint128.c:25:12: note: in expansion of macro ‘SIZE’
   ('0' + ((SIZE / 10000)%10)),
            ^~~~
CMakeFiles/cmTC_55771.dir/build.make:65: recipe for target 'CMakeFiles/cmTC_55771.dir/int128_t_USE__uint128.c.o' failed
make[1]: *** [CMakeFiles/cmTC_55771.dir/int128_t_USE__uint128.c.o] Error 1
make[1]: Leaving directory '/media/chris/seagate1/chris/PurdueSchool/llvm_sarvavid/SarvLibrary/ErrorCorrection/bloocoo/build/CMakeFiles/CMakeTmp'
Makefile:126: recipe for target 'cmTC_55771/fast' failed
make: *** [cmTC_55771/fast] Error 2

/home/chris/Dropbox/chris/PurdueSchool/llvm_sarvavid/SarvLibrary/ErrorCorrection/bloocoo/build/CMakeFiles/CheckTypeSize/int128_t_USE__uint128.c:
#include <sys/types.h>
#include <stdint.h>
#include <stddef.h>


#undef KEY
#if defined(__i386)
# define KEY '_','_','i','3','8','6'
#elif defined(__x86_64)
# define KEY '_','_','x','8','6','_','6','4'
#elif defined(__ppc__)
# define KEY '_','_','p','p','c','_','_'
#elif defined(__ppc64__)
# define KEY '_','_','p','p','c','6','4','_','_'
#elif defined(__aarch64__)
# define KEY '_','_','a','a','r','c','h','6','4','_','_'
#elif defined(__ARM_ARCH_7A__)
# define KEY '_','_','A','R','M','_','A','R','C','H','_','7','A','_','_'
#elif defined(__ARM_ARCH_7S__)
# define KEY '_','_','A','R','M','_','A','R','C','H','_','7','S','_','_'
#endif

#define SIZE (sizeof(__uint128))
char info_size[] =  {'I', 'N', 'F', 'O', ':', 's','i','z','e','[',
  ('0' + ((SIZE / 10000)%10)),
  ('0' + ((SIZE / 1000)%10)),
  ('0' + ((SIZE / 100)%10)),
  ('0' + ((SIZE / 10)%10)),
  ('0' +  (SIZE    % 10)),
  ']',
#ifdef KEY
  ' ','k','e','y','[', KEY, ']',
#endif
  '\0'};

#ifdef __CLASSIC_C__
int main(argc, argv) int argc; char *argv[];
#else
int main(int argc, char *argv[])
#endif
{
  int require = 0;
  require += info_size[argc];
  (void)argv;
  return require;
}


Determining if the function WSAStartup exists in the ws2_32;m;dl failed with the following output:
Change Dir: /home/chris/Dropbox/chris/PurdueSchool/llvm_sarvavid/SarvLibrary/ErrorCorrection/bloocoo/build/CMakeFiles/CMakeTmp

Run Build Command:"/usr/bin/make" "cmTC_a81a7/fast"
/usr/bin/make -f CMakeFiles/cmTC_a81a7.dir/build.make CMakeFiles/cmTC_a81a7.dir/build
make[1]: Entering directory '/media/chris/seagate1/chris/PurdueSchool/llvm_sarvavid/SarvLibrary/ErrorCorrection/bloocoo/build/CMakeFiles/CMakeTmp'
Building C object CMakeFiles/cmTC_a81a7.dir/CheckFunctionExists.c.o
/usr/bin/gcc   -msse2 -msse4.2 -mpopcnt -DCHECK_FUNCTION_EXISTS=WSAStartup   -o CMakeFiles/cmTC_a81a7.dir/CheckFunctionExists.c.o   -c /usr/share/cmake-3.10/Modules/CheckFunctionExists.c
Linking C executable cmTC_a81a7
/usr/bin/cmake -E cmake_link_script CMakeFiles/cmTC_a81a7.dir/link.txt --verbose=1
/usr/bin/gcc  -msse2 -msse4.2 -mpopcnt -DCHECK_FUNCTION_EXISTS=WSAStartup    -rdynamic CMakeFiles/cmTC_a81a7.dir/CheckFunctionExists.c.o  -o cmTC_a81a7 -lws2_32 -lm -ldl 
/usr/bin/x86_64-linux-gnu-ld: cannot find -lws2_32
collect2: error: ld returned 1 exit status
CMakeFiles/cmTC_a81a7.dir/build.make:97: recipe for target 'cmTC_a81a7' failed
make[1]: *** [cmTC_a81a7] Error 1
make[1]: Leaving directory '/media/chris/seagate1/chris/PurdueSchool/llvm_sarvavid/SarvLibrary/ErrorCorrection/bloocoo/build/CMakeFiles/CMakeTmp'
Makefile:126: recipe for target 'cmTC_a81a7/fast' failed
make: *** [cmTC_a81a7/fast] Error 2


Determining if the function gethostbyname exists in the wsock32;m;dl failed with the following output:
Change Dir: /home/chris/Dropbox/chris/PurdueSchool/llvm_sarvavid/SarvLibrary/ErrorCorrection/bloocoo/build/CMakeFiles/CMakeTmp

Run Build Command:"/usr/bin/make" "cmTC_b74ca/fast"
/usr/bin/make -f CMakeFiles/cmTC_b74ca.dir/build.make CMakeFiles/cmTC_b74ca.dir/build
make[1]: Entering directory '/media/chris/seagate1/chris/PurdueSchool/llvm_sarvavid/SarvLibrary/ErrorCorrection/bloocoo/build/CMakeFiles/CMakeTmp'
Building C object CMakeFiles/cmTC_b74ca.dir/CheckFunctionExists.c.o
/usr/bin/gcc   -msse2 -msse4.2 -mpopcnt -DCHECK_FUNCTION_EXISTS=gethostbyname   -o CMakeFiles/cmTC_b74ca.dir/CheckFunctionExists.c.o   -c /usr/share/cmake-3.10/Modules/CheckFunctionExists.c
Linking C executable cmTC_b74ca
/usr/bin/cmake -E cmake_link_script CMakeFiles/cmTC_b74ca.dir/link.txt --verbose=1
/usr/bin/gcc  -msse2 -msse4.2 -mpopcnt -DCHECK_FUNCTION_EXISTS=gethostbyname    -rdynamic CMakeFiles/cmTC_b74ca.dir/CheckFunctionExists.c.o  -o cmTC_b74ca -lwsock32 -lm -ldl 
/usr/bin/x86_64-linux-gnu-ld: cannot find -lwsock32
collect2: error: ld returned 1 exit status
CMakeFiles/cmTC_b74ca.dir/build.make:97: recipe for target 'cmTC_b74ca' failed
make[1]: *** [cmTC_b74ca] Error 1
make[1]: Leaving directory '/media/chris/seagate1/chris/PurdueSchool/llvm_sarvavid/SarvLibrary/ErrorCorrection/bloocoo/build/CMakeFiles/CMakeTmp'
Makefile:126: recipe for target 'cmTC_b74ca/fast' failed
make: *** [cmTC_b74ca/fast] Error 2


Determining if the function gethostname exists in the ucb;m;dl failed with the following output:
Change Dir: /home/chris/Dropbox/chris/PurdueSchool/llvm_sarvavid/SarvLibrary/ErrorCorrection/bloocoo/build/CMakeFiles/CMakeTmp

Run Build Command:"/usr/bin/make" "cmTC_3c739/fast"
/usr/bin/make -f CMakeFiles/cmTC_3c739.dir/build.make CMakeFiles/cmTC_3c739.dir/build
make[1]: Entering directory '/media/chris/seagate1/chris/PurdueSchool/llvm_sarvavid/SarvLibrary/ErrorCorrection/bloocoo/build/CMakeFiles/CMakeTmp'
Building C object CMakeFiles/cmTC_3c739.dir/CheckFunctionExists.c.o
/usr/bin/gcc   -msse2 -msse4.2 -mpopcnt -DCHECK_FUNCTION_EXISTS=gethostname   -o CMakeFiles/cmTC_3c739.dir/CheckFunctionExists.c.o   -c /usr/share/cmake-3.10/Modules/CheckFunctionExists.c
Linking C executable cmTC_3c739
/usr/bin/cmake -E cmake_link_script CMakeFiles/cmTC_3c739.dir/link.txt --verbose=1
/usr/bin/gcc  -msse2 -msse4.2 -mpopcnt -DCHECK_FUNCTION_EXISTS=gethostname    -rdynamic CMakeFiles/cmTC_3c739.dir/CheckFunctionExists.c.o  -o cmTC_3c739 -lucb -lm -ldl 
/usr/bin/x86_64-linux-gnu-ld: cannot find -lucb
collect2: error: ld returned 1 exit status
CMakeFiles/cmTC_3c739.dir/build.make:97: recipe for target 'cmTC_3c739' failed
make[1]: *** [cmTC_3c739] Error 1
make[1]: Leaving directory '/media/chris/seagate1/chris/PurdueSchool/llvm_sarvavid/SarvLibrary/ErrorCorrection/bloocoo/build/CMakeFiles/CMakeTmp'
Makefile:126: recipe for target 'cmTC_3c739/fast' failed
make: *** [cmTC_3c739/fast] Error 2


Determining if files sys/resource.h;sys/time.h;unistd.h;sys/ioctl.h;sys/stat.h;sys/socket.h;sys/types.h;stddef.h;setjmp.h;features.h;dirent.h;stdint.h;mach/mach_time.h exist failed with the following output:
Change Dir: /home/chris/Dropbox/chris/PurdueSchool/llvm_sarvavid/SarvLibrary/ErrorCorrection/bloocoo/build/CMakeFiles/CMakeTmp

Run Build Command:"/usr/bin/make" "cmTC_37b71/fast"
/usr/bin/make -f CMakeFiles/cmTC_37b71.dir/build.make CMakeFiles/cmTC_37b71.dir/build
make[1]: Entering directory '/media/chris/seagate1/chris/PurdueSchool/llvm_sarvavid/SarvLibrary/ErrorCorrection/bloocoo/build/CMakeFiles/CMakeTmp'
Building C object CMakeFiles/cmTC_37b71.dir/CheckIncludeFiles.c.o
/usr/bin/gcc   -msse2 -msse4.2 -mpopcnt    -o CMakeFiles/cmTC_37b71.dir/CheckIncludeFiles.c.o   -c /home/chris/Dropbox/chris/PurdueSchool/llvm_sarvavid/SarvLibrary/ErrorCorrection/bloocoo/build/CMakeFiles/CMakeTmp/CheckIncludeFiles.c
/home/chris/Dropbox/chris/PurdueSchool/llvm_sarvavid/SarvLibrary/ErrorCorrection/bloocoo/build/CMakeFiles/CMakeTmp/CheckIncludeFiles.c:14:28: fatal error: mach/mach_time.h: No such file or directory
 #include <mach/mach_time.h>
                            ^
compilation terminated.
CMakeFiles/cmTC_37b71.dir/build.make:65: recipe for target 'CMakeFiles/cmTC_37b71.dir/CheckIncludeFiles.c.o' failed
make[1]: *** [CMakeFiles/cmTC_37b71.dir/CheckIncludeFiles.c.o] Error 1
make[1]: Leaving directory '/media/chris/seagate1/chris/PurdueSchool/llvm_sarvavid/SarvLibrary/ErrorCorrection/bloocoo/build/CMakeFiles/CMakeTmp'
Makefile:126: recipe for target 'cmTC_37b71/fast' failed
make: *** [cmTC_37b71/fast] Error 2

Source:
/* */
#include <sys/resource.h>
#include <sys/time.h>
#include <unistd.h>
#include <sys/ioctl.h>
#include <sys/stat.h>
#include <sys/socket.h>
#include <sys/types.h>
#include <stddef.h>
#include <setjmp.h>
#include <features.h>
#include <dirent.h>
#include <stdint.h>
#include <mach/mach_time.h>


int main(void){return 0;}

Determining if files sys/resource.h;sys/time.h;unistd.h;sys/ioctl.h;sys/stat.h;sys/socket.h;sys/types.h;stddef.h;setjmp.h;features.h;dirent.h;stdint.h;io.h exist failed with the following output:
Change Dir: /home/chris/Dropbox/chris/PurdueSchool/llvm_sarvavid/SarvLibrary/ErrorCorrection/bloocoo/build/CMakeFiles/CMakeTmp

Run Build Command:"/usr/bin/make" "cmTC_6580d/fast"
/usr/bin/make -f CMakeFiles/cmTC_6580d.dir/build.make CMakeFiles/cmTC_6580d.dir/build
make[1]: Entering directory '/media/chris/seagate1/chris/PurdueSchool/llvm_sarvavid/SarvLibrary/ErrorCorrection/bloocoo/build/CMakeFiles/CMakeTmp'
Building C object CMakeFiles/cmTC_6580d.dir/CheckIncludeFiles.c.o
/usr/bin/gcc   -msse2 -msse4.2 -mpopcnt    -o CMakeFiles/cmTC_6580d.dir/CheckIncludeFiles.c.o   -c /home/chris/Dropbox/chris/PurdueSchool/llvm_sarvavid/SarvLibrary/ErrorCorrection/bloocoo/build/CMakeFiles/CMakeTmp/CheckIncludeFiles.c
/home/chris/Dropbox/chris/PurdueSchool/llvm_sarvavid/SarvLibrary/ErrorCorrection/bloocoo/build/CMakeFiles/CMakeTmp/CheckIncludeFiles.c:14:16: fatal error: io.h: No such file or directory
 #include <io.h>
                ^
compilation terminated.
CMakeFiles/cmTC_6580d.dir/build.make:65: recipe for target 'CMakeFiles/cmTC_6580d.dir/CheckIncludeFiles.c.o' failed
make[1]: *** [CMakeFiles/cmTC_6580d.dir/CheckIncludeFiles.c.o] Error 1
make[1]: Leaving directory '/media/chris/seagate1/chris/PurdueSchool/llvm_sarvavid/SarvLibrary/ErrorCorrection/bloocoo/build/CMakeFiles/CMakeTmp'
Makefile:126: recipe for target 'cmTC_6580d/fast' failed
make: *** [cmTC_6580d/fast] Error 2

Source:
/* */
#include <sys/resource.h>
#include <sys/time.h>
#include <unistd.h>
#include <sys/ioctl.h>
#include <sys/stat.h>
#include <sys/socket.h>
#include <sys/types.h>
#include <stddef.h>
#include <setjmp.h>
#include <features.h>
#include <dirent.h>
#include <stdint.h>
#include <io.h>


int main(void){return 0;}

Determining if files sys/resource.h;sys/time.h;unistd.h;sys/ioctl.h;sys/stat.h;sys/socket.h;sys/types.h;stddef.h;setjmp.h;features.h;dirent.h;stdint.h;winsock2.h exist failed with the following output:
Change Dir: /home/chris/Dropbox/chris/PurdueSchool/llvm_sarvavid/SarvLibrary/ErrorCorrection/bloocoo/build/CMakeFiles/CMakeTmp

Run Build Command:"/usr/bin/make" "cmTC_8eda5/fast"
/usr/bin/make -f CMakeFiles/cmTC_8eda5.dir/build.make CMakeFiles/cmTC_8eda5.dir/build
make[1]: Entering directory '/media/chris/seagate1/chris/PurdueSchool/llvm_sarvavid/SarvLibrary/ErrorCorrection/bloocoo/build/CMakeFiles/CMakeTmp'
Building C object CMakeFiles/cmTC_8eda5.dir/CheckIncludeFiles.c.o
/usr/bin/gcc   -msse2 -msse4.2 -mpopcnt    -o CMakeFiles/cmTC_8eda5.dir/CheckIncludeFiles.c.o   -c /home/chris/Dropbox/chris/PurdueSchool/llvm_sarvavid/SarvLibrary/ErrorCorrection/bloocoo/build/CMakeFiles/CMakeTmp/CheckIncludeFiles.c
/home/chris/Dropbox/chris/PurdueSchool/llvm_sarvavid/SarvLibrary/ErrorCorrection/bloocoo/build/CMakeFiles/CMakeTmp/CheckIncludeFiles.c:14:22: fatal error: winsock2.h: No such file or directory
 #include <winsock2.h>
                      ^
compilation terminated.
CMakeFiles/cmTC_8eda5.dir/build.make:65: recipe for target 'CMakeFiles/cmTC_8eda5.dir/CheckIncludeFiles.c.o' failed
make[1]: *** [CMakeFiles/cmTC_8eda5.dir/CheckIncludeFiles.c.o] Error 1
make[1]: Leaving directory '/media/chris/seagate1/chris/PurdueSchool/llvm_sarvavid/SarvLibrary/ErrorCorrection/bloocoo/build/CMakeFiles/CMakeTmp'
Makefile:126: recipe for target 'cmTC_8eda5/fast' failed
make: *** [cmTC_8eda5/fast] Error 2

Source:
/* */
#include <sys/resource.h>
#include <sys/time.h>
#include <unistd.h>
#include <sys/ioctl.h>
#include <sys/stat.h>
#include <sys/socket.h>
#include <sys/types.h>
#include <stddef.h>
#include <setjmp.h>
#include <features.h>
#include <dirent.h>
#include <stdint.h>
#include <winsock2.h>


int main(void){return 0;}

Determining if files sys/resource.h;sys/time.h;unistd.h;sys/ioctl.h;sys/stat.h;sys/socket.h;sys/types.h;stddef.h;setjmp.h;features.h;dirent.h;stdint.h;sys/timeb.h;globus/common.h exist failed with the following output:
Change Dir: /home/chris/Dropbox/chris/PurdueSchool/llvm_sarvavid/SarvLibrary/ErrorCorrection/bloocoo/build/CMakeFiles/CMakeTmp

Run Build Command:"/usr/bin/make" "cmTC_7979c/fast"
/usr/bin/make -f CMakeFiles/cmTC_7979c.dir/build.make CMakeFiles/cmTC_7979c.dir/build
make[1]: Entering directory '/media/chris/seagate1/chris/PurdueSchool/llvm_sarvavid/SarvLibrary/ErrorCorrection/bloocoo/build/CMakeFiles/CMakeTmp'
Building C object CMakeFiles/cmTC_7979c.dir/CheckIncludeFiles.c.o
/usr/bin/gcc   -msse2 -msse4.2 -mpopcnt    -o CMakeFiles/cmTC_7979c.dir/CheckIncludeFiles.c.o   -c /home/chris/Dropbox/chris/PurdueSchool/llvm_sarvavid/SarvLibrary/ErrorCorrection/bloocoo/build/CMakeFiles/CMakeTmp/CheckIncludeFiles.c
/home/chris/Dropbox/chris/PurdueSchool/llvm_sarvavid/SarvLibrary/ErrorCorrection/bloocoo/build/CMakeFiles/CMakeTmp/CheckIncludeFiles.c:15:27: fatal error: globus/common.h: No such file or directory
 #include <globus/common.h>
                           ^
compilation terminated.
CMakeFiles/cmTC_7979c.dir/build.make:65: recipe for target 'CMakeFiles/cmTC_7979c.dir/CheckIncludeFiles.c.o' failed
make[1]: *** [CMakeFiles/cmTC_7979c.dir/CheckIncludeFiles.c.o] Error 1
make[1]: Leaving directory '/media/chris/seagate1/chris/PurdueSchool/llvm_sarvavid/SarvLibrary/ErrorCorrection/bloocoo/build/CMakeFiles/CMakeTmp'
Makefile:126: recipe for target 'cmTC_7979c/fast' failed
make: *** [cmTC_7979c/fast] Error 2

Source:
/* */
#include <sys/resource.h>
#include <sys/time.h>
#include <unistd.h>
#include <sys/ioctl.h>
#include <sys/stat.h>
#include <sys/socket.h>
#include <sys/types.h>
#include <stddef.h>
#include <setjmp.h>
#include <features.h>
#include <dirent.h>
#include <stdint.h>
#include <sys/timeb.h>
#include <globus/common.h>


int main(void){return 0;}

Determining if files sys/resource.h;sys/time.h;unistd.h;sys/ioctl.h;sys/stat.h;sys/socket.h;sys/types.h;stddef.h;setjmp.h;features.h;dirent.h;stdint.h;sys/timeb.h;pdb.h exist failed with the following output:
Change Dir: /home/chris/Dropbox/chris/PurdueSchool/llvm_sarvavid/SarvLibrary/ErrorCorrection/bloocoo/build/CMakeFiles/CMakeTmp

Run Build Command:"/usr/bin/make" "cmTC_0bb10/fast"
/usr/bin/make -f CMakeFiles/cmTC_0bb10.dir/build.make CMakeFiles/cmTC_0bb10.dir/build
make[1]: Entering directory '/media/chris/seagate1/chris/PurdueSchool/llvm_sarvavid/SarvLibrary/ErrorCorrection/bloocoo/build/CMakeFiles/CMakeTmp'
Building C object CMakeFiles/cmTC_0bb10.dir/CheckIncludeFiles.c.o
/usr/bin/gcc   -msse2 -msse4.2 -mpopcnt    -o CMakeFiles/cmTC_0bb10.dir/CheckIncludeFiles.c.o   -c /home/chris/Dropbox/chris/PurdueSchool/llvm_sarvavid/SarvLibrary/ErrorCorrection/bloocoo/build/CMakeFiles/CMakeTmp/CheckIncludeFiles.c
/home/chris/Dropbox/chris/PurdueSchool/llvm_sarvavid/SarvLibrary/ErrorCorrection/bloocoo/build/CMakeFiles/CMakeTmp/CheckIncludeFiles.c:15:17: fatal error: pdb.h: No such file or directory
 #include <pdb.h>
                 ^
compilation terminated.
CMakeFiles/cmTC_0bb10.dir/build.make:65: recipe for target 'CMakeFiles/cmTC_0bb10.dir/CheckIncludeFiles.c.o' failed
make[1]: *** [CMakeFiles/cmTC_0bb10.dir/CheckIncludeFiles.c.o] Error 1
make[1]: Leaving directory '/media/chris/seagate1/chris/PurdueSchool/llvm_sarvavid/SarvLibrary/ErrorCorrection/bloocoo/build/CMakeFiles/CMakeTmp'
Makefile:126: recipe for target 'cmTC_0bb10/fast' failed
make: *** [cmTC_0bb10/fast] Error 2

Source:
/* */
#include <sys/resource.h>
#include <sys/time.h>
#include <unistd.h>
#include <sys/ioctl.h>
#include <sys/stat.h>
#include <sys/socket.h>
#include <sys/types.h>
#include <stddef.h>
#include <setjmp.h>
#include <features.h>
#include <dirent.h>
#include <stdint.h>
#include <sys/timeb.h>
#include <pdb.h>


int main(void){return 0;}

Determining if files sys/resource.h;sys/time.h;unistd.h;sys/ioctl.h;sys/stat.h;sys/socket.h;sys/types.h;stddef.h;setjmp.h;features.h;dirent.h;stdint.h;sys/timeb.h;pthread.h;srbclient.h exist failed with the following output:
Change Dir: /home/chris/Dropbox/chris/PurdueSchool/llvm_sarvavid/SarvLibrary/ErrorCorrection/bloocoo/build/CMakeFiles/CMakeTmp

Run Build Command:"/usr/bin/make" "cmTC_f9c86/fast"
/usr/bin/make -f CMakeFiles/cmTC_f9c86.dir/build.make CMakeFiles/cmTC_f9c86.dir/build
make[1]: Entering directory '/media/chris/seagate1/chris/PurdueSchool/llvm_sarvavid/SarvLibrary/ErrorCorrection/bloocoo/build/CMakeFiles/CMakeTmp'
Building C object CMakeFiles/cmTC_f9c86.dir/CheckIncludeFiles.c.o
/usr/bin/gcc   -msse2 -msse4.2 -mpopcnt    -o CMakeFiles/cmTC_f9c86.dir/CheckIncludeFiles.c.o   -c /home/chris/Dropbox/chris/PurdueSchool/llvm_sarvavid/SarvLibrary/ErrorCorrection/bloocoo/build/CMakeFiles/CMakeTmp/CheckIncludeFiles.c
/home/chris/Dropbox/chris/PurdueSchool/llvm_sarvavid/SarvLibrary/ErrorCorrection/bloocoo/build/CMakeFiles/CMakeTmp/CheckIncludeFiles.c:16:23: fatal error: srbclient.h: No such file or directory
 #include <srbclient.h>
                       ^
compilation terminated.
CMakeFiles/cmTC_f9c86.dir/build.make:65: recipe for target 'CMakeFiles/cmTC_f9c86.dir/CheckIncludeFiles.c.o' failed
make[1]: *** [CMakeFiles/cmTC_f9c86.dir/CheckIncludeFiles.c.o] Error 1
make[1]: Leaving directory '/media/chris/seagate1/chris/PurdueSchool/llvm_sarvavid/SarvLibrary/ErrorCorrection/bloocoo/build/CMakeFiles/CMakeTmp'
Makefile:126: recipe for target 'cmTC_f9c86/fast' failed
make: *** [cmTC_f9c86/fast] Error 2

Source:
/* */
#include <sys/resource.h>
#include <sys/time.h>
#include <unistd.h>
#include <sys/ioctl.h>
#include <sys/stat.h>
#include <sys/socket.h>
#include <sys/types.h>
#include <stddef.h>
#include <setjmp.h>
#include <features.h>
#include <dirent.h>
#include <stdint.h>
#include <sys/timeb.h>
#include <pthread.h>
#include <srbclient.h>


int main(void){return 0;}

Determining size of __int64 failed with the following output:
Change Dir: /home/chris/Dropbox/chris/PurdueSchool/llvm_sarvavid/SarvLibrary/ErrorCorrection/bloocoo/build/CMakeFiles/CMakeTmp

Run Build Command:"/usr/bin/make" "cmTC_f1d51/fast"
/usr/bin/make -f CMakeFiles/cmTC_f1d51.dir/build.make CMakeFiles/cmTC_f1d51.dir/build
make[1]: Entering directory '/media/chris/seagate1/chris/PurdueSchool/llvm_sarvavid/SarvLibrary/ErrorCorrection/bloocoo/build/CMakeFiles/CMakeTmp'
Building C object CMakeFiles/cmTC_f1d51.dir/H5_SIZEOF___INT64.c.o
/usr/bin/gcc -D_FILE_OFFSET_BITS=64 -D_LARGEFILE64_SOURCE -D_LARGEFILE_SOURCE  -msse2 -msse4.2 -mpopcnt    -o CMakeFiles/cmTC_f1d51.dir/H5_SIZEOF___INT64.c.o   -c /home/chris/Dropbox/chris/PurdueSchool/llvm_sarvavid/SarvLibrary/ErrorCorrection/bloocoo/build/CMakeFiles/CheckTypeSize/H5_SIZEOF___INT64.c
/home/chris/Dropbox/chris/PurdueSchool/llvm_sarvavid/SarvLibrary/ErrorCorrection/bloocoo/build/CMakeFiles/CheckTypeSize/H5_SIZEOF___INT64.c:23:22: error: ‘__int64’ undeclared here (not in a function)
 #define SIZE (sizeof(__int64))
                      ^
/home/chris/Dropbox/chris/PurdueSchool/llvm_sarvavid/SarvLibrary/ErrorCorrection/bloocoo/build/CMakeFiles/CheckTypeSize/H5_SIZEOF___INT64.c:25:12: note: in expansion of macro ‘SIZE’
   ('0' + ((SIZE / 10000)%10)),
            ^~~~
CMakeFiles/cmTC_f1d51.dir/build.make:65: recipe for target 'CMakeFiles/cmTC_f1d51.dir/H5_SIZEOF___INT64.c.o' failed
make[1]: *** [CMakeFiles/cmTC_f1d51.dir/H5_SIZEOF___INT64.c.o] Error 1
make[1]: Leaving directory '/media/chris/seagate1/chris/PurdueSchool/llvm_sarvavid/SarvLibrary/ErrorCorrection/bloocoo/build/CMakeFiles/CMakeTmp'
Makefile:126: recipe for target 'cmTC_f1d51/fast' failed
make: *** [cmTC_f1d51/fast] Error 2

/home/chris/Dropbox/chris/PurdueSchool/llvm_sarvavid/SarvLibrary/ErrorCorrection/bloocoo/build/CMakeFiles/CheckTypeSize/H5_SIZEOF___INT64.c:
#include <sys/types.h>
#include <stdint.h>
#include <stddef.h>


#undef KEY
#if defined(__i386)
# define KEY '_','_','i','3','8','6'
#elif defined(__x86_64)
# define KEY '_','_','x','8','6','_','6','4'
#elif defined(__ppc__)
# define KEY '_','_','p','p','c','_','_'
#elif defined(__ppc64__)
# define KEY '_','_','p','p','c','6','4','_','_'
#elif defined(__aarch64__)
# define KEY '_','_','a','a','r','c','h','6','4','_','_'
#elif defined(__ARM_ARCH_7A__)
# define KEY '_','_','A','R','M','_','A','R','C','H','_','7','A','_','_'
#elif defined(__ARM_ARCH_7S__)
# define KEY '_','_','A','R','M','_','A','R','C','H','_','7','S','_','_'
#endif

#define SIZE (sizeof(__int64))
char info_size[] =  {'I', 'N', 'F', 'O', ':', 's','i','z','e','[',
  ('0' + ((SIZE / 10000)%10)),
  ('0' + ((SIZE / 1000)%10)),
  ('0' + ((SIZE / 100)%10)),
  ('0' + ((SIZE / 10)%10)),
  ('0' +  (SIZE    % 10)),
  ']',
#ifdef KEY
  ' ','k','e','y','[', KEY, ']',
#endif
  '\0'};

#ifdef __CLASSIC_C__
int main(argc, argv) int argc; char *argv[];
#else
int main(int argc, char *argv[])
#endif
{
  int require = 0;
  require += info_size[argc];
  (void)argv;
  return require;
}


Determining if the variable CLOCK_MONOTONIC exists failed with the following output:
Change Dir: /home/chris/Dropbox/chris/PurdueSchool/llvm_sarvavid/SarvLibrary/ErrorCorrection/bloocoo/build/CMakeFiles/CMakeTmp

Run Build Command:"/usr/bin/make" "cmTC_a2055/fast"
/usr/bin/make -f CMakeFiles/cmTC_a2055.dir/build.make CMakeFiles/cmTC_a2055.dir/build
make[1]: Entering directory '/media/chris/seagate1/chris/PurdueSchool/llvm_sarvavid/SarvLibrary/ErrorCorrection/bloocoo/build/CMakeFiles/CMakeTmp'
Building C object CMakeFiles/cmTC_a2055.dir/CheckVariableExists.c.o
/usr/bin/gcc -D_FILE_OFFSET_BITS=64 -D_LARGEFILE64_SOURCE -D_LARGEFILE_SOURCE  -msse2 -msse4.2 -mpopcnt -DCHECK_VARIABLE_EXISTS=CLOCK_MONOTONIC   -o CMakeFiles/cmTC_a2055.dir/CheckVariableExists.c.o   -c /usr/share/cmake-3.10/Modules/CheckVariableExists.c
Linking C executable cmTC_a2055
/usr/bin/cmake -E cmake_link_script CMakeFiles/cmTC_a2055.dir/link.txt --verbose=1
/usr/bin/gcc  -msse2 -msse4.2 -mpopcnt -DCHECK_VARIABLE_EXISTS=CLOCK_MONOTONIC    -rdynamic CMakeFiles/cmTC_a2055.dir/CheckVariableExists.c.o  -o cmTC_a2055 -lm -ldl 
CMakeFiles/cmTC_a2055.dir/CheckVariableExists.c.o: In function `main':
CheckVariableExists.c:(.text+0x25): undefined reference to `CLOCK_MONOTONIC'
collect2: error: ld returned 1 exit status
CMakeFiles/cmTC_a2055.dir/build.make:97: recipe for target 'cmTC_a2055' failed
make[1]: *** [cmTC_a2055] Error 1
make[1]: Leaving directory '/media/chris/seagate1/chris/PurdueSchool/llvm_sarvavid/SarvLibrary/ErrorCorrection/bloocoo/build/CMakeFiles/CMakeTmp'
Makefile:126: recipe for target 'cmTC_a2055/fast' failed
make: *** [cmTC_a2055/fast] Error 2


Performing Other Test HAVE___TM_GMTOFF failed with the following output:
Change Dir: /home/chris/Dropbox/chris/PurdueSchool/llvm_sarvavid/SarvLibrary/ErrorCorrection/bloocoo/build/CMakeFiles/CMakeTmp

Run Build Command:"/usr/bin/make" "cmTC_db19d/fast"
/usr/bin/make -f CMakeFiles/cmTC_db19d.dir/build.make CMakeFiles/cmTC_db19d.dir/build
make[1]: Entering directory '/media/chris/seagate1/chris/PurdueSchool/llvm_sarvavid/SarvLibrary/ErrorCorrection/bloocoo/build/CMakeFiles/CMakeTmp'
Building C object CMakeFiles/cmTC_db19d.dir/HDFTests.c.o
/usr/bin/gcc   -msse2 -msse4.2 -mpopcnt -DHAVE___TM_GMTOFF  -DHAVE_SYS_TIME_H -DHAVE_UNISTD_H -DHAVE_SYS_TYPES_H -DHAVE_SYS_SOCKET_H -D_FILE_OFFSET_BITS=64 -D_LARGEFILE64_SOURCE -D_LARGEFILE_SOURCE   -o CMakeFiles/cmTC_db19d.dir/HDFTests.c.o   -c /home/chris/Dropbox/chris/PurdueSchool/llvm_sarvavid/SarvLibrary/ErrorCorrection/bloocoo/thirdparty/gatb-core/gatb-core/thirdparty/hdf5/config/cmake_ext_mod/HDFTests.c
/home/chris/Dropbox/chris/PurdueSchool/llvm_sarvavid/SarvLibrary/ErrorCorrection/bloocoo/thirdparty/gatb-core/gatb-core/thirdparty/hdf5/config/cmake_ext_mod/HDFTests.c: In function ‘main’:
/home/chris/Dropbox/chris/PurdueSchool/llvm_sarvavid/SarvLibrary/ErrorCorrection/bloocoo/thirdparty/gatb-core/gatb-core/thirdparty/hdf5/config/cmake_ext_mod/HDFTests.c:170:29: error: ‘struct tm’ has no member named ‘__tm_gmtoff’; did you mean ‘tm_gmtoff’?
 SIMPLE_TEST(struct tm tm; tm.__tm_gmtoff=0);
                             ^
/home/chris/Dropbox/chris/PurdueSchool/llvm_sarvavid/SarvLibrary/ErrorCorrection/bloocoo/thirdparty/gatb-core/gatb-core/thirdparty/hdf5/config/cmake_ext_mod/HDFTests.c:1:36: note: in definition of macro ‘SIMPLE_TEST’
 #define SIMPLE_TEST(x) int main(){ x; return 0; }
                                    ^
CMakeFiles/cmTC_db19d.dir/build.make:65: recipe for target 'CMakeFiles/cmTC_db19d.dir/HDFTests.c.o' failed
make[1]: *** [CMakeFiles/cmTC_db19d.dir/HDFTests.c.o] Error 1
make[1]: Leaving directory '/media/chris/seagate1/chris/PurdueSchool/llvm_sarvavid/SarvLibrary/ErrorCorrection/bloocoo/build/CMakeFiles/CMakeTmp'
Makefile:126: recipe for target 'cmTC_db19d/fast' failed
make: *** [cmTC_db19d/fast] Error 2

Performing Other Test HAVE_TM_ZONE failed with the following output:
Change Dir: /home/chris/Dropbox/chris/PurdueSchool/llvm_sarvavid/SarvLibrary/ErrorCorrection/bloocoo/build/CMakeFiles/CMakeTmp

Run Build Command:"/usr/bin/make" "cmTC_4f6b8/fast"
/usr/bin/make -f CMakeFiles/cmTC_4f6b8.dir/build.make CMakeFiles/cmTC_4f6b8.dir/build
make[1]: Entering directory '/media/chris/seagate1/chris/PurdueSchool/llvm_sarvavid/SarvLibrary/ErrorCorrection/bloocoo/build/CMakeFiles/CMakeTmp'
Building C object CMakeFiles/cmTC_4f6b8.dir/HDFTests.c.o
/usr/bin/gcc   -msse2 -msse4.2 -mpopcnt -DHAVE_TM_ZONE  -DHAVE_SYS_TIME_H -DHAVE_UNISTD_H -DHAVE_SYS_TYPES_H -DHAVE_SYS_SOCKET_H -D_FILE_OFFSET_BITS=64 -D_LARGEFILE64_SOURCE -D_LARGEFILE_SOURCE   -o CMakeFiles/cmTC_4f6b8.dir/HDFTests.c.o   -c /home/chris/Dropbox/chris/PurdueSchool/llvm_sarvavid/SarvLibrary/ErrorCorrection/bloocoo/thirdparty/gatb-core/gatb-core/thirdparty/hdf5/config/cmake_ext_mod/HDFTests.c
Linking C executable cmTC_4f6b8
/usr/bin/cmake -E cmake_link_script CMakeFiles/cmTC_4f6b8.dir/link.txt --verbose=1
/usr/bin/gcc  -msse2 -msse4.2 -mpopcnt -DHAVE_TM_ZONE  -DHAVE_SYS_TIME_H -DHAVE_UNISTD_H -DHAVE_SYS_TYPES_H -DHAVE_SYS_SOCKET_H -D_FILE_OFFSET_BITS=64 -D_LARGEFILE64_SOURCE -D_LARGEFILE_SOURCE    -rdynamic CMakeFiles/cmTC_4f6b8.dir/HDFTests.c.o  -o cmTC_4f6b8 -lm -ldl 
/usr/lib/gcc/x86_64-linux-gnu/6/../../../x86_64-linux-gnu/Scrt1.o: In function `_start':
(.text+0x20): undefined reference to `main'
collect2: error: ld returned 1 exit status
CMakeFiles/cmTC_4f6b8.dir/build.make:97: recipe for target 'cmTC_4f6b8' failed
make[1]: *** [cmTC_4f6b8] Error 1
make[1]: Leaving directory '/media/chris/seagate1/chris/PurdueSchool/llvm_sarvavid/SarvLibrary/ErrorCorrection/bloocoo/build/CMakeFiles/CMakeTmp'
Makefile:126: recipe for target 'cmTC_4f6b8/fast' failed
make: *** [cmTC_4f6b8/fast] Error 2

Performing Other Test HAVE_STRUCT_TM_TM_ZONE failed with the following output:
Change Dir: /home/chris/Dropbox/chris/PurdueSchool/llvm_sarvavid/SarvLibrary/ErrorCorrection/bloocoo/build/CMakeFiles/CMakeTmp

Run Build Command:"/usr/bin/make" "cmTC_46081/fast"
/usr/bin/make -f CMakeFiles/cmTC_46081.dir/build.make CMakeFiles/cmTC_46081.dir/build
make[1]: Entering directory '/media/chris/seagate1/chris/PurdueSchool/llvm_sarvavid/SarvLibrary/ErrorCorrection/bloocoo/build/CMakeFiles/CMakeTmp'
Building C object CMakeFiles/cmTC_46081.dir/HDFTests.c.o
/usr/bin/gcc   -msse2 -msse4.2 -mpopcnt -DHAVE_STRUCT_TM_TM_ZONE  -DHAVE_SYS_TIME_H -DHAVE_UNISTD_H -DHAVE_SYS_TYPES_H -DHAVE_SYS_SOCKET_H -D_FILE_OFFSET_BITS=64 -D_LARGEFILE64_SOURCE -D_LARGEFILE_SOURCE   -o CMakeFiles/cmTC_46081.dir/HDFTests.c.o   -c /home/chris/Dropbox/chris/PurdueSchool/llvm_sarvavid/SarvLibrary/ErrorCorrection/bloocoo/thirdparty/gatb-core/gatb-core/thirdparty/hdf5/config/cmake_ext_mod/HDFTests.c
Linking C executable cmTC_46081
/usr/bin/cmake -E cmake_link_script CMakeFiles/cmTC_46081.dir/link.txt --verbose=1
/usr/bin/gcc  -msse2 -msse4.2 -mpopcnt -DHAVE_STRUCT_TM_TM_ZONE  -DHAVE_SYS_TIME_H -DHAVE_UNISTD_H -DHAVE_SYS_TYPES_H -DHAVE_SYS_SOCKET_H -D_FILE_OFFSET_BITS=64 -D_LARGEFILE64_SOURCE -D_LARGEFILE_SOURCE    -rdynamic CMakeFiles/cmTC_46081.dir/HDFTests.c.o  -o cmTC_46081 -lm -ldl 
/usr/lib/gcc/x86_64-linux-gnu/6/../../../x86_64-linux-gnu/Scrt1.o: In function `_start':
(.text+0x20): undefined reference to `main'
collect2: error: ld returned 1 exit status
CMakeFiles/cmTC_46081.dir/build.make:97: recipe for target 'cmTC_46081' failed
make[1]: *** [cmTC_46081] Error 1
make[1]: Leaving directory '/media/chris/seagate1/chris/PurdueSchool/llvm_sarvavid/SarvLibrary/ErrorCorrection/bloocoo/build/CMakeFiles/CMakeTmp'
Makefile:126: recipe for target 'cmTC_46081/fast' failed
make: *** [cmTC_46081/fast] Error 2

Performing Other Test HAVE_STRUCT_VIDEOCONFIG failed with the following output:
Change Dir: /home/chris/Dropbox/chris/PurdueSchool/llvm_sarvavid/SarvLibrary/ErrorCorrection/bloocoo/build/CMakeFiles/CMakeTmp

Run Build Command:"/usr/bin/make" "cmTC_c9724/fast"
/usr/bin/make -f CMakeFiles/cmTC_c9724.dir/build.make CMakeFiles/cmTC_c9724.dir/build
make[1]: Entering directory '/media/chris/seagate1/chris/PurdueSchool/llvm_sarvavid/SarvLibrary/ErrorCorrection/bloocoo/build/CMakeFiles/CMakeTmp'
Building C object CMakeFiles/cmTC_c9724.dir/HDFTests.c.o
/usr/bin/gcc   -msse2 -msse4.2 -mpopcnt -DHAVE_STRUCT_VIDEOCONFIG  -DHAVE_SYS_TIME_H -DHAVE_UNISTD_H -DHAVE_SYS_TYPES_H -DHAVE_SYS_SOCKET_H -D_FILE_OFFSET_BITS=64 -D_LARGEFILE64_SOURCE -D_LARGEFILE_SOURCE   -o CMakeFiles/cmTC_c9724.dir/HDFTests.c.o   -c /home/chris/Dropbox/chris/PurdueSchool/llvm_sarvavid/SarvLibrary/ErrorCorrection/bloocoo/thirdparty/gatb-core/gatb-core/thirdparty/hdf5/config/cmake_ext_mod/HDFTests.c
/home/chris/Dropbox/chris/PurdueSchool/llvm_sarvavid/SarvLibrary/ErrorCorrection/bloocoo/thirdparty/gatb-core/gatb-core/thirdparty/hdf5/config/cmake_ext_mod/HDFTests.c: In function ‘main’:
/home/chris/Dropbox/chris/PurdueSchool/llvm_sarvavid/SarvLibrary/ErrorCorrection/bloocoo/thirdparty/gatb-core/gatb-core/thirdparty/hdf5/config/cmake_ext_mod/HDFTests.c:447:32: error: storage size of ‘w’ isn’t known
 SIMPLE_TEST(struct videoconfig w; w.numtextcols=0);
                                ^
/home/chris/Dropbox/chris/PurdueSchool/llvm_sarvavid/SarvLibrary/ErrorCorrection/bloocoo/thirdparty/gatb-core/gatb-core/thirdparty/hdf5/config/cmake_ext_mod/HDFTests.c:1:36: note: in definition of macro ‘SIMPLE_TEST’
 #define SIMPLE_TEST(x) int main(){ x; return 0; }
                                    ^
CMakeFiles/cmTC_c9724.dir/build.make:65: recipe for target 'CMakeFiles/cmTC_c9724.dir/HDFTests.c.o' failed
make[1]: *** [CMakeFiles/cmTC_c9724.dir/HDFTests.c.o] Error 1
make[1]: Leaving directory '/media/chris/seagate1/chris/PurdueSchool/llvm_sarvavid/SarvLibrary/ErrorCorrection/bloocoo/build/CMakeFiles/CMakeTmp'
Makefile:126: recipe for target 'cmTC_c9724/fast' failed
make: *** [cmTC_c9724/fast] Error 2

Performing Other Test HAVE_STRUCT_TEXT_INFO failed with the following output:
Change Dir: /home/chris/Dropbox/chris/PurdueSchool/llvm_sarvavid/SarvLibrary/ErrorCorrection/bloocoo/build/CMakeFiles/CMakeTmp

Run Build Command:"/usr/bin/make" "cmTC_686d6/fast"
/usr/bin/make -f CMakeFiles/cmTC_686d6.dir/build.make CMakeFiles/cmTC_686d6.dir/build
make[1]: Entering directory '/media/chris/seagate1/chris/PurdueSchool/llvm_sarvavid/SarvLibrary/ErrorCorrection/bloocoo/build/CMakeFiles/CMakeTmp'
Building C object CMakeFiles/cmTC_686d6.dir/HDFTests.c.o
/usr/bin/gcc   -msse2 -msse4.2 -mpopcnt -DHAVE_STRUCT_TEXT_INFO  -DHAVE_SYS_TIME_H -DHAVE_UNISTD_H -DHAVE_SYS_TYPES_H -DHAVE_SYS_SOCKET_H -D_FILE_OFFSET_BITS=64 -D_LARGEFILE64_SOURCE -D_LARGEFILE_SOURCE   -o CMakeFiles/cmTC_686d6.dir/HDFTests.c.o   -c /home/chris/Dropbox/chris/PurdueSchool/llvm_sarvavid/SarvLibrary/ErrorCorrection/bloocoo/thirdparty/gatb-core/gatb-core/thirdparty/hdf5/config/cmake_ext_mod/HDFTests.c
/home/chris/Dropbox/chris/PurdueSchool/llvm_sarvavid/SarvLibrary/ErrorCorrection/bloocoo/thirdparty/gatb-core/gatb-core/thirdparty/hdf5/config/cmake_ext_mod/HDFTests.c: In function ‘main’:
/home/chris/Dropbox/chris/PurdueSchool/llvm_sarvavid/SarvLibrary/ErrorCorrection/bloocoo/thirdparty/gatb-core/gatb-core/thirdparty/hdf5/config/cmake_ext_mod/HDFTests.c:453:30: error: storage size of ‘w’ isn’t known
 SIMPLE_TEST(struct text_info w; w.screenwidth=0);
                              ^
/home/chris/Dropbox/chris/PurdueSchool/llvm_sarvavid/SarvLibrary/ErrorCorrection/bloocoo/thirdparty/gatb-core/gatb-core/thirdparty/hdf5/config/cmake_ext_mod/HDFTests.c:1:36: note: in definition of macro ‘SIMPLE_TEST’
 #define SIMPLE_TEST(x) int main(){ x; return 0; }
                                    ^
CMakeFiles/cmTC_686d6.dir/build.make:65: recipe for target 'CMakeFiles/cmTC_686d6.dir/HDFTests.c.o' failed
make[1]: *** [CMakeFiles/cmTC_686d6.dir/HDFTests.c.o] Error 1
make[1]: Leaving directory '/media/chris/seagate1/chris/PurdueSchool/llvm_sarvavid/SarvLibrary/ErrorCorrection/bloocoo/build/CMakeFiles/CMakeTmp'
Makefile:126: recipe for target 'cmTC_686d6/fast' failed
make: *** [cmTC_686d6/fast] Error 2

Determining if the function _getvideoconfig exists failed with the following output:
Change Dir: /home/chris/Dropbox/chris/PurdueSchool/llvm_sarvavid/SarvLibrary/ErrorCorrection/bloocoo/build/CMakeFiles/CMakeTmp

Run Build Command:"/usr/bin/make" "cmTC_8a8a3/fast"
/usr/bin/make -f CMakeFiles/cmTC_8a8a3.dir/build.make CMakeFiles/cmTC_8a8a3.dir/build
make[1]: Entering directory '/media/chris/seagate1/chris/PurdueSchool/llvm_sarvavid/SarvLibrary/ErrorCorrection/bloocoo/build/CMakeFiles/CMakeTmp'
Building C object CMakeFiles/cmTC_8a8a3.dir/CheckFunctionExists.c.o
/usr/bin/gcc -D_FILE_OFFSET_BITS=64 -D_LARGEFILE64_SOURCE -D_LARGEFILE_SOURCE  -msse2 -msse4.2 -mpopcnt -DCHECK_FUNCTION_EXISTS=_getvideoconfig   -o CMakeFiles/cmTC_8a8a3.dir/CheckFunctionExists.c.o   -c /usr/share/cmake-3.10/Modules/CheckFunctionExists.c
Linking C executable cmTC_8a8a3
/usr/bin/cmake -E cmake_link_script CMakeFiles/cmTC_8a8a3.dir/link.txt --verbose=1
/usr/bin/gcc  -msse2 -msse4.2 -mpopcnt -DCHECK_FUNCTION_EXISTS=_getvideoconfig    -rdynamic CMakeFiles/cmTC_8a8a3.dir/CheckFunctionExists.c.o  -o cmTC_8a8a3 -lm -ldl 
CMakeFiles/cmTC_8a8a3.dir/CheckFunctionExists.c.o: In function `main':
CheckFunctionExists.c:(.text+0x10): undefined reference to `_getvideoconfig'
collect2: error: ld returned 1 exit status
CMakeFiles/cmTC_8a8a3.dir/build.make:97: recipe for target 'cmTC_8a8a3' failed
make[1]: *** [cmTC_8a8a3] Error 1
make[1]: Leaving directory '/media/chris/seagate1/chris/PurdueSchool/llvm_sarvavid/SarvLibrary/ErrorCorrection/bloocoo/build/CMakeFiles/CMakeTmp'
Makefile:126: recipe for target 'cmTC_8a8a3/fast' failed
make: *** [cmTC_8a8a3/fast] Error 2


Determining if the function gettextinfo exists failed with the following output:
Change Dir: /home/chris/Dropbox/chris/PurdueSchool/llvm_sarvavid/SarvLibrary/ErrorCorrection/bloocoo/build/CMakeFiles/CMakeTmp

Run Build Command:"/usr/bin/make" "cmTC_dc42f/fast"
/usr/bin/make -f CMakeFiles/cmTC_dc42f.dir/build.make CMakeFiles/cmTC_dc42f.dir/build
make[1]: Entering directory '/media/chris/seagate1/chris/PurdueSchool/llvm_sarvavid/SarvLibrary/ErrorCorrection/bloocoo/build/CMakeFiles/CMakeTmp'
Building C object CMakeFiles/cmTC_dc42f.dir/CheckFunctionExists.c.o
/usr/bin/gcc -D_FILE_OFFSET_BITS=64 -D_LARGEFILE64_SOURCE -D_LARGEFILE_SOURCE  -msse2 -msse4.2 -mpopcnt -DCHECK_FUNCTION_EXISTS=gettextinfo   -o CMakeFiles/cmTC_dc42f.dir/CheckFunctionExists.c.o   -c /usr/share/cmake-3.10/Modules/CheckFunctionExists.c
Linking C executable cmTC_dc42f
/usr/bin/cmake -E cmake_link_script CMakeFiles/cmTC_dc42f.dir/link.txt --verbose=1
/usr/bin/gcc  -msse2 -msse4.2 -mpopcnt -DCHECK_FUNCTION_EXISTS=gettextinfo    -rdynamic CMakeFiles/cmTC_dc42f.dir/CheckFunctionExists.c.o  -o cmTC_dc42f -lm -ldl 
CMakeFiles/cmTC_dc42f.dir/CheckFunctionExists.c.o: In function `main':
CheckFunctionExists.c:(.text+0x10): undefined reference to `gettextinfo'
collect2: error: ld returned 1 exit status
CMakeFiles/cmTC_dc42f.dir/build.make:97: recipe for target 'cmTC_dc42f' failed
make[1]: *** [cmTC_dc42f] Error 1
make[1]: Leaving directory '/media/chris/seagate1/chris/PurdueSchool/llvm_sarvavid/SarvLibrary/ErrorCorrection/bloocoo/build/CMakeFiles/CMakeTmp'
Makefile:126: recipe for target 'cmTC_dc42f/fast' failed
make: *** [cmTC_dc42f/fast] Error 2


Determining if the function _scrsize exists failed with the following output:
Change Dir: /home/chris/Dropbox/chris/PurdueSchool/llvm_sarvavid/SarvLibrary/ErrorCorrection/bloocoo/build/CMakeFiles/CMakeTmp

Run Build Command:"/usr/bin/make" "cmTC_5da19/fast"
/usr/bin/make -f CMakeFiles/cmTC_5da19.dir/build.make CMakeFiles/cmTC_5da19.dir/build
make[1]: Entering directory '/media/chris/seagate1/chris/PurdueSchool/llvm_sarvavid/SarvLibrary/ErrorCorrection/bloocoo/build/CMakeFiles/CMakeTmp'
Building C object CMakeFiles/cmTC_5da19.dir/CheckFunctionExists.c.o
/usr/bin/gcc -D_FILE_OFFSET_BITS=64 -D_LARGEFILE64_SOURCE -D_LARGEFILE_SOURCE  -msse2 -msse4.2 -mpopcnt -DCHECK_FUNCTION_EXISTS=_scrsize   -o CMakeFiles/cmTC_5da19.dir/CheckFunctionExists.c.o   -c /usr/share/cmake-3.10/Modules/CheckFunctionExists.c
Linking C executable cmTC_5da19
/usr/bin/cmake -E cmake_link_script CMakeFiles/cmTC_5da19.dir/link.txt --verbose=1
/usr/bin/gcc  -msse2 -msse4.2 -mpopcnt -DCHECK_FUNCTION_EXISTS=_scrsize    -rdynamic CMakeFiles/cmTC_5da19.dir/CheckFunctionExists.c.o  -o cmTC_5da19 -lm -ldl 
CMakeFiles/cmTC_5da19.dir/CheckFunctionExists.c.o: In function `main':
CheckFunctionExists.c:(.text+0x10): undefined reference to `_scrsize'
collect2: error: ld returned 1 exit status
CMakeFiles/cmTC_5da19.dir/build.make:97: recipe for target 'cmTC_5da19' failed
make[1]: *** [cmTC_5da19] Error 1
make[1]: Leaving directory '/media/chris/seagate1/chris/PurdueSchool/llvm_sarvavid/SarvLibrary/ErrorCorrection/bloocoo/build/CMakeFiles/CMakeTmp'
Makefile:126: recipe for target 'cmTC_5da19/fast' failed
make: *** [cmTC_5da19/fast] Error 2


Determining if the function GetConsoleScreenBufferInfo exists failed with the following output:
Change Dir: /home/chris/Dropbox/chris/PurdueSchool/llvm_sarvavid/SarvLibrary/ErrorCorrection/bloocoo/build/CMakeFiles/CMakeTmp

Run Build Command:"/usr/bin/make" "cmTC_11888/fast"
/usr/bin/make -f CMakeFiles/cmTC_11888.dir/build.make CMakeFiles/cmTC_11888.dir/build
make[1]: Entering directory '/media/chris/seagate1/chris/PurdueSchool/llvm_sarvavid/SarvLibrary/ErrorCorrection/bloocoo/build/CMakeFiles/CMakeTmp'
Building C object CMakeFiles/cmTC_11888.dir/CheckFunctionExists.c.o
/usr/bin/gcc -D_FILE_OFFSET_BITS=64 -D_LARGEFILE64_SOURCE -D_LARGEFILE_SOURCE  -msse2 -msse4.2 -mpopcnt -DCHECK_FUNCTION_EXISTS=GetConsoleScreenBufferInfo   -o CMakeFiles/cmTC_11888.dir/CheckFunctionExists.c.o   -c /usr/share/cmake-3.10/Modules/CheckFunctionExists.c
Linking C executable cmTC_11888
/usr/bin/cmake -E cmake_link_script CMakeFiles/cmTC_11888.dir/link.txt --verbose=1
/usr/bin/gcc  -msse2 -msse4.2 -mpopcnt -DCHECK_FUNCTION_EXISTS=GetConsoleScreenBufferInfo    -rdynamic CMakeFiles/cmTC_11888.dir/CheckFunctionExists.c.o  -o cmTC_11888 -lm -ldl 
CMakeFiles/cmTC_11888.dir/CheckFunctionExists.c.o: In function `main':
CheckFunctionExists.c:(.text+0x10): undefined reference to `GetConsoleScreenBufferInfo'
collect2: error: ld returned 1 exit status
CMakeFiles/cmTC_11888.dir/build.make:97: recipe for target 'cmTC_11888' failed
make[1]: *** [cmTC_11888] Error 1
make[1]: Leaving directory '/media/chris/seagate1/chris/PurdueSchool/llvm_sarvavid/SarvLibrary/ErrorCorrection/bloocoo/build/CMakeFiles/CMakeTmp'
Makefile:126: recipe for target 'cmTC_11888/fast' failed
make: *** [cmTC_11888/fast] Error 2


Determining if the function setsysinfo exists failed with the following output:
Change Dir: /home/chris/Dropbox/chris/PurdueSchool/llvm_sarvavid/SarvLibrary/ErrorCorrection/bloocoo/build/CMakeFiles/CMakeTmp

Run Build Command:"/usr/bin/make" "cmTC_d46c0/fast"
/usr/bin/make -f CMakeFiles/cmTC_d46c0.dir/build.make CMakeFiles/cmTC_d46c0.dir/build
make[1]: Entering directory '/media/chris/seagate1/chris/PurdueSchool/llvm_sarvavid/SarvLibrary/ErrorCorrection/bloocoo/build/CMakeFiles/CMakeTmp'
Building C object CMakeFiles/cmTC_d46c0.dir/CheckFunctionExists.c.o
/usr/bin/gcc -D_FILE_OFFSET_BITS=64 -D_LARGEFILE64_SOURCE -D_LARGEFILE_SOURCE  -msse2 -msse4.2 -mpopcnt -DCHECK_FUNCTION_EXISTS=setsysinfo   -o CMakeFiles/cmTC_d46c0.dir/CheckFunctionExists.c.o   -c /usr/share/cmake-3.10/Modules/CheckFunctionExists.c
Linking C executable cmTC_d46c0
/usr/bin/cmake -E cmake_link_script CMakeFiles/cmTC_d46c0.dir/link.txt --verbose=1
/usr/bin/gcc  -msse2 -msse4.2 -mpopcnt -DCHECK_FUNCTION_EXISTS=setsysinfo    -rdynamic CMakeFiles/cmTC_d46c0.dir/CheckFunctionExists.c.o  -o cmTC_d46c0 -lm -ldl 
CMakeFiles/cmTC_d46c0.dir/CheckFunctionExists.c.o: In function `main':
CheckFunctionExists.c:(.text+0x10): undefined reference to `setsysinfo'
collect2: error: ld returned 1 exit status
CMakeFiles/cmTC_d46c0.dir/build.make:97: recipe for target 'cmTC_d46c0' failed
make[1]: *** [cmTC_d46c0] Error 1
make[1]: Leaving directory '/media/chris/seagate1/chris/PurdueSchool/llvm_sarvavid/SarvLibrary/ErrorCorrection/bloocoo/build/CMakeFiles/CMakeTmp'
Makefile:126: recipe for target 'cmTC_d46c0/fast' failed
make: *** [cmTC_d46c0/fast] Error 2


Determining if the function sigsetjmp exists failed with the following output:
Change Dir: /home/chris/Dropbox/chris/PurdueSchool/llvm_sarvavid/SarvLibrary/ErrorCorrection/bloocoo/build/CMakeFiles/CMakeTmp

Run Build Command:"/usr/bin/make" "cmTC_fcecd/fast"
/usr/bin/make -f CMakeFiles/cmTC_fcecd.dir/build.make CMakeFiles/cmTC_fcecd.dir/build
make[1]: Entering directory '/media/chris/seagate1/chris/PurdueSchool/llvm_sarvavid/SarvLibrary/ErrorCorrection/bloocoo/build/CMakeFiles/CMakeTmp'
Building C object CMakeFiles/cmTC_fcecd.dir/CheckFunctionExists.c.o
/usr/bin/gcc -D_FILE_OFFSET_BITS=64 -D_LARGEFILE64_SOURCE -D_LARGEFILE_SOURCE  -msse2 -msse4.2 -mpopcnt -DCHECK_FUNCTION_EXISTS=sigsetjmp   -o CMakeFiles/cmTC_fcecd.dir/CheckFunctionExists.c.o   -c /usr/share/cmake-3.10/Modules/CheckFunctionExists.c
Linking C executable cmTC_fcecd
/usr/bin/cmake -E cmake_link_script CMakeFiles/cmTC_fcecd.dir/link.txt --verbose=1
/usr/bin/gcc  -msse2 -msse4.2 -mpopcnt -DCHECK_FUNCTION_EXISTS=sigsetjmp    -rdynamic CMakeFiles/cmTC_fcecd.dir/CheckFunctionExists.c.o  -o cmTC_fcecd -lm -ldl 
CMakeFiles/cmTC_fcecd.dir/CheckFunctionExists.c.o: In function `main':
CheckFunctionExists.c:(.text+0x10): undefined reference to `sigsetjmp'
collect2: error: ld returned 1 exit status
CMakeFiles/cmTC_fcecd.dir/build.make:97: recipe for target 'cmTC_fcecd' failed
make[1]: *** [cmTC_fcecd] Error 1
make[1]: Leaving directory '/media/chris/seagate1/chris/PurdueSchool/llvm_sarvavid/SarvLibrary/ErrorCorrection/bloocoo/build/CMakeFiles/CMakeTmp'
Makefile:126: recipe for target 'cmTC_fcecd/fast' failed
make: *** [cmTC_fcecd/fast] Error 2


Performing CXX Test OLD_HEADER_FILENAME failed with the following output:
Change Dir: /home/chris/Dropbox/chris/PurdueSchool/llvm_sarvavid/SarvLibrary/ErrorCorrection/bloocoo/build/CMakeFiles/CMakeTmp

Run Build Command:"/usr/bin/make" "cmTC_b218f/fast"
/usr/bin/make -f CMakeFiles/cmTC_b218f.dir/build.make CMakeFiles/cmTC_b218f.dir/build
make[1]: Entering directory '/media/chris/seagate1/chris/PurdueSchool/llvm_sarvavid/SarvLibrary/ErrorCorrection/bloocoo/build/CMakeFiles/CMakeTmp'
Building CXX object CMakeFiles/cmTC_b218f.dir/HDFCXXTests.cpp.o
/usr/bin/g++    -msse2 -msse4.2 -mpopcnt -DOLD_HEADER_FILENAME  -DHAVE_SYS_TIME_H -DHAVE_UNISTD_H -DHAVE_SYS_TYPES_H -DHAVE_SYS_SOCKET_H -D_FILE_OFFSET_BITS=64 -D_LARGEFILE64_SOURCE -D_LARGEFILE_SOURCE   -o CMakeFiles/cmTC_b218f.dir/HDFCXXTests.cpp.o -c /home/chris/Dropbox/chris/PurdueSchool/llvm_sarvavid/SarvLibrary/ErrorCorrection/bloocoo/thirdparty/gatb-core/gatb-core/thirdparty/hdf5/config/cmake_ext_mod/HDFCXXTests.cpp
Linking CXX executable cmTC_b218f
/usr/bin/cmake -E cmake_link_script CMakeFiles/cmTC_b218f.dir/link.txt --verbose=1
/usr/bin/g++   -msse2 -msse4.2 -mpopcnt -DOLD_HEADER_FILENAME  -DHAVE_SYS_TIME_H -DHAVE_UNISTD_H -DHAVE_SYS_TYPES_H -DHAVE_SYS_SOCKET_H -D_FILE_OFFSET_BITS=64 -D_LARGEFILE64_SOURCE -D_LARGEFILE_SOURCE    -rdynamic CMakeFiles/cmTC_b218f.dir/HDFCXXTests.cpp.o  -o cmTC_b218f -lm -ldl 
make[1]: Leaving directory '/media/chris/seagate1/chris/PurdueSchool/llvm_sarvavid/SarvLibrary/ErrorCorrection/bloocoo/build/CMakeFiles/CMakeTmp'

Performing CXX Test H5_NO_NAMESPACE failed with the following output:
Change Dir: /home/chris/Dropbox/chris/PurdueSchool/llvm_sarvavid/SarvLibrary/ErrorCorrection/bloocoo/build/CMakeFiles/CMakeTmp

Run Build Command:"/usr/bin/make" "cmTC_6ab18/fast"
/usr/bin/make -f CMakeFiles/cmTC_6ab18.dir/build.make CMakeFiles/cmTC_6ab18.dir/build
make[1]: Entering directory '/media/chris/seagate1/chris/PurdueSchool/llvm_sarvavid/SarvLibrary/ErrorCorrection/bloocoo/build/CMakeFiles/CMakeTmp'
Building CXX object CMakeFiles/cmTC_6ab18.dir/HDFCXXTests.cpp.o
/usr/bin/g++    -msse2 -msse4.2 -mpopcnt -DH5_NO_NAMESPACE  -DHAVE_SYS_TIME_H -DHAVE_UNISTD_H -DHAVE_SYS_TYPES_H -DHAVE_SYS_SOCKET_H -D_FILE_OFFSET_BITS=64 -D_LARGEFILE64_SOURCE -D_LARGEFILE_SOURCE   -o CMakeFiles/cmTC_6ab18.dir/HDFCXXTests.cpp.o -c /home/chris/Dropbox/chris/PurdueSchool/llvm_sarvavid/SarvLibrary/ErrorCorrection/bloocoo/thirdparty/gatb-core/gatb-core/thirdparty/hdf5/config/cmake_ext_mod/HDFCXXTests.cpp
Linking CXX executable cmTC_6ab18
/usr/bin/cmake -E cmake_link_script CMakeFiles/cmTC_6ab18.dir/link.txt --verbose=1
/usr/bin/g++   -msse2 -msse4.2 -mpopcnt -DH5_NO_NAMESPACE  -DHAVE_SYS_TIME_H -DHAVE_UNISTD_H -DHAVE_SYS_TYPES_H -DHAVE_SYS_SOCKET_H -D_FILE_OFFSET_BITS=64 -D_LARGEFILE64_SOURCE -D_LARGEFILE_SOURCE    -rdynamic CMakeFiles/cmTC_6ab18.dir/HDFCXXTests.cpp.o  -o cmTC_6ab18 -lm -ldl 
/usr/lib/gcc/x86_64-linux-gnu/6/../../../x86_64-linux-gnu/Scrt1.o: In function `_start':
(.text+0x20): undefined reference to `main'
collect2: error: ld returned 1 exit status
CMakeFiles/cmTC_6ab18.dir/build.make:97: recipe for target 'cmTC_6ab18' failed
make[1]: *** [cmTC_6ab18] Error 1
make[1]: Leaving directory '/media/chris/seagate1/chris/PurdueSchool/llvm_sarvavid/SarvLibrary/ErrorCorrection/bloocoo/build/CMakeFiles/CMakeTmp'
Makefile:126: recipe for target 'cmTC_6ab18/fast' failed
make: *** [cmTC_6ab18/fast] Error 2

Performing CXX Test H5_NO_STD failed with the following output:
Change Dir: /home/chris/Dropbox/chris/PurdueSchool/llvm_sarvavid/SarvLibrary/ErrorCorrection/bloocoo/build/CMakeFiles/CMakeTmp

Run Build Command:"/usr/bin/make" "cmTC_b4be2/fast"
/usr/bin/make -f CMakeFiles/cmTC_b4be2.dir/build.make CMakeFiles/cmTC_b4be2.dir/build
make[1]: Entering directory '/media/chris/seagate1/chris/PurdueSchool/llvm_sarvavid/SarvLibrary/ErrorCorrection/bloocoo/build/CMakeFiles/CMakeTmp'
Building CXX object CMakeFiles/cmTC_b4be2.dir/HDFCXXTests.cpp.o
/usr/bin/g++    -msse2 -msse4.2 -mpopcnt -DH5_NO_STD  -DHAVE_SYS_TIME_H -DHAVE_UNISTD_H -DHAVE_SYS_TYPES_H -DHAVE_SYS_SOCKET_H -D_FILE_OFFSET_BITS=64 -D_LARGEFILE64_SOURCE -D_LARGEFILE_SOURCE   -o CMakeFiles/cmTC_b4be2.dir/HDFCXXTests.cpp.o -c /home/chris/Dropbox/chris/PurdueSchool/llvm_sarvavid/SarvLibrary/ErrorCorrection/bloocoo/thirdparty/gatb-core/gatb-core/thirdparty/hdf5/config/cmake_ext_mod/HDFCXXTests.cpp
Linking CXX executable cmTC_b4be2
/usr/bin/cmake -E cmake_link_script CMakeFiles/cmTC_b4be2.dir/link.txt --verbose=1
/usr/bin/g++   -msse2 -msse4.2 -mpopcnt -DH5_NO_STD  -DHAVE_SYS_TIME_H -DHAVE_UNISTD_H -DHAVE_SYS_TYPES_H -DHAVE_SYS_SOCKET_H -D_FILE_OFFSET_BITS=64 -D_LARGEFILE64_SOURCE -D_LARGEFILE_SOURCE    -rdynamic CMakeFiles/cmTC_b4be2.dir/HDFCXXTests.cpp.o  -o cmTC_b4be2 -lm -ldl 
/usr/lib/gcc/x86_64-linux-gnu/6/../../../x86_64-linux-gnu/Scrt1.o: In function `_start':
(.text+0x20): undefined reference to `main'
collect2: error: ld returned 1 exit status
CMakeFiles/cmTC_b4be2.dir/build.make:97: recipe for target 'cmTC_b4be2' failed
make[1]: *** [cmTC_b4be2] Error 1
make[1]: Leaving directory '/media/chris/seagate1/chris/PurdueSchool/llvm_sarvavid/SarvLibrary/ErrorCorrection/bloocoo/build/CMakeFiles/CMakeTmp'
Makefile:126: recipe for target 'cmTC_b4be2/fast' failed
make: *** [cmTC_b4be2/fast] Error 2

Performing CXX Test BOOL_NOTDEFINED failed with the following output:
Change Dir: /home/chris/Dropbox/chris/PurdueSchool/llvm_sarvavid/SarvLibrary/ErrorCorrection/bloocoo/build/CMakeFiles/CMakeTmp

Run Build Command:"/usr/bin/make" "cmTC_e00a7/fast"
/usr/bin/make -f CMakeFiles/cmTC_e00a7.dir/build.make CMakeFiles/cmTC_e00a7.dir/build
make[1]: Entering directory '/media/chris/seagate1/chris/PurdueSchool/llvm_sarvavid/SarvLibrary/ErrorCorrection/bloocoo/build/CMakeFiles/CMakeTmp'
Building CXX object CMakeFiles/cmTC_e00a7.dir/HDFCXXTests.cpp.o
/usr/bin/g++    -msse2 -msse4.2 -mpopcnt -DBOOL_NOTDEFINED  -DHAVE_SYS_TIME_H -DHAVE_UNISTD_H -DHAVE_SYS_TYPES_H -DHAVE_SYS_SOCKET_H -D_FILE_OFFSET_BITS=64 -D_LARGEFILE64_SOURCE -D_LARGEFILE_SOURCE   -o CMakeFiles/cmTC_e00a7.dir/HDFCXXTests.cpp.o -c /home/chris/Dropbox/chris/PurdueSchool/llvm_sarvavid/SarvLibrary/ErrorCorrection/bloocoo/thirdparty/gatb-core/gatb-core/thirdparty/hdf5/config/cmake_ext_mod/HDFCXXTests.cpp
Linking CXX executable cmTC_e00a7
/usr/bin/cmake -E cmake_link_script CMakeFiles/cmTC_e00a7.dir/link.txt --verbose=1
/usr/bin/g++   -msse2 -msse4.2 -mpopcnt -DBOOL_NOTDEFINED  -DHAVE_SYS_TIME_H -DHAVE_UNISTD_H -DHAVE_SYS_TYPES_H -DHAVE_SYS_SOCKET_H -D_FILE_OFFSET_BITS=64 -D_LARGEFILE64_SOURCE -D_LARGEFILE_SOURCE    -rdynamic CMakeFiles/cmTC_e00a7.dir/HDFCXXTests.cpp.o  -o cmTC_e00a7 -lm -ldl 
make[1]: Leaving directory '/media/chris/seagate1/chris/PurdueSchool/llvm_sarvavid/SarvLibrary/ErrorCorrection/bloocoo/build/CMakeFiles/CMakeTmp'

Performing CXX Test NO_STATIC_CAST failed with the following output:
Change Dir: /home/chris/Dropbox/chris/PurdueSchool/llvm_sarvavid/SarvLibrary/ErrorCorrection/bloocoo/build/CMakeFiles/CMakeTmp

Run Build Command:"/usr/bin/make" "cmTC_131d4/fast"
/usr/bin/make -f CMakeFiles/cmTC_131d4.dir/build.make CMakeFiles/cmTC_131d4.dir/build
make[1]: Entering directory '/media/chris/seagate1/chris/PurdueSchool/llvm_sarvavid/SarvLibrary/ErrorCorrection/bloocoo/build/CMakeFiles/CMakeTmp'
Building CXX object CMakeFiles/cmTC_131d4.dir/HDFCXXTests.cpp.o
/usr/bin/g++    -msse2 -msse4.2 -mpopcnt -DNO_STATIC_CAST  -DHAVE_SYS_TIME_H -DHAVE_UNISTD_H -DHAVE_SYS_TYPES_H -DHAVE_SYS_SOCKET_H -D_FILE_OFFSET_BITS=64 -D_LARGEFILE64_SOURCE -D_LARGEFILE_SOURCE   -o CMakeFiles/cmTC_131d4.dir/HDFCXXTests.cpp.o -c /home/chris/Dropbox/chris/PurdueSchool/llvm_sarvavid/SarvLibrary/ErrorCorrection/bloocoo/thirdparty/gatb-core/gatb-core/thirdparty/hdf5/config/cmake_ext_mod/HDFCXXTests.cpp
Linking CXX executable cmTC_131d4
/usr/bin/cmake -E cmake_link_script CMakeFiles/cmTC_131d4.dir/link.txt --verbose=1
/usr/bin/g++   -msse2 -msse4.2 -mpopcnt -DNO_STATIC_CAST  -DHAVE_SYS_TIME_H -DHAVE_UNISTD_H -DHAVE_SYS_TYPES_H -DHAVE_SYS_SOCKET_H -D_FILE_OFFSET_BITS=64 -D_LARGEFILE64_SOURCE -D_LARGEFILE_SOURCE    -rdynamic CMakeFiles/cmTC_131d4.dir/HDFCXXTests.cpp.o  -o cmTC_131d4 -lm -ldl 
make[1]: Leaving directory '/media/chris/seagate1/chris/PurdueSchool/llvm_sarvavid/SarvLibrary/ErrorCorrection/bloocoo/build/CMakeFiles/CMakeTmp'

Determining if the function clock_gettime exists in the posix4 failed with the following output:
Change Dir: /home/chris/Dropbox/chris/PurdueSchool/llvm_sarvavid/SarvLibrary/ErrorCorrection/bloocoo/build/CMakeFiles/CMakeTmp

Run Build Command:"/usr/bin/make" "cmTC_3e2b9/fast"
/usr/bin/make -f CMakeFiles/cmTC_3e2b9.dir/build.make CMakeFiles/cmTC_3e2b9.dir/build
make[1]: Entering directory '/media/chris/seagate1/chris/PurdueSchool/llvm_sarvavid/SarvLibrary/ErrorCorrection/bloocoo/build/CMakeFiles/CMakeTmp'
Building C object CMakeFiles/cmTC_3e2b9.dir/CheckFunctionExists.c.o
/usr/bin/gcc -D_FILE_OFFSET_BITS=64 -D_LARGEFILE64_SOURCE -D_LARGEFILE_SOURCE  -msse2 -msse4.2 -mpopcnt -DCHECK_FUNCTION_EXISTS=clock_gettime   -o CMakeFiles/cmTC_3e2b9.dir/CheckFunctionExists.c.o   -c /usr/share/cmake-3.10/Modules/CheckFunctionExists.c
Linking C executable cmTC_3e2b9
/usr/bin/cmake -E cmake_link_script CMakeFiles/cmTC_3e2b9.dir/link.txt --verbose=1
/usr/bin/gcc  -msse2 -msse4.2 -mpopcnt -DCHECK_FUNCTION_EXISTS=clock_gettime    -rdynamic CMakeFiles/cmTC_3e2b9.dir/CheckFunctionExists.c.o  -o cmTC_3e2b9 -lposix4 -lm -ldl 
/usr/bin/x86_64-linux-gnu-ld: cannot find -lposix4
collect2: error: ld returned 1 exit status
CMakeFiles/cmTC_3e2b9.dir/build.make:97: recipe for target 'cmTC_3e2b9' failed
make[1]: *** [cmTC_3e2b9] Error 1
make[1]: Leaving directory '/media/chris/seagate1/chris/PurdueSchool/llvm_sarvavid/SarvLibrary/ErrorCorrection/bloocoo/build/CMakeFiles/CMakeTmp'
Makefile:126: recipe for target 'cmTC_3e2b9/fast' failed
make: *** [cmTC_3e2b9/fast] Error 2


Test H5_LDOUBLE_TO_LONG_SPECIAL Run failed with the following output and exit code:
 Change Dir: /home/chris/Dropbox/chris/PurdueSchool/llvm_sarvavid/SarvLibrary/ErrorCorrection/bloocoo/build/CMakeFiles/CMakeTmp

Run Build Command:"/usr/bin/make" "cmTC_b63b9/fast"
/usr/bin/make -f CMakeFiles/cmTC_b63b9.dir/build.make CMakeFiles/cmTC_b63b9.dir/build
make[1]: Entering directory '/media/chris/seagate1/chris/PurdueSchool/llvm_sarvavid/SarvLibrary/ErrorCorrection/bloocoo/build/CMakeFiles/CMakeTmp'
Building C object CMakeFiles/cmTC_b63b9.dir/ConversionTests.c.o
/usr/bin/gcc   -msse2 -msse4.2 -mpopcnt -DH5_LDOUBLE_TO_LONG_SPECIAL_TEST   -o CMakeFiles/cmTC_b63b9.dir/ConversionTests.c.o   -c /home/chris/Dropbox/chris/PurdueSchool/llvm_sarvavid/SarvLibrary/ErrorCorrection/bloocoo/thirdparty/gatb-core/gatb-core/thirdparty/hdf5/config/cmake/ConversionTests.c
Linking C executable cmTC_b63b9
/usr/bin/cmake -E cmake_link_script CMakeFiles/cmTC_b63b9.dir/link.txt --verbose=1
/usr/bin/gcc  -msse2 -msse4.2 -mpopcnt -DH5_LDOUBLE_TO_LONG_SPECIAL_TEST    -rdynamic CMakeFiles/cmTC_b63b9.dir/ConversionTests.c.o  -o cmTC_b63b9 
make[1]: Leaving directory '/media/chris/seagate1/chris/PurdueSchool/llvm_sarvavid/SarvLibrary/ErrorCorrection/bloocoo/build/CMakeFiles/CMakeTmp'

Test H5_LONG_TO_LDOUBLE_SPECIAL Run failed with the following output and exit code:
 Change Dir: /home/chris/Dropbox/chris/PurdueSchool/llvm_sarvavid/SarvLibrary/ErrorCorrection/bloocoo/build/CMakeFiles/CMakeTmp

Run Build Command:"/usr/bin/make" "cmTC_d023a/fast"
/usr/bin/make -f CMakeFiles/cmTC_d023a.dir/build.make CMakeFiles/cmTC_d023a.dir/build
make[1]: Entering directory '/media/chris/seagate1/chris/PurdueSchool/llvm_sarvavid/SarvLibrary/ErrorCorrection/bloocoo/build/CMakeFiles/CMakeTmp'
Building C object CMakeFiles/cmTC_d023a.dir/ConversionTests.c.o
/usr/bin/gcc   -msse2 -msse4.2 -mpopcnt -DH5_LONG_TO_LDOUBLE_SPECIAL_TEST   -o CMakeFiles/cmTC_d023a.dir/ConversionTests.c.o   -c /home/chris/Dropbox/chris/PurdueSchool/llvm_sarvavid/SarvLibrary/ErrorCorrection/bloocoo/thirdparty/gatb-core/gatb-core/thirdparty/hdf5/config/cmake/ConversionTests.c
Linking C executable cmTC_d023a
/usr/bin/cmake -E cmake_link_script CMakeFiles/cmTC_d023a.dir/link.txt --verbose=1
/usr/bin/gcc  -msse2 -msse4.2 -mpopcnt -DH5_LONG_TO_LDOUBLE_SPECIAL_TEST    -rdynamic CMakeFiles/cmTC_d023a.dir/ConversionTests.c.o  -o cmTC_d023a 
make[1]: Leaving directory '/media/chris/seagate1/chris/PurdueSchool/llvm_sarvavid/SarvLibrary/ErrorCorrection/bloocoo/build/CMakeFiles/CMakeTmp'

