Determining size of __uint128 failed with the following output:
Change Dir: /home/chris/Dropbox/chris/PurdueSchool/llvm_sarvavid/SarvLibrary/ErrorCorrection/LoRDEC/build/CMakeFiles/CMakeTmp

Run Build Command:"/usr/bin/make" "cmTC_9097c/fast"
/usr/bin/make -f CMakeFiles/cmTC_9097c.dir/build.make CMakeFiles/cmTC_9097c.dir/build
make[1]: Entering directory '/media/chris/seagate1/chris/PurdueSchool/llvm_sarvavid/SarvLibrary/ErrorCorrection/LoRDEC/build/CMakeFiles/CMakeTmp'
Building C object CMakeFiles/cmTC_9097c.dir/int128_t_USE__uint128.c.o
/usr/bin/gcc    -o CMakeFiles/cmTC_9097c.dir/int128_t_USE__uint128.c.o   -c /home/chris/Dropbox/chris/PurdueSchool/llvm_sarvavid/SarvLibrary/ErrorCorrection/LoRDEC/build/CMakeFiles/CheckTypeSize/int128_t_USE__uint128.c
/home/chris/Dropbox/chris/PurdueSchool/llvm_sarvavid/SarvLibrary/ErrorCorrection/LoRDEC/build/CMakeFiles/CheckTypeSize/int128_t_USE__uint128.c:23:22: error: ‘__uint128’ undeclared here (not in a function)
 #define SIZE (sizeof(__uint128))
                      ^
/home/chris/Dropbox/chris/PurdueSchool/llvm_sarvavid/SarvLibrary/ErrorCorrection/LoRDEC/build/CMakeFiles/CheckTypeSize/int128_t_USE__uint128.c:25:12: note: in expansion of macro ‘SIZE’
   ('0' + ((SIZE / 10000)%10)),
            ^~~~
CMakeFiles/cmTC_9097c.dir/build.make:65: recipe for target 'CMakeFiles/cmTC_9097c.dir/int128_t_USE__uint128.c.o' failed
make[1]: *** [CMakeFiles/cmTC_9097c.dir/int128_t_USE__uint128.c.o] Error 1
make[1]: Leaving directory '/media/chris/seagate1/chris/PurdueSchool/llvm_sarvavid/SarvLibrary/ErrorCorrection/LoRDEC/build/CMakeFiles/CMakeTmp'
Makefile:126: recipe for target 'cmTC_9097c/fast' failed
make: *** [cmTC_9097c/fast] Error 2

/home/chris/Dropbox/chris/PurdueSchool/llvm_sarvavid/SarvLibrary/ErrorCorrection/LoRDEC/build/CMakeFiles/CheckTypeSize/int128_t_USE__uint128.c:
#include <sys/types.h>
#include <stdint.h>
#include <stddef.h>


#undef KEY
#if defined(__i386)
# define KEY '_','_','i','3','8','6'
#elif defined(__x86_64)
# define KEY '_','_','x','8','6','_','6','4'
#elif defined(__ppc__)
# define KEY '_','_','p','p','c','_','_'
#elif defined(__ppc64__)
# define KEY '_','_','p','p','c','6','4','_','_'
#elif defined(__aarch64__)
# define KEY '_','_','a','a','r','c','h','6','4','_','_'
#elif defined(__ARM_ARCH_7A__)
# define KEY '_','_','A','R','M','_','A','R','C','H','_','7','A','_','_'
#elif defined(__ARM_ARCH_7S__)
# define KEY '_','_','A','R','M','_','A','R','C','H','_','7','S','_','_'
#endif

#define SIZE (sizeof(__uint128))
char info_size[] =  {'I', 'N', 'F', 'O', ':', 's','i','z','e','[',
  ('0' + ((SIZE / 10000)%10)),
  ('0' + ((SIZE / 1000)%10)),
  ('0' + ((SIZE / 100)%10)),
  ('0' + ((SIZE / 10)%10)),
  ('0' +  (SIZE    % 10)),
  ']',
#ifdef KEY
  ' ','k','e','y','[', KEY, ']',
#endif
  '\0'};

#ifdef __CLASSIC_C__
int main(argc, argv) int argc; char *argv[];
#else
int main(int argc, char *argv[])
#endif
{
  int require = 0;
  require += info_size[argc];
  (void)argv;
  return require;
}


Determining if the function WSAStartup exists in the ws2_32;m;dl failed with the following output:
Change Dir: /home/chris/Dropbox/chris/PurdueSchool/llvm_sarvavid/SarvLibrary/ErrorCorrection/LoRDEC/build/CMakeFiles/CMakeTmp

Run Build Command:"/usr/bin/make" "cmTC_2fea6/fast"
/usr/bin/make -f CMakeFiles/cmTC_2fea6.dir/build.make CMakeFiles/cmTC_2fea6.dir/build
make[1]: Entering directory '/media/chris/seagate1/chris/PurdueSchool/llvm_sarvavid/SarvLibrary/ErrorCorrection/LoRDEC/build/CMakeFiles/CMakeTmp'
Building C object CMakeFiles/cmTC_2fea6.dir/CheckFunctionExists.c.o
/usr/bin/gcc   -DCHECK_FUNCTION_EXISTS=WSAStartup   -o CMakeFiles/cmTC_2fea6.dir/CheckFunctionExists.c.o   -c /usr/share/cmake-3.10/Modules/CheckFunctionExists.c
Linking C executable cmTC_2fea6
/usr/bin/cmake -E cmake_link_script CMakeFiles/cmTC_2fea6.dir/link.txt --verbose=1
/usr/bin/gcc  -DCHECK_FUNCTION_EXISTS=WSAStartup    -rdynamic CMakeFiles/cmTC_2fea6.dir/CheckFunctionExists.c.o  -o cmTC_2fea6 -lws2_32 -lm -ldl 
/usr/bin/x86_64-linux-gnu-ld: cannot find -lws2_32
collect2: error: ld returned 1 exit status
CMakeFiles/cmTC_2fea6.dir/build.make:97: recipe for target 'cmTC_2fea6' failed
make[1]: *** [cmTC_2fea6] Error 1
make[1]: Leaving directory '/media/chris/seagate1/chris/PurdueSchool/llvm_sarvavid/SarvLibrary/ErrorCorrection/LoRDEC/build/CMakeFiles/CMakeTmp'
Makefile:126: recipe for target 'cmTC_2fea6/fast' failed
make: *** [cmTC_2fea6/fast] Error 2


Determining if the function gethostbyname exists in the wsock32;m;dl failed with the following output:
Change Dir: /home/chris/Dropbox/chris/PurdueSchool/llvm_sarvavid/SarvLibrary/ErrorCorrection/LoRDEC/build/CMakeFiles/CMakeTmp

Run Build Command:"/usr/bin/make" "cmTC_e62ba/fast"
/usr/bin/make -f CMakeFiles/cmTC_e62ba.dir/build.make CMakeFiles/cmTC_e62ba.dir/build
make[1]: Entering directory '/media/chris/seagate1/chris/PurdueSchool/llvm_sarvavid/SarvLibrary/ErrorCorrection/LoRDEC/build/CMakeFiles/CMakeTmp'
Building C object CMakeFiles/cmTC_e62ba.dir/CheckFunctionExists.c.o
/usr/bin/gcc   -DCHECK_FUNCTION_EXISTS=gethostbyname   -o CMakeFiles/cmTC_e62ba.dir/CheckFunctionExists.c.o   -c /usr/share/cmake-3.10/Modules/CheckFunctionExists.c
Linking C executable cmTC_e62ba
/usr/bin/cmake -E cmake_link_script CMakeFiles/cmTC_e62ba.dir/link.txt --verbose=1
/usr/bin/gcc  -DCHECK_FUNCTION_EXISTS=gethostbyname    -rdynamic CMakeFiles/cmTC_e62ba.dir/CheckFunctionExists.c.o  -o cmTC_e62ba -lwsock32 -lm -ldl 
/usr/bin/x86_64-linux-gnu-ld: cannot find -lwsock32
collect2: error: ld returned 1 exit status
CMakeFiles/cmTC_e62ba.dir/build.make:97: recipe for target 'cmTC_e62ba' failed
make[1]: *** [cmTC_e62ba] Error 1
make[1]: Leaving directory '/media/chris/seagate1/chris/PurdueSchool/llvm_sarvavid/SarvLibrary/ErrorCorrection/LoRDEC/build/CMakeFiles/CMakeTmp'
Makefile:126: recipe for target 'cmTC_e62ba/fast' failed
make: *** [cmTC_e62ba/fast] Error 2


Determining if the function gethostname exists in the ucb;m;dl failed with the following output:
Change Dir: /home/chris/Dropbox/chris/PurdueSchool/llvm_sarvavid/SarvLibrary/ErrorCorrection/LoRDEC/build/CMakeFiles/CMakeTmp

Run Build Command:"/usr/bin/make" "cmTC_db22d/fast"
/usr/bin/make -f CMakeFiles/cmTC_db22d.dir/build.make CMakeFiles/cmTC_db22d.dir/build
make[1]: Entering directory '/media/chris/seagate1/chris/PurdueSchool/llvm_sarvavid/SarvLibrary/ErrorCorrection/LoRDEC/build/CMakeFiles/CMakeTmp'
Building C object CMakeFiles/cmTC_db22d.dir/CheckFunctionExists.c.o
/usr/bin/gcc   -DCHECK_FUNCTION_EXISTS=gethostname   -o CMakeFiles/cmTC_db22d.dir/CheckFunctionExists.c.o   -c /usr/share/cmake-3.10/Modules/CheckFunctionExists.c
Linking C executable cmTC_db22d
/usr/bin/cmake -E cmake_link_script CMakeFiles/cmTC_db22d.dir/link.txt --verbose=1
/usr/bin/gcc  -DCHECK_FUNCTION_EXISTS=gethostname    -rdynamic CMakeFiles/cmTC_db22d.dir/CheckFunctionExists.c.o  -o cmTC_db22d -lucb -lm -ldl 
/usr/bin/x86_64-linux-gnu-ld: cannot find -lucb
collect2: error: ld returned 1 exit status
CMakeFiles/cmTC_db22d.dir/build.make:97: recipe for target 'cmTC_db22d' failed
make[1]: *** [cmTC_db22d] Error 1
make[1]: Leaving directory '/media/chris/seagate1/chris/PurdueSchool/llvm_sarvavid/SarvLibrary/ErrorCorrection/LoRDEC/build/CMakeFiles/CMakeTmp'
Makefile:126: recipe for target 'cmTC_db22d/fast' failed
make: *** [cmTC_db22d/fast] Error 2


Determining if the function connect exists in the socket;m;dl failed with the following output:
Change Dir: /home/chris/Dropbox/chris/PurdueSchool/llvm_sarvavid/SarvLibrary/ErrorCorrection/LoRDEC/build/CMakeFiles/CMakeTmp

Run Build Command:"/usr/bin/make" "cmTC_c3f7a/fast"
/usr/bin/make -f CMakeFiles/cmTC_c3f7a.dir/build.make CMakeFiles/cmTC_c3f7a.dir/build
make[1]: Entering directory '/media/chris/seagate1/chris/PurdueSchool/llvm_sarvavid/SarvLibrary/ErrorCorrection/LoRDEC/build/CMakeFiles/CMakeTmp'
Building C object CMakeFiles/cmTC_c3f7a.dir/CheckFunctionExists.c.o
/usr/bin/gcc   -DCHECK_FUNCTION_EXISTS=connect   -o CMakeFiles/cmTC_c3f7a.dir/CheckFunctionExists.c.o   -c /usr/share/cmake-3.10/Modules/CheckFunctionExists.c
Linking C executable cmTC_c3f7a
/usr/bin/cmake -E cmake_link_script CMakeFiles/cmTC_c3f7a.dir/link.txt --verbose=1
/usr/bin/gcc  -DCHECK_FUNCTION_EXISTS=connect    -rdynamic CMakeFiles/cmTC_c3f7a.dir/CheckFunctionExists.c.o  -o cmTC_c3f7a -lsocket -lm -ldl 
/usr/bin/x86_64-linux-gnu-ld: cannot find -lsocket
collect2: error: ld returned 1 exit status
CMakeFiles/cmTC_c3f7a.dir/build.make:97: recipe for target 'cmTC_c3f7a' failed
make[1]: *** [cmTC_c3f7a] Error 1
make[1]: Leaving directory '/media/chris/seagate1/chris/PurdueSchool/llvm_sarvavid/SarvLibrary/ErrorCorrection/LoRDEC/build/CMakeFiles/CMakeTmp'
Makefile:126: recipe for target 'cmTC_c3f7a/fast' failed
make: *** [cmTC_c3f7a/fast] Error 2


Determining if the function clock_gettime exists in the posix4 failed with the following output:
Change Dir: /home/chris/Dropbox/chris/PurdueSchool/llvm_sarvavid/SarvLibrary/ErrorCorrection/LoRDEC/build/CMakeFiles/CMakeTmp

Run Build Command:"/usr/bin/make" "cmTC_73b1b/fast"
/usr/bin/make -f CMakeFiles/cmTC_73b1b.dir/build.make CMakeFiles/cmTC_73b1b.dir/build
make[1]: Entering directory '/media/chris/seagate1/chris/PurdueSchool/llvm_sarvavid/SarvLibrary/ErrorCorrection/LoRDEC/build/CMakeFiles/CMakeTmp'
Building C object CMakeFiles/cmTC_73b1b.dir/CheckFunctionExists.c.o
/usr/bin/gcc   -DCHECK_FUNCTION_EXISTS=clock_gettime   -o CMakeFiles/cmTC_73b1b.dir/CheckFunctionExists.c.o   -c /usr/share/cmake-3.10/Modules/CheckFunctionExists.c
Linking C executable cmTC_73b1b
/usr/bin/cmake -E cmake_link_script CMakeFiles/cmTC_73b1b.dir/link.txt --verbose=1
/usr/bin/gcc  -DCHECK_FUNCTION_EXISTS=clock_gettime    -rdynamic CMakeFiles/cmTC_73b1b.dir/CheckFunctionExists.c.o  -o cmTC_73b1b -lposix4 -lm -ldl 
/usr/bin/x86_64-linux-gnu-ld: cannot find -lposix4
collect2: error: ld returned 1 exit status
CMakeFiles/cmTC_73b1b.dir/build.make:97: recipe for target 'cmTC_73b1b' failed
make[1]: *** [cmTC_73b1b] Error 1
make[1]: Leaving directory '/media/chris/seagate1/chris/PurdueSchool/llvm_sarvavid/SarvLibrary/ErrorCorrection/LoRDEC/build/CMakeFiles/CMakeTmp'
Makefile:126: recipe for target 'cmTC_73b1b/fast' failed
make: *** [cmTC_73b1b/fast] Error 2


Determining if files sys/resource.h;sys/time.h;unistd.h;sys/ioctl.h;sys/stat.h;sys/socket.h;sys/types.h;stddef.h;setjmp.h;features.h;dirent.h;stdint.h;mach/mach_time.h exist failed with the following output:
Change Dir: /home/chris/Dropbox/chris/PurdueSchool/llvm_sarvavid/SarvLibrary/ErrorCorrection/LoRDEC/build/CMakeFiles/CMakeTmp

Run Build Command:"/usr/bin/make" "cmTC_0488e/fast"
/usr/bin/make -f CMakeFiles/cmTC_0488e.dir/build.make CMakeFiles/cmTC_0488e.dir/build
make[1]: Entering directory '/media/chris/seagate1/chris/PurdueSchool/llvm_sarvavid/SarvLibrary/ErrorCorrection/LoRDEC/build/CMakeFiles/CMakeTmp'
Building C object CMakeFiles/cmTC_0488e.dir/CheckIncludeFiles.c.o
/usr/bin/gcc    -o CMakeFiles/cmTC_0488e.dir/CheckIncludeFiles.c.o   -c /home/chris/Dropbox/chris/PurdueSchool/llvm_sarvavid/SarvLibrary/ErrorCorrection/LoRDEC/build/CMakeFiles/CMakeTmp/CheckIncludeFiles.c
/home/chris/Dropbox/chris/PurdueSchool/llvm_sarvavid/SarvLibrary/ErrorCorrection/LoRDEC/build/CMakeFiles/CMakeTmp/CheckIncludeFiles.c:14:28: fatal error: mach/mach_time.h: No such file or directory
 #include <mach/mach_time.h>
                            ^
compilation terminated.
CMakeFiles/cmTC_0488e.dir/build.make:65: recipe for target 'CMakeFiles/cmTC_0488e.dir/CheckIncludeFiles.c.o' failed
make[1]: *** [CMakeFiles/cmTC_0488e.dir/CheckIncludeFiles.c.o] Error 1
make[1]: Leaving directory '/media/chris/seagate1/chris/PurdueSchool/llvm_sarvavid/SarvLibrary/ErrorCorrection/LoRDEC/build/CMakeFiles/CMakeTmp'
Makefile:126: recipe for target 'cmTC_0488e/fast' failed
make: *** [cmTC_0488e/fast] Error 2

Source:
/* */
#include <sys/resource.h>
#include <sys/time.h>
#include <unistd.h>
#include <sys/ioctl.h>
#include <sys/stat.h>
#include <sys/socket.h>
#include <sys/types.h>
#include <stddef.h>
#include <setjmp.h>
#include <features.h>
#include <dirent.h>
#include <stdint.h>
#include <mach/mach_time.h>


int main(void){return 0;}

Determining if files sys/resource.h;sys/time.h;unistd.h;sys/ioctl.h;sys/stat.h;sys/socket.h;sys/types.h;stddef.h;setjmp.h;features.h;dirent.h;stdint.h;io.h exist failed with the following output:
Change Dir: /home/chris/Dropbox/chris/PurdueSchool/llvm_sarvavid/SarvLibrary/ErrorCorrection/LoRDEC/build/CMakeFiles/CMakeTmp

Run Build Command:"/usr/bin/make" "cmTC_f0934/fast"
/usr/bin/make -f CMakeFiles/cmTC_f0934.dir/build.make CMakeFiles/cmTC_f0934.dir/build
make[1]: Entering directory '/media/chris/seagate1/chris/PurdueSchool/llvm_sarvavid/SarvLibrary/ErrorCorrection/LoRDEC/build/CMakeFiles/CMakeTmp'
Building C object CMakeFiles/cmTC_f0934.dir/CheckIncludeFiles.c.o
/usr/bin/gcc    -o CMakeFiles/cmTC_f0934.dir/CheckIncludeFiles.c.o   -c /home/chris/Dropbox/chris/PurdueSchool/llvm_sarvavid/SarvLibrary/ErrorCorrection/LoRDEC/build/CMakeFiles/CMakeTmp/CheckIncludeFiles.c
/home/chris/Dropbox/chris/PurdueSchool/llvm_sarvavid/SarvLibrary/ErrorCorrection/LoRDEC/build/CMakeFiles/CMakeTmp/CheckIncludeFiles.c:14:16: fatal error: io.h: No such file or directory
 #include <io.h>
                ^
compilation terminated.
CMakeFiles/cmTC_f0934.dir/build.make:65: recipe for target 'CMakeFiles/cmTC_f0934.dir/CheckIncludeFiles.c.o' failed
make[1]: *** [CMakeFiles/cmTC_f0934.dir/CheckIncludeFiles.c.o] Error 1
make[1]: Leaving directory '/media/chris/seagate1/chris/PurdueSchool/llvm_sarvavid/SarvLibrary/ErrorCorrection/LoRDEC/build/CMakeFiles/CMakeTmp'
Makefile:126: recipe for target 'cmTC_f0934/fast' failed
make: *** [cmTC_f0934/fast] Error 2

Source:
/* */
#include <sys/resource.h>
#include <sys/time.h>
#include <unistd.h>
#include <sys/ioctl.h>
#include <sys/stat.h>
#include <sys/socket.h>
#include <sys/types.h>
#include <stddef.h>
#include <setjmp.h>
#include <features.h>
#include <dirent.h>
#include <stdint.h>
#include <io.h>


int main(void){return 0;}

Determining if files sys/resource.h;sys/time.h;unistd.h;sys/ioctl.h;sys/stat.h;sys/socket.h;sys/types.h;stddef.h;setjmp.h;features.h;dirent.h;stdint.h;winsock2.h exist failed with the following output:
Change Dir: /home/chris/Dropbox/chris/PurdueSchool/llvm_sarvavid/SarvLibrary/ErrorCorrection/LoRDEC/build/CMakeFiles/CMakeTmp

Run Build Command:"/usr/bin/make" "cmTC_196f6/fast"
/usr/bin/make -f CMakeFiles/cmTC_196f6.dir/build.make CMakeFiles/cmTC_196f6.dir/build
make[1]: Entering directory '/media/chris/seagate1/chris/PurdueSchool/llvm_sarvavid/SarvLibrary/ErrorCorrection/LoRDEC/build/CMakeFiles/CMakeTmp'
Building C object CMakeFiles/cmTC_196f6.dir/CheckIncludeFiles.c.o
/usr/bin/gcc    -o CMakeFiles/cmTC_196f6.dir/CheckIncludeFiles.c.o   -c /home/chris/Dropbox/chris/PurdueSchool/llvm_sarvavid/SarvLibrary/ErrorCorrection/LoRDEC/build/CMakeFiles/CMakeTmp/CheckIncludeFiles.c
/home/chris/Dropbox/chris/PurdueSchool/llvm_sarvavid/SarvLibrary/ErrorCorrection/LoRDEC/build/CMakeFiles/CMakeTmp/CheckIncludeFiles.c:14:22: fatal error: winsock2.h: No such file or directory
 #include <winsock2.h>
                      ^
compilation terminated.
CMakeFiles/cmTC_196f6.dir/build.make:65: recipe for target 'CMakeFiles/cmTC_196f6.dir/CheckIncludeFiles.c.o' failed
make[1]: *** [CMakeFiles/cmTC_196f6.dir/CheckIncludeFiles.c.o] Error 1
make[1]: Leaving directory '/media/chris/seagate1/chris/PurdueSchool/llvm_sarvavid/SarvLibrary/ErrorCorrection/LoRDEC/build/CMakeFiles/CMakeTmp'
Makefile:126: recipe for target 'cmTC_196f6/fast' failed
make: *** [cmTC_196f6/fast] Error 2

Source:
/* */
#include <sys/resource.h>
#include <sys/time.h>
#include <unistd.h>
#include <sys/ioctl.h>
#include <sys/stat.h>
#include <sys/socket.h>
#include <sys/types.h>
#include <stddef.h>
#include <setjmp.h>
#include <features.h>
#include <dirent.h>
#include <stdint.h>
#include <winsock2.h>


int main(void){return 0;}

Determining if files sys/resource.h;sys/time.h;unistd.h;sys/ioctl.h;sys/stat.h;sys/socket.h;sys/types.h;stddef.h;setjmp.h;features.h;dirent.h;stdint.h;sys/timeb.h;globus/common.h exist failed with the following output:
Change Dir: /home/chris/Dropbox/chris/PurdueSchool/llvm_sarvavid/SarvLibrary/ErrorCorrection/LoRDEC/build/CMakeFiles/CMakeTmp

Run Build Command:"/usr/bin/make" "cmTC_18d5e/fast"
/usr/bin/make -f CMakeFiles/cmTC_18d5e.dir/build.make CMakeFiles/cmTC_18d5e.dir/build
make[1]: Entering directory '/media/chris/seagate1/chris/PurdueSchool/llvm_sarvavid/SarvLibrary/ErrorCorrection/LoRDEC/build/CMakeFiles/CMakeTmp'
Building C object CMakeFiles/cmTC_18d5e.dir/CheckIncludeFiles.c.o
/usr/bin/gcc    -o CMakeFiles/cmTC_18d5e.dir/CheckIncludeFiles.c.o   -c /home/chris/Dropbox/chris/PurdueSchool/llvm_sarvavid/SarvLibrary/ErrorCorrection/LoRDEC/build/CMakeFiles/CMakeTmp/CheckIncludeFiles.c
/home/chris/Dropbox/chris/PurdueSchool/llvm_sarvavid/SarvLibrary/ErrorCorrection/LoRDEC/build/CMakeFiles/CMakeTmp/CheckIncludeFiles.c:15:27: fatal error: globus/common.h: No such file or directory
 #include <globus/common.h>
                           ^
compilation terminated.
CMakeFiles/cmTC_18d5e.dir/build.make:65: recipe for target 'CMakeFiles/cmTC_18d5e.dir/CheckIncludeFiles.c.o' failed
make[1]: *** [CMakeFiles/cmTC_18d5e.dir/CheckIncludeFiles.c.o] Error 1
make[1]: Leaving directory '/media/chris/seagate1/chris/PurdueSchool/llvm_sarvavid/SarvLibrary/ErrorCorrection/LoRDEC/build/CMakeFiles/CMakeTmp'
Makefile:126: recipe for target 'cmTC_18d5e/fast' failed
make: *** [cmTC_18d5e/fast] Error 2

Source:
/* */
#include <sys/resource.h>
#include <sys/time.h>
#include <unistd.h>
#include <sys/ioctl.h>
#include <sys/stat.h>
#include <sys/socket.h>
#include <sys/types.h>
#include <stddef.h>
#include <setjmp.h>
#include <features.h>
#include <dirent.h>
#include <stdint.h>
#include <sys/timeb.h>
#include <globus/common.h>


int main(void){return 0;}

Determining if files sys/resource.h;sys/time.h;unistd.h;sys/ioctl.h;sys/stat.h;sys/socket.h;sys/types.h;stddef.h;setjmp.h;features.h;dirent.h;stdint.h;sys/timeb.h;pdb.h exist failed with the following output:
Change Dir: /home/chris/Dropbox/chris/PurdueSchool/llvm_sarvavid/SarvLibrary/ErrorCorrection/LoRDEC/build/CMakeFiles/CMakeTmp

Run Build Command:"/usr/bin/make" "cmTC_5e82d/fast"
/usr/bin/make -f CMakeFiles/cmTC_5e82d.dir/build.make CMakeFiles/cmTC_5e82d.dir/build
make[1]: Entering directory '/media/chris/seagate1/chris/PurdueSchool/llvm_sarvavid/SarvLibrary/ErrorCorrection/LoRDEC/build/CMakeFiles/CMakeTmp'
Building C object CMakeFiles/cmTC_5e82d.dir/CheckIncludeFiles.c.o
/usr/bin/gcc    -o CMakeFiles/cmTC_5e82d.dir/CheckIncludeFiles.c.o   -c /home/chris/Dropbox/chris/PurdueSchool/llvm_sarvavid/SarvLibrary/ErrorCorrection/LoRDEC/build/CMakeFiles/CMakeTmp/CheckIncludeFiles.c
/home/chris/Dropbox/chris/PurdueSchool/llvm_sarvavid/SarvLibrary/ErrorCorrection/LoRDEC/build/CMakeFiles/CMakeTmp/CheckIncludeFiles.c:15:17: fatal error: pdb.h: No such file or directory
 #include <pdb.h>
                 ^
compilation terminated.
CMakeFiles/cmTC_5e82d.dir/build.make:65: recipe for target 'CMakeFiles/cmTC_5e82d.dir/CheckIncludeFiles.c.o' failed
make[1]: *** [CMakeFiles/cmTC_5e82d.dir/CheckIncludeFiles.c.o] Error 1
make[1]: Leaving directory '/media/chris/seagate1/chris/PurdueSchool/llvm_sarvavid/SarvLibrary/ErrorCorrection/LoRDEC/build/CMakeFiles/CMakeTmp'
Makefile:126: recipe for target 'cmTC_5e82d/fast' failed
make: *** [cmTC_5e82d/fast] Error 2

Source:
/* */
#include <sys/resource.h>
#include <sys/time.h>
#include <unistd.h>
#include <sys/ioctl.h>
#include <sys/stat.h>
#include <sys/socket.h>
#include <sys/types.h>
#include <stddef.h>
#include <setjmp.h>
#include <features.h>
#include <dirent.h>
#include <stdint.h>
#include <sys/timeb.h>
#include <pdb.h>


int main(void){return 0;}

Determining if files sys/resource.h;sys/time.h;unistd.h;sys/ioctl.h;sys/stat.h;sys/socket.h;sys/types.h;stddef.h;setjmp.h;features.h;dirent.h;stdint.h;sys/timeb.h;pthread.h;srbclient.h exist failed with the following output:
Change Dir: /home/chris/Dropbox/chris/PurdueSchool/llvm_sarvavid/SarvLibrary/ErrorCorrection/LoRDEC/build/CMakeFiles/CMakeTmp

Run Build Command:"/usr/bin/make" "cmTC_5db27/fast"
/usr/bin/make -f CMakeFiles/cmTC_5db27.dir/build.make CMakeFiles/cmTC_5db27.dir/build
make[1]: Entering directory '/media/chris/seagate1/chris/PurdueSchool/llvm_sarvavid/SarvLibrary/ErrorCorrection/LoRDEC/build/CMakeFiles/CMakeTmp'
Building C object CMakeFiles/cmTC_5db27.dir/CheckIncludeFiles.c.o
/usr/bin/gcc    -o CMakeFiles/cmTC_5db27.dir/CheckIncludeFiles.c.o   -c /home/chris/Dropbox/chris/PurdueSchool/llvm_sarvavid/SarvLibrary/ErrorCorrection/LoRDEC/build/CMakeFiles/CMakeTmp/CheckIncludeFiles.c
/home/chris/Dropbox/chris/PurdueSchool/llvm_sarvavid/SarvLibrary/ErrorCorrection/LoRDEC/build/CMakeFiles/CMakeTmp/CheckIncludeFiles.c:16:23: fatal error: srbclient.h: No such file or directory
 #include <srbclient.h>
                       ^
compilation terminated.
CMakeFiles/cmTC_5db27.dir/build.make:65: recipe for target 'CMakeFiles/cmTC_5db27.dir/CheckIncludeFiles.c.o' failed
make[1]: *** [CMakeFiles/cmTC_5db27.dir/CheckIncludeFiles.c.o] Error 1
make[1]: Leaving directory '/media/chris/seagate1/chris/PurdueSchool/llvm_sarvavid/SarvLibrary/ErrorCorrection/LoRDEC/build/CMakeFiles/CMakeTmp'
Makefile:126: recipe for target 'cmTC_5db27/fast' failed
make: *** [cmTC_5db27/fast] Error 2

Source:
/* */
#include <sys/resource.h>
#include <sys/time.h>
#include <unistd.h>
#include <sys/ioctl.h>
#include <sys/stat.h>
#include <sys/socket.h>
#include <sys/types.h>
#include <stddef.h>
#include <setjmp.h>
#include <features.h>
#include <dirent.h>
#include <stdint.h>
#include <sys/timeb.h>
#include <pthread.h>
#include <srbclient.h>


int main(void){return 0;}

Determining size of __int64 failed with the following output:
Change Dir: /home/chris/Dropbox/chris/PurdueSchool/llvm_sarvavid/SarvLibrary/ErrorCorrection/LoRDEC/build/CMakeFiles/CMakeTmp

Run Build Command:"/usr/bin/make" "cmTC_bc17c/fast"
/usr/bin/make -f CMakeFiles/cmTC_bc17c.dir/build.make CMakeFiles/cmTC_bc17c.dir/build
make[1]: Entering directory '/media/chris/seagate1/chris/PurdueSchool/llvm_sarvavid/SarvLibrary/ErrorCorrection/LoRDEC/build/CMakeFiles/CMakeTmp'
Building C object CMakeFiles/cmTC_bc17c.dir/H5_SIZEOF___INT64.c.o
/usr/bin/gcc -D_BSD_SOURCE -D_FILE_OFFSET_BITS=64 -D_LARGEFILE64_SOURCE -D_LARGEFILE_SOURCE   -o CMakeFiles/cmTC_bc17c.dir/H5_SIZEOF___INT64.c.o   -c /home/chris/Dropbox/chris/PurdueSchool/llvm_sarvavid/SarvLibrary/ErrorCorrection/LoRDEC/build/CMakeFiles/CheckTypeSize/H5_SIZEOF___INT64.c
In file included from /usr/include/x86_64-linux-gnu/sys/types.h:25:0,
                 from /home/chris/Dropbox/chris/PurdueSchool/llvm_sarvavid/SarvLibrary/ErrorCorrection/LoRDEC/build/CMakeFiles/CheckTypeSize/H5_SIZEOF___INT64.c:1:
/usr/include/features.h:184:3: warning: #warning "_BSD_SOURCE and _SVID_SOURCE are deprecated, use _DEFAULT_SOURCE" [-Wcpp]
 # warning "_BSD_SOURCE and _SVID_SOURCE are deprecated, use _DEFAULT_SOURCE"
   ^~~~~~~
/home/chris/Dropbox/chris/PurdueSchool/llvm_sarvavid/SarvLibrary/ErrorCorrection/LoRDEC/build/CMakeFiles/CheckTypeSize/H5_SIZEOF___INT64.c:23:22: error: ‘__int64’ undeclared here (not in a function)
 #define SIZE (sizeof(__int64))
                      ^
/home/chris/Dropbox/chris/PurdueSchool/llvm_sarvavid/SarvLibrary/ErrorCorrection/LoRDEC/build/CMakeFiles/CheckTypeSize/H5_SIZEOF___INT64.c:25:12: note: in expansion of macro ‘SIZE’
   ('0' + ((SIZE / 10000)%10)),
            ^~~~
CMakeFiles/cmTC_bc17c.dir/build.make:65: recipe for target 'CMakeFiles/cmTC_bc17c.dir/H5_SIZEOF___INT64.c.o' failed
make[1]: *** [CMakeFiles/cmTC_bc17c.dir/H5_SIZEOF___INT64.c.o] Error 1
make[1]: Leaving directory '/media/chris/seagate1/chris/PurdueSchool/llvm_sarvavid/SarvLibrary/ErrorCorrection/LoRDEC/build/CMakeFiles/CMakeTmp'
Makefile:126: recipe for target 'cmTC_bc17c/fast' failed
make: *** [cmTC_bc17c/fast] Error 2

/home/chris/Dropbox/chris/PurdueSchool/llvm_sarvavid/SarvLibrary/ErrorCorrection/LoRDEC/build/CMakeFiles/CheckTypeSize/H5_SIZEOF___INT64.c:
#include <sys/types.h>
#include <stdint.h>
#include <stddef.h>


#undef KEY
#if defined(__i386)
# define KEY '_','_','i','3','8','6'
#elif defined(__x86_64)
# define KEY '_','_','x','8','6','_','6','4'
#elif defined(__ppc__)
# define KEY '_','_','p','p','c','_','_'
#elif defined(__ppc64__)
# define KEY '_','_','p','p','c','6','4','_','_'
#elif defined(__aarch64__)
# define KEY '_','_','a','a','r','c','h','6','4','_','_'
#elif defined(__ARM_ARCH_7A__)
# define KEY '_','_','A','R','M','_','A','R','C','H','_','7','A','_','_'
#elif defined(__ARM_ARCH_7S__)
# define KEY '_','_','A','R','M','_','A','R','C','H','_','7','S','_','_'
#endif

#define SIZE (sizeof(__int64))
char info_size[] =  {'I', 'N', 'F', 'O', ':', 's','i','z','e','[',
  ('0' + ((SIZE / 10000)%10)),
  ('0' + ((SIZE / 1000)%10)),
  ('0' + ((SIZE / 100)%10)),
  ('0' + ((SIZE / 10)%10)),
  ('0' +  (SIZE    % 10)),
  ']',
#ifdef KEY
  ' ','k','e','y','[', KEY, ']',
#endif
  '\0'};

#ifdef __CLASSIC_C__
int main(argc, argv) int argc; char *argv[];
#else
int main(int argc, char *argv[])
#endif
{
  int require = 0;
  require += info_size[argc];
  (void)argv;
  return require;
}


Determining if the variable CLOCK_MONOTONIC exists failed with the following output:
Change Dir: /home/chris/Dropbox/chris/PurdueSchool/llvm_sarvavid/SarvLibrary/ErrorCorrection/LoRDEC/build/CMakeFiles/CMakeTmp

Run Build Command:"/usr/bin/make" "cmTC_f9df8/fast"
/usr/bin/make -f CMakeFiles/cmTC_f9df8.dir/build.make CMakeFiles/cmTC_f9df8.dir/build
make[1]: Entering directory '/media/chris/seagate1/chris/PurdueSchool/llvm_sarvavid/SarvLibrary/ErrorCorrection/LoRDEC/build/CMakeFiles/CMakeTmp'
Building C object CMakeFiles/cmTC_f9df8.dir/CheckVariableExists.c.o
/usr/bin/gcc -D_BSD_SOURCE -D_FILE_OFFSET_BITS=64 -D_LARGEFILE64_SOURCE -D_LARGEFILE_SOURCE  -DCHECK_VARIABLE_EXISTS=CLOCK_MONOTONIC   -o CMakeFiles/cmTC_f9df8.dir/CheckVariableExists.c.o   -c /usr/share/cmake-3.10/Modules/CheckVariableExists.c
Linking C executable cmTC_f9df8
/usr/bin/cmake -E cmake_link_script CMakeFiles/cmTC_f9df8.dir/link.txt --verbose=1
/usr/bin/gcc  -DCHECK_VARIABLE_EXISTS=CLOCK_MONOTONIC    -rdynamic CMakeFiles/cmTC_f9df8.dir/CheckVariableExists.c.o  -o cmTC_f9df8 -lm -ldl 
CMakeFiles/cmTC_f9df8.dir/CheckVariableExists.c.o: In function `main':
CheckVariableExists.c:(.text+0x25): undefined reference to `CLOCK_MONOTONIC'
collect2: error: ld returned 1 exit status
CMakeFiles/cmTC_f9df8.dir/build.make:97: recipe for target 'cmTC_f9df8' failed
make[1]: *** [cmTC_f9df8] Error 1
make[1]: Leaving directory '/media/chris/seagate1/chris/PurdueSchool/llvm_sarvavid/SarvLibrary/ErrorCorrection/LoRDEC/build/CMakeFiles/CMakeTmp'
Makefile:126: recipe for target 'cmTC_f9df8/fast' failed
make: *** [cmTC_f9df8/fast] Error 2


Performing Other Test HAVE___TM_GMTOFF failed with the following output:
Change Dir: /home/chris/Dropbox/chris/PurdueSchool/llvm_sarvavid/SarvLibrary/ErrorCorrection/LoRDEC/build/CMakeFiles/CMakeTmp

Run Build Command:"/usr/bin/make" "cmTC_90859/fast"
/usr/bin/make -f CMakeFiles/cmTC_90859.dir/build.make CMakeFiles/cmTC_90859.dir/build
make[1]: Entering directory '/media/chris/seagate1/chris/PurdueSchool/llvm_sarvavid/SarvLibrary/ErrorCorrection/LoRDEC/build/CMakeFiles/CMakeTmp'
Building C object CMakeFiles/cmTC_90859.dir/HDF5Tests.c.o
/usr/bin/gcc   -DHAVE___TM_GMTOFF  -DHAVE_SYS_TIME_H -DHAVE_UNISTD_H -DHAVE_SYS_TYPES_H -DHAVE_SYS_SOCKET_H -D_FILE_OFFSET_BITS=64 -D_LARGEFILE64_SOURCE -D_LARGEFILE_SOURCE   -o CMakeFiles/cmTC_90859.dir/HDF5Tests.c.o   -c /home/chris/Dropbox/chris/PurdueSchool/llvm_sarvavid/SarvLibrary/ErrorCorrection/LoRDEC/thirdparty/gatb-core/thirdparty/hdf5/config/cmake/HDF5Tests.c
/home/chris/Dropbox/chris/PurdueSchool/llvm_sarvavid/SarvLibrary/ErrorCorrection/LoRDEC/thirdparty/gatb-core/thirdparty/hdf5/config/cmake/HDF5Tests.c: In function ‘main’:
/home/chris/Dropbox/chris/PurdueSchool/llvm_sarvavid/SarvLibrary/ErrorCorrection/LoRDEC/thirdparty/gatb-core/thirdparty/hdf5/config/cmake/HDF5Tests.c:191:29: error: ‘struct tm’ has no member named ‘__tm_gmtoff’; did you mean ‘tm_gmtoff’?
 SIMPLE_TEST(struct tm tm; tm.__tm_gmtoff=0);
                             ^
/home/chris/Dropbox/chris/PurdueSchool/llvm_sarvavid/SarvLibrary/ErrorCorrection/LoRDEC/thirdparty/gatb-core/thirdparty/hdf5/config/cmake/HDF5Tests.c:1:36: note: in definition of macro ‘SIMPLE_TEST’
 #define SIMPLE_TEST(x) int main(){ x; return 0; }
                                    ^
CMakeFiles/cmTC_90859.dir/build.make:65: recipe for target 'CMakeFiles/cmTC_90859.dir/HDF5Tests.c.o' failed
make[1]: *** [CMakeFiles/cmTC_90859.dir/HDF5Tests.c.o] Error 1
make[1]: Leaving directory '/media/chris/seagate1/chris/PurdueSchool/llvm_sarvavid/SarvLibrary/ErrorCorrection/LoRDEC/build/CMakeFiles/CMakeTmp'
Makefile:126: recipe for target 'cmTC_90859/fast' failed
make: *** [cmTC_90859/fast] Error 2

Performing Other Test HAVE_STRUCT_VIDEOCONFIG failed with the following output:
Change Dir: /home/chris/Dropbox/chris/PurdueSchool/llvm_sarvavid/SarvLibrary/ErrorCorrection/LoRDEC/build/CMakeFiles/CMakeTmp

Run Build Command:"/usr/bin/make" "cmTC_3228c/fast"
/usr/bin/make -f CMakeFiles/cmTC_3228c.dir/build.make CMakeFiles/cmTC_3228c.dir/build
make[1]: Entering directory '/media/chris/seagate1/chris/PurdueSchool/llvm_sarvavid/SarvLibrary/ErrorCorrection/LoRDEC/build/CMakeFiles/CMakeTmp'
Building C object CMakeFiles/cmTC_3228c.dir/HDF5Tests.c.o
/usr/bin/gcc   -DHAVE_STRUCT_VIDEOCONFIG  -DHAVE_SYS_TIME_H -DHAVE_UNISTD_H -DHAVE_SYS_TYPES_H -DHAVE_SYS_SOCKET_H -D_FILE_OFFSET_BITS=64 -D_LARGEFILE64_SOURCE -D_LARGEFILE_SOURCE   -o CMakeFiles/cmTC_3228c.dir/HDF5Tests.c.o   -c /home/chris/Dropbox/chris/PurdueSchool/llvm_sarvavid/SarvLibrary/ErrorCorrection/LoRDEC/thirdparty/gatb-core/thirdparty/hdf5/config/cmake/HDF5Tests.c
/home/chris/Dropbox/chris/PurdueSchool/llvm_sarvavid/SarvLibrary/ErrorCorrection/LoRDEC/thirdparty/gatb-core/thirdparty/hdf5/config/cmake/HDF5Tests.c: In function ‘main’:
/home/chris/Dropbox/chris/PurdueSchool/llvm_sarvavid/SarvLibrary/ErrorCorrection/LoRDEC/thirdparty/gatb-core/thirdparty/hdf5/config/cmake/HDF5Tests.c:471:32: error: storage size of ‘w’ isn’t known
 SIMPLE_TEST(struct videoconfig w; w.numtextcols=0);
                                ^
/home/chris/Dropbox/chris/PurdueSchool/llvm_sarvavid/SarvLibrary/ErrorCorrection/LoRDEC/thirdparty/gatb-core/thirdparty/hdf5/config/cmake/HDF5Tests.c:1:36: note: in definition of macro ‘SIMPLE_TEST’
 #define SIMPLE_TEST(x) int main(){ x; return 0; }
                                    ^
CMakeFiles/cmTC_3228c.dir/build.make:65: recipe for target 'CMakeFiles/cmTC_3228c.dir/HDF5Tests.c.o' failed
make[1]: *** [CMakeFiles/cmTC_3228c.dir/HDF5Tests.c.o] Error 1
make[1]: Leaving directory '/media/chris/seagate1/chris/PurdueSchool/llvm_sarvavid/SarvLibrary/ErrorCorrection/LoRDEC/build/CMakeFiles/CMakeTmp'
Makefile:126: recipe for target 'cmTC_3228c/fast' failed
make: *** [cmTC_3228c/fast] Error 2

Performing Other Test HAVE_STRUCT_TEXT_INFO failed with the following output:
Change Dir: /home/chris/Dropbox/chris/PurdueSchool/llvm_sarvavid/SarvLibrary/ErrorCorrection/LoRDEC/build/CMakeFiles/CMakeTmp

Run Build Command:"/usr/bin/make" "cmTC_24f34/fast"
/usr/bin/make -f CMakeFiles/cmTC_24f34.dir/build.make CMakeFiles/cmTC_24f34.dir/build
make[1]: Entering directory '/media/chris/seagate1/chris/PurdueSchool/llvm_sarvavid/SarvLibrary/ErrorCorrection/LoRDEC/build/CMakeFiles/CMakeTmp'
Building C object CMakeFiles/cmTC_24f34.dir/HDF5Tests.c.o
/usr/bin/gcc   -DHAVE_STRUCT_TEXT_INFO  -DHAVE_SYS_TIME_H -DHAVE_UNISTD_H -DHAVE_SYS_TYPES_H -DHAVE_SYS_SOCKET_H -D_FILE_OFFSET_BITS=64 -D_LARGEFILE64_SOURCE -D_LARGEFILE_SOURCE   -o CMakeFiles/cmTC_24f34.dir/HDF5Tests.c.o   -c /home/chris/Dropbox/chris/PurdueSchool/llvm_sarvavid/SarvLibrary/ErrorCorrection/LoRDEC/thirdparty/gatb-core/thirdparty/hdf5/config/cmake/HDF5Tests.c
/home/chris/Dropbox/chris/PurdueSchool/llvm_sarvavid/SarvLibrary/ErrorCorrection/LoRDEC/thirdparty/gatb-core/thirdparty/hdf5/config/cmake/HDF5Tests.c: In function ‘main’:
/home/chris/Dropbox/chris/PurdueSchool/llvm_sarvavid/SarvLibrary/ErrorCorrection/LoRDEC/thirdparty/gatb-core/thirdparty/hdf5/config/cmake/HDF5Tests.c:477:30: error: storage size of ‘w’ isn’t known
 SIMPLE_TEST(struct text_info w; w.screenwidth=0);
                              ^
/home/chris/Dropbox/chris/PurdueSchool/llvm_sarvavid/SarvLibrary/ErrorCorrection/LoRDEC/thirdparty/gatb-core/thirdparty/hdf5/config/cmake/HDF5Tests.c:1:36: note: in definition of macro ‘SIMPLE_TEST’
 #define SIMPLE_TEST(x) int main(){ x; return 0; }
                                    ^
CMakeFiles/cmTC_24f34.dir/build.make:65: recipe for target 'CMakeFiles/cmTC_24f34.dir/HDF5Tests.c.o' failed
make[1]: *** [CMakeFiles/cmTC_24f34.dir/HDF5Tests.c.o] Error 1
make[1]: Leaving directory '/media/chris/seagate1/chris/PurdueSchool/llvm_sarvavid/SarvLibrary/ErrorCorrection/LoRDEC/build/CMakeFiles/CMakeTmp'
Makefile:126: recipe for target 'cmTC_24f34/fast' failed
make: *** [cmTC_24f34/fast] Error 2

Determining if the function _getvideoconfig exists failed with the following output:
Change Dir: /home/chris/Dropbox/chris/PurdueSchool/llvm_sarvavid/SarvLibrary/ErrorCorrection/LoRDEC/build/CMakeFiles/CMakeTmp

Run Build Command:"/usr/bin/make" "cmTC_cdf5a/fast"
/usr/bin/make -f CMakeFiles/cmTC_cdf5a.dir/build.make CMakeFiles/cmTC_cdf5a.dir/build
make[1]: Entering directory '/media/chris/seagate1/chris/PurdueSchool/llvm_sarvavid/SarvLibrary/ErrorCorrection/LoRDEC/build/CMakeFiles/CMakeTmp'
Building C object CMakeFiles/cmTC_cdf5a.dir/CheckFunctionExists.c.o
/usr/bin/gcc -D_BSD_SOURCE -D_FILE_OFFSET_BITS=64 -D_LARGEFILE64_SOURCE -D_LARGEFILE_SOURCE  -DCHECK_FUNCTION_EXISTS=_getvideoconfig   -o CMakeFiles/cmTC_cdf5a.dir/CheckFunctionExists.c.o   -c /usr/share/cmake-3.10/Modules/CheckFunctionExists.c
Linking C executable cmTC_cdf5a
/usr/bin/cmake -E cmake_link_script CMakeFiles/cmTC_cdf5a.dir/link.txt --verbose=1
/usr/bin/gcc  -DCHECK_FUNCTION_EXISTS=_getvideoconfig    -rdynamic CMakeFiles/cmTC_cdf5a.dir/CheckFunctionExists.c.o  -o cmTC_cdf5a -lm -ldl 
CMakeFiles/cmTC_cdf5a.dir/CheckFunctionExists.c.o: In function `main':
CheckFunctionExists.c:(.text+0x10): undefined reference to `_getvideoconfig'
collect2: error: ld returned 1 exit status
CMakeFiles/cmTC_cdf5a.dir/build.make:97: recipe for target 'cmTC_cdf5a' failed
make[1]: *** [cmTC_cdf5a] Error 1
make[1]: Leaving directory '/media/chris/seagate1/chris/PurdueSchool/llvm_sarvavid/SarvLibrary/ErrorCorrection/LoRDEC/build/CMakeFiles/CMakeTmp'
Makefile:126: recipe for target 'cmTC_cdf5a/fast' failed
make: *** [cmTC_cdf5a/fast] Error 2


Determining if the function gettextinfo exists failed with the following output:
Change Dir: /home/chris/Dropbox/chris/PurdueSchool/llvm_sarvavid/SarvLibrary/ErrorCorrection/LoRDEC/build/CMakeFiles/CMakeTmp

Run Build Command:"/usr/bin/make" "cmTC_83dc1/fast"
/usr/bin/make -f CMakeFiles/cmTC_83dc1.dir/build.make CMakeFiles/cmTC_83dc1.dir/build
make[1]: Entering directory '/media/chris/seagate1/chris/PurdueSchool/llvm_sarvavid/SarvLibrary/ErrorCorrection/LoRDEC/build/CMakeFiles/CMakeTmp'
Building C object CMakeFiles/cmTC_83dc1.dir/CheckFunctionExists.c.o
/usr/bin/gcc -D_BSD_SOURCE -D_FILE_OFFSET_BITS=64 -D_LARGEFILE64_SOURCE -D_LARGEFILE_SOURCE  -DCHECK_FUNCTION_EXISTS=gettextinfo   -o CMakeFiles/cmTC_83dc1.dir/CheckFunctionExists.c.o   -c /usr/share/cmake-3.10/Modules/CheckFunctionExists.c
Linking C executable cmTC_83dc1
/usr/bin/cmake -E cmake_link_script CMakeFiles/cmTC_83dc1.dir/link.txt --verbose=1
/usr/bin/gcc  -DCHECK_FUNCTION_EXISTS=gettextinfo    -rdynamic CMakeFiles/cmTC_83dc1.dir/CheckFunctionExists.c.o  -o cmTC_83dc1 -lm -ldl 
CMakeFiles/cmTC_83dc1.dir/CheckFunctionExists.c.o: In function `main':
CheckFunctionExists.c:(.text+0x10): undefined reference to `gettextinfo'
collect2: error: ld returned 1 exit status
CMakeFiles/cmTC_83dc1.dir/build.make:97: recipe for target 'cmTC_83dc1' failed
make[1]: *** [cmTC_83dc1] Error 1
make[1]: Leaving directory '/media/chris/seagate1/chris/PurdueSchool/llvm_sarvavid/SarvLibrary/ErrorCorrection/LoRDEC/build/CMakeFiles/CMakeTmp'
Makefile:126: recipe for target 'cmTC_83dc1/fast' failed
make: *** [cmTC_83dc1/fast] Error 2


Determining if the function _scrsize exists failed with the following output:
Change Dir: /home/chris/Dropbox/chris/PurdueSchool/llvm_sarvavid/SarvLibrary/ErrorCorrection/LoRDEC/build/CMakeFiles/CMakeTmp

Run Build Command:"/usr/bin/make" "cmTC_bc115/fast"
/usr/bin/make -f CMakeFiles/cmTC_bc115.dir/build.make CMakeFiles/cmTC_bc115.dir/build
make[1]: Entering directory '/media/chris/seagate1/chris/PurdueSchool/llvm_sarvavid/SarvLibrary/ErrorCorrection/LoRDEC/build/CMakeFiles/CMakeTmp'
Building C object CMakeFiles/cmTC_bc115.dir/CheckFunctionExists.c.o
/usr/bin/gcc -D_BSD_SOURCE -D_FILE_OFFSET_BITS=64 -D_LARGEFILE64_SOURCE -D_LARGEFILE_SOURCE  -DCHECK_FUNCTION_EXISTS=_scrsize   -o CMakeFiles/cmTC_bc115.dir/CheckFunctionExists.c.o   -c /usr/share/cmake-3.10/Modules/CheckFunctionExists.c
Linking C executable cmTC_bc115
/usr/bin/cmake -E cmake_link_script CMakeFiles/cmTC_bc115.dir/link.txt --verbose=1
/usr/bin/gcc  -DCHECK_FUNCTION_EXISTS=_scrsize    -rdynamic CMakeFiles/cmTC_bc115.dir/CheckFunctionExists.c.o  -o cmTC_bc115 -lm -ldl 
CMakeFiles/cmTC_bc115.dir/CheckFunctionExists.c.o: In function `main':
CheckFunctionExists.c:(.text+0x10): undefined reference to `_scrsize'
collect2: error: ld returned 1 exit status
CMakeFiles/cmTC_bc115.dir/build.make:97: recipe for target 'cmTC_bc115' failed
make[1]: *** [cmTC_bc115] Error 1
make[1]: Leaving directory '/media/chris/seagate1/chris/PurdueSchool/llvm_sarvavid/SarvLibrary/ErrorCorrection/LoRDEC/build/CMakeFiles/CMakeTmp'
Makefile:126: recipe for target 'cmTC_bc115/fast' failed
make: *** [cmTC_bc115/fast] Error 2


Determining if the function GetConsoleScreenBufferInfo exists failed with the following output:
Change Dir: /home/chris/Dropbox/chris/PurdueSchool/llvm_sarvavid/SarvLibrary/ErrorCorrection/LoRDEC/build/CMakeFiles/CMakeTmp

Run Build Command:"/usr/bin/make" "cmTC_84947/fast"
/usr/bin/make -f CMakeFiles/cmTC_84947.dir/build.make CMakeFiles/cmTC_84947.dir/build
make[1]: Entering directory '/media/chris/seagate1/chris/PurdueSchool/llvm_sarvavid/SarvLibrary/ErrorCorrection/LoRDEC/build/CMakeFiles/CMakeTmp'
Building C object CMakeFiles/cmTC_84947.dir/CheckFunctionExists.c.o
/usr/bin/gcc -D_BSD_SOURCE -D_FILE_OFFSET_BITS=64 -D_LARGEFILE64_SOURCE -D_LARGEFILE_SOURCE  -DCHECK_FUNCTION_EXISTS=GetConsoleScreenBufferInfo   -o CMakeFiles/cmTC_84947.dir/CheckFunctionExists.c.o   -c /usr/share/cmake-3.10/Modules/CheckFunctionExists.c
Linking C executable cmTC_84947
/usr/bin/cmake -E cmake_link_script CMakeFiles/cmTC_84947.dir/link.txt --verbose=1
/usr/bin/gcc  -DCHECK_FUNCTION_EXISTS=GetConsoleScreenBufferInfo    -rdynamic CMakeFiles/cmTC_84947.dir/CheckFunctionExists.c.o  -o cmTC_84947 -lm -ldl 
CMakeFiles/cmTC_84947.dir/CheckFunctionExists.c.o: In function `main':
CheckFunctionExists.c:(.text+0x10): undefined reference to `GetConsoleScreenBufferInfo'
collect2: error: ld returned 1 exit status
CMakeFiles/cmTC_84947.dir/build.make:97: recipe for target 'cmTC_84947' failed
make[1]: *** [cmTC_84947] Error 1
make[1]: Leaving directory '/media/chris/seagate1/chris/PurdueSchool/llvm_sarvavid/SarvLibrary/ErrorCorrection/LoRDEC/build/CMakeFiles/CMakeTmp'
Makefile:126: recipe for target 'cmTC_84947/fast' failed
make: *** [cmTC_84947/fast] Error 2


Determining if the function setsysinfo exists failed with the following output:
Change Dir: /home/chris/Dropbox/chris/PurdueSchool/llvm_sarvavid/SarvLibrary/ErrorCorrection/LoRDEC/build/CMakeFiles/CMakeTmp

Run Build Command:"/usr/bin/make" "cmTC_e3cde/fast"
/usr/bin/make -f CMakeFiles/cmTC_e3cde.dir/build.make CMakeFiles/cmTC_e3cde.dir/build
make[1]: Entering directory '/media/chris/seagate1/chris/PurdueSchool/llvm_sarvavid/SarvLibrary/ErrorCorrection/LoRDEC/build/CMakeFiles/CMakeTmp'
Building C object CMakeFiles/cmTC_e3cde.dir/CheckFunctionExists.c.o
/usr/bin/gcc -D_BSD_SOURCE -D_FILE_OFFSET_BITS=64 -D_LARGEFILE64_SOURCE -D_LARGEFILE_SOURCE  -DCHECK_FUNCTION_EXISTS=setsysinfo   -o CMakeFiles/cmTC_e3cde.dir/CheckFunctionExists.c.o   -c /usr/share/cmake-3.10/Modules/CheckFunctionExists.c
Linking C executable cmTC_e3cde
/usr/bin/cmake -E cmake_link_script CMakeFiles/cmTC_e3cde.dir/link.txt --verbose=1
/usr/bin/gcc  -DCHECK_FUNCTION_EXISTS=setsysinfo    -rdynamic CMakeFiles/cmTC_e3cde.dir/CheckFunctionExists.c.o  -o cmTC_e3cde -lm -ldl 
CMakeFiles/cmTC_e3cde.dir/CheckFunctionExists.c.o: In function `main':
CheckFunctionExists.c:(.text+0x10): undefined reference to `setsysinfo'
collect2: error: ld returned 1 exit status
CMakeFiles/cmTC_e3cde.dir/build.make:97: recipe for target 'cmTC_e3cde' failed
make[1]: *** [cmTC_e3cde] Error 1
make[1]: Leaving directory '/media/chris/seagate1/chris/PurdueSchool/llvm_sarvavid/SarvLibrary/ErrorCorrection/LoRDEC/build/CMakeFiles/CMakeTmp'
Makefile:126: recipe for target 'cmTC_e3cde/fast' failed
make: *** [cmTC_e3cde/fast] Error 2


Determining if the function sigsetjmp exists failed with the following output:
Change Dir: /home/chris/Dropbox/chris/PurdueSchool/llvm_sarvavid/SarvLibrary/ErrorCorrection/LoRDEC/build/CMakeFiles/CMakeTmp

Run Build Command:"/usr/bin/make" "cmTC_0cbd9/fast"
/usr/bin/make -f CMakeFiles/cmTC_0cbd9.dir/build.make CMakeFiles/cmTC_0cbd9.dir/build
make[1]: Entering directory '/media/chris/seagate1/chris/PurdueSchool/llvm_sarvavid/SarvLibrary/ErrorCorrection/LoRDEC/build/CMakeFiles/CMakeTmp'
Building C object CMakeFiles/cmTC_0cbd9.dir/CheckFunctionExists.c.o
/usr/bin/gcc -D_BSD_SOURCE -D_FILE_OFFSET_BITS=64 -D_LARGEFILE64_SOURCE -D_LARGEFILE_SOURCE  -DCHECK_FUNCTION_EXISTS=sigsetjmp   -o CMakeFiles/cmTC_0cbd9.dir/CheckFunctionExists.c.o   -c /usr/share/cmake-3.10/Modules/CheckFunctionExists.c
Linking C executable cmTC_0cbd9
/usr/bin/cmake -E cmake_link_script CMakeFiles/cmTC_0cbd9.dir/link.txt --verbose=1
/usr/bin/gcc  -DCHECK_FUNCTION_EXISTS=sigsetjmp    -rdynamic CMakeFiles/cmTC_0cbd9.dir/CheckFunctionExists.c.o  -o cmTC_0cbd9 -lm -ldl 
CMakeFiles/cmTC_0cbd9.dir/CheckFunctionExists.c.o: In function `main':
CheckFunctionExists.c:(.text+0x10): undefined reference to `sigsetjmp'
collect2: error: ld returned 1 exit status
CMakeFiles/cmTC_0cbd9.dir/build.make:97: recipe for target 'cmTC_0cbd9' failed
make[1]: *** [cmTC_0cbd9] Error 1
make[1]: Leaving directory '/media/chris/seagate1/chris/PurdueSchool/llvm_sarvavid/SarvLibrary/ErrorCorrection/LoRDEC/build/CMakeFiles/CMakeTmp'
Makefile:126: recipe for target 'cmTC_0cbd9/fast' failed
make: *** [cmTC_0cbd9/fast] Error 2


Performing CXX Test OLD_HEADER_FILENAME failed with the following output:
Change Dir: /home/chris/Dropbox/chris/PurdueSchool/llvm_sarvavid/SarvLibrary/ErrorCorrection/LoRDEC/build/CMakeFiles/CMakeTmp

Run Build Command:"/usr/bin/make" "cmTC_ce1ee/fast"
/usr/bin/make -f CMakeFiles/cmTC_ce1ee.dir/build.make CMakeFiles/cmTC_ce1ee.dir/build
make[1]: Entering directory '/media/chris/seagate1/chris/PurdueSchool/llvm_sarvavid/SarvLibrary/ErrorCorrection/LoRDEC/build/CMakeFiles/CMakeTmp'
Building CXX object CMakeFiles/cmTC_ce1ee.dir/HDF5CXXTests.cpp.o
/usr/bin/g++    -DOLD_HEADER_FILENAME  -DHAVE_SYS_TIME_H -DHAVE_UNISTD_H -DHAVE_SYS_TYPES_H -DHAVE_SYS_SOCKET_H -D_FILE_OFFSET_BITS=64 -D_LARGEFILE64_SOURCE -D_LARGEFILE_SOURCE   -o CMakeFiles/cmTC_ce1ee.dir/HDF5CXXTests.cpp.o -c /home/chris/Dropbox/chris/PurdueSchool/llvm_sarvavid/SarvLibrary/ErrorCorrection/LoRDEC/thirdparty/gatb-core/thirdparty/hdf5/config/cmake/HDF5CXXTests.cpp
Linking CXX executable cmTC_ce1ee
/usr/bin/cmake -E cmake_link_script CMakeFiles/cmTC_ce1ee.dir/link.txt --verbose=1
/usr/bin/g++   -DOLD_HEADER_FILENAME  -DHAVE_SYS_TIME_H -DHAVE_UNISTD_H -DHAVE_SYS_TYPES_H -DHAVE_SYS_SOCKET_H -D_FILE_OFFSET_BITS=64 -D_LARGEFILE64_SOURCE -D_LARGEFILE_SOURCE    -rdynamic CMakeFiles/cmTC_ce1ee.dir/HDF5CXXTests.cpp.o  -o cmTC_ce1ee -lm -ldl 
make[1]: Leaving directory '/media/chris/seagate1/chris/PurdueSchool/llvm_sarvavid/SarvLibrary/ErrorCorrection/LoRDEC/build/CMakeFiles/CMakeTmp'

Performing CXX Test H5_NO_NAMESPACE failed with the following output:
Change Dir: /home/chris/Dropbox/chris/PurdueSchool/llvm_sarvavid/SarvLibrary/ErrorCorrection/LoRDEC/build/CMakeFiles/CMakeTmp

Run Build Command:"/usr/bin/make" "cmTC_7de4e/fast"
/usr/bin/make -f CMakeFiles/cmTC_7de4e.dir/build.make CMakeFiles/cmTC_7de4e.dir/build
make[1]: Entering directory '/media/chris/seagate1/chris/PurdueSchool/llvm_sarvavid/SarvLibrary/ErrorCorrection/LoRDEC/build/CMakeFiles/CMakeTmp'
Building CXX object CMakeFiles/cmTC_7de4e.dir/HDF5CXXTests.cpp.o
/usr/bin/g++    -DH5_NO_NAMESPACE  -DHAVE_SYS_TIME_H -DHAVE_UNISTD_H -DHAVE_SYS_TYPES_H -DHAVE_SYS_SOCKET_H -D_FILE_OFFSET_BITS=64 -D_LARGEFILE64_SOURCE -D_LARGEFILE_SOURCE   -o CMakeFiles/cmTC_7de4e.dir/HDF5CXXTests.cpp.o -c /home/chris/Dropbox/chris/PurdueSchool/llvm_sarvavid/SarvLibrary/ErrorCorrection/LoRDEC/thirdparty/gatb-core/thirdparty/hdf5/config/cmake/HDF5CXXTests.cpp
Linking CXX executable cmTC_7de4e
/usr/bin/cmake -E cmake_link_script CMakeFiles/cmTC_7de4e.dir/link.txt --verbose=1
/usr/bin/g++   -DH5_NO_NAMESPACE  -DHAVE_SYS_TIME_H -DHAVE_UNISTD_H -DHAVE_SYS_TYPES_H -DHAVE_SYS_SOCKET_H -D_FILE_OFFSET_BITS=64 -D_LARGEFILE64_SOURCE -D_LARGEFILE_SOURCE    -rdynamic CMakeFiles/cmTC_7de4e.dir/HDF5CXXTests.cpp.o  -o cmTC_7de4e -lm -ldl 
make[1]: Leaving directory '/media/chris/seagate1/chris/PurdueSchool/llvm_sarvavid/SarvLibrary/ErrorCorrection/LoRDEC/build/CMakeFiles/CMakeTmp'

Performing CXX Test H5_NO_STD failed with the following output:
Change Dir: /home/chris/Dropbox/chris/PurdueSchool/llvm_sarvavid/SarvLibrary/ErrorCorrection/LoRDEC/build/CMakeFiles/CMakeTmp

Run Build Command:"/usr/bin/make" "cmTC_23adc/fast"
/usr/bin/make -f CMakeFiles/cmTC_23adc.dir/build.make CMakeFiles/cmTC_23adc.dir/build
make[1]: Entering directory '/media/chris/seagate1/chris/PurdueSchool/llvm_sarvavid/SarvLibrary/ErrorCorrection/LoRDEC/build/CMakeFiles/CMakeTmp'
Building CXX object CMakeFiles/cmTC_23adc.dir/HDF5CXXTests.cpp.o
/usr/bin/g++    -DH5_NO_STD  -DHAVE_SYS_TIME_H -DHAVE_UNISTD_H -DHAVE_SYS_TYPES_H -DHAVE_SYS_SOCKET_H -D_FILE_OFFSET_BITS=64 -D_LARGEFILE64_SOURCE -D_LARGEFILE_SOURCE   -o CMakeFiles/cmTC_23adc.dir/HDF5CXXTests.cpp.o -c /home/chris/Dropbox/chris/PurdueSchool/llvm_sarvavid/SarvLibrary/ErrorCorrection/LoRDEC/thirdparty/gatb-core/thirdparty/hdf5/config/cmake/HDF5CXXTests.cpp
Linking CXX executable cmTC_23adc
/usr/bin/cmake -E cmake_link_script CMakeFiles/cmTC_23adc.dir/link.txt --verbose=1
/usr/bin/g++   -DH5_NO_STD  -DHAVE_SYS_TIME_H -DHAVE_UNISTD_H -DHAVE_SYS_TYPES_H -DHAVE_SYS_SOCKET_H -D_FILE_OFFSET_BITS=64 -D_LARGEFILE64_SOURCE -D_LARGEFILE_SOURCE    -rdynamic CMakeFiles/cmTC_23adc.dir/HDF5CXXTests.cpp.o  -o cmTC_23adc -lm -ldl 
make[1]: Leaving directory '/media/chris/seagate1/chris/PurdueSchool/llvm_sarvavid/SarvLibrary/ErrorCorrection/LoRDEC/build/CMakeFiles/CMakeTmp'

Performing CXX Test BOOL_NOTDEFINED failed with the following output:
Change Dir: /home/chris/Dropbox/chris/PurdueSchool/llvm_sarvavid/SarvLibrary/ErrorCorrection/LoRDEC/build/CMakeFiles/CMakeTmp

Run Build Command:"/usr/bin/make" "cmTC_d75fa/fast"
/usr/bin/make -f CMakeFiles/cmTC_d75fa.dir/build.make CMakeFiles/cmTC_d75fa.dir/build
make[1]: Entering directory '/media/chris/seagate1/chris/PurdueSchool/llvm_sarvavid/SarvLibrary/ErrorCorrection/LoRDEC/build/CMakeFiles/CMakeTmp'
Building CXX object CMakeFiles/cmTC_d75fa.dir/HDF5CXXTests.cpp.o
/usr/bin/g++    -DBOOL_NOTDEFINED  -DHAVE_SYS_TIME_H -DHAVE_UNISTD_H -DHAVE_SYS_TYPES_H -DHAVE_SYS_SOCKET_H -D_FILE_OFFSET_BITS=64 -D_LARGEFILE64_SOURCE -D_LARGEFILE_SOURCE   -o CMakeFiles/cmTC_d75fa.dir/HDF5CXXTests.cpp.o -c /home/chris/Dropbox/chris/PurdueSchool/llvm_sarvavid/SarvLibrary/ErrorCorrection/LoRDEC/thirdparty/gatb-core/thirdparty/hdf5/config/cmake/HDF5CXXTests.cpp
Linking CXX executable cmTC_d75fa
/usr/bin/cmake -E cmake_link_script CMakeFiles/cmTC_d75fa.dir/link.txt --verbose=1
/usr/bin/g++   -DBOOL_NOTDEFINED  -DHAVE_SYS_TIME_H -DHAVE_UNISTD_H -DHAVE_SYS_TYPES_H -DHAVE_SYS_SOCKET_H -D_FILE_OFFSET_BITS=64 -D_LARGEFILE64_SOURCE -D_LARGEFILE_SOURCE    -rdynamic CMakeFiles/cmTC_d75fa.dir/HDF5CXXTests.cpp.o  -o cmTC_d75fa -lm -ldl 
make[1]: Leaving directory '/media/chris/seagate1/chris/PurdueSchool/llvm_sarvavid/SarvLibrary/ErrorCorrection/LoRDEC/build/CMakeFiles/CMakeTmp'

Performing CXX Test NO_STATIC_CAST failed with the following output:
Change Dir: /home/chris/Dropbox/chris/PurdueSchool/llvm_sarvavid/SarvLibrary/ErrorCorrection/LoRDEC/build/CMakeFiles/CMakeTmp

Run Build Command:"/usr/bin/make" "cmTC_c9255/fast"
/usr/bin/make -f CMakeFiles/cmTC_c9255.dir/build.make CMakeFiles/cmTC_c9255.dir/build
make[1]: Entering directory '/media/chris/seagate1/chris/PurdueSchool/llvm_sarvavid/SarvLibrary/ErrorCorrection/LoRDEC/build/CMakeFiles/CMakeTmp'
Building CXX object CMakeFiles/cmTC_c9255.dir/HDF5CXXTests.cpp.o
/usr/bin/g++    -DNO_STATIC_CAST  -DHAVE_SYS_TIME_H -DHAVE_UNISTD_H -DHAVE_SYS_TYPES_H -DHAVE_SYS_SOCKET_H -D_FILE_OFFSET_BITS=64 -D_LARGEFILE64_SOURCE -D_LARGEFILE_SOURCE   -o CMakeFiles/cmTC_c9255.dir/HDF5CXXTests.cpp.o -c /home/chris/Dropbox/chris/PurdueSchool/llvm_sarvavid/SarvLibrary/ErrorCorrection/LoRDEC/thirdparty/gatb-core/thirdparty/hdf5/config/cmake/HDF5CXXTests.cpp
Linking CXX executable cmTC_c9255
/usr/bin/cmake -E cmake_link_script CMakeFiles/cmTC_c9255.dir/link.txt --verbose=1
/usr/bin/g++   -DNO_STATIC_CAST  -DHAVE_SYS_TIME_H -DHAVE_UNISTD_H -DHAVE_SYS_TYPES_H -DHAVE_SYS_SOCKET_H -D_FILE_OFFSET_BITS=64 -D_LARGEFILE64_SOURCE -D_LARGEFILE_SOURCE    -rdynamic CMakeFiles/cmTC_c9255.dir/HDF5CXXTests.cpp.o  -o cmTC_c9255 -lm -ldl 
make[1]: Leaving directory '/media/chris/seagate1/chris/PurdueSchool/llvm_sarvavid/SarvLibrary/ErrorCorrection/LoRDEC/build/CMakeFiles/CMakeTmp'

Test H5_ULONG_TO_FP_BOTTOM_BIT_ACCURATE Run failed with the following output and exit code:
 Change Dir: /home/chris/Dropbox/chris/PurdueSchool/llvm_sarvavid/SarvLibrary/ErrorCorrection/LoRDEC/build/ext/gatb-core/thirdparty/hdf5/CMake/CMakeFiles/CMakeTmp

Run Build Command:"/usr/bin/make" "cmTC_b1e4e/fast"
/usr/bin/make -f CMakeFiles/cmTC_b1e4e.dir/build.make CMakeFiles/cmTC_b1e4e.dir/build
make[1]: Entering directory '/media/chris/seagate1/chris/PurdueSchool/llvm_sarvavid/SarvLibrary/ErrorCorrection/LoRDEC/build/ext/gatb-core/thirdparty/hdf5/CMake/CMakeFiles/CMakeTmp'
Building C object CMakeFiles/cmTC_b1e4e.dir/ConversionTests.c.o
/usr/bin/gcc   -DH5_ULONG_TO_FP_BOTTOM_BIT_ACCURATE_TEST   -o CMakeFiles/cmTC_b1e4e.dir/ConversionTests.c.o   -c /home/chris/Dropbox/chris/PurdueSchool/llvm_sarvavid/SarvLibrary/ErrorCorrection/LoRDEC/thirdparty/gatb-core/thirdparty/hdf5/config/cmake/ConversionTests.c
/home/chris/Dropbox/chris/PurdueSchool/llvm_sarvavid/SarvLibrary/ErrorCorrection/LoRDEC/thirdparty/gatb-core/thirdparty/hdf5/config/cmake/ConversionTests.c: In function ‘main’:
/home/chris/Dropbox/chris/PurdueSchool/llvm_sarvavid/SarvLibrary/ErrorCorrection/LoRDEC/thirdparty/gatb-core/thirdparty/hdf5/config/cmake/ConversionTests.c:420:5: warning: implicit declaration of function ‘exit’ [-Wimplicit-function-declaration]
     exit(ret);
     ^~~~
/home/chris/Dropbox/chris/PurdueSchool/llvm_sarvavid/SarvLibrary/ErrorCorrection/LoRDEC/thirdparty/gatb-core/thirdparty/hdf5/config/cmake/ConversionTests.c:420:5: warning: incompatible implicit declaration of built-in function ‘exit’
/home/chris/Dropbox/chris/PurdueSchool/llvm_sarvavid/SarvLibrary/ErrorCorrection/LoRDEC/thirdparty/gatb-core/thirdparty/hdf5/config/cmake/ConversionTests.c:420:5: note: include ‘<stdlib.h>’ or provide a declaration of ‘exit’
Linking C executable cmTC_b1e4e
/usr/bin/cmake -E cmake_link_script CMakeFiles/cmTC_b1e4e.dir/link.txt --verbose=1
/usr/bin/gcc  -DH5_ULONG_TO_FP_BOTTOM_BIT_ACCURATE_TEST    -rdynamic CMakeFiles/cmTC_b1e4e.dir/ConversionTests.c.o  -o cmTC_b1e4e 
make[1]: Leaving directory '/media/chris/seagate1/chris/PurdueSchool/llvm_sarvavid/SarvLibrary/ErrorCorrection/LoRDEC/build/ext/gatb-core/thirdparty/hdf5/CMake/CMakeFiles/CMakeTmp'

