Determining size of __uint128 failed with the following output:
Change Dir: /home/chris/Dropbox/chris/PurdueSchool/llvm_sarvavid/SarvLibrary/Kmerize/dsk/build/CMakeFiles/CMakeTmp

Run Build Command:"/usr/bin/make" "cmTC_d818f/fast"
/usr/bin/make -f CMakeFiles/cmTC_d818f.dir/build.make CMakeFiles/cmTC_d818f.dir/build
make[1]: Entering directory '/media/chris/seagate1/chris/PurdueSchool/llvm_sarvavid/SarvLibrary/Kmerize/dsk/build/CMakeFiles/CMakeTmp'
Building C object CMakeFiles/cmTC_d818f.dir/int128_t_USE__uint128.c.o
/usr/bin/gcc    -o CMakeFiles/cmTC_d818f.dir/int128_t_USE__uint128.c.o   -c /home/chris/Dropbox/chris/PurdueSchool/llvm_sarvavid/SarvLibrary/Kmerize/dsk/build/CMakeFiles/CheckTypeSize/int128_t_USE__uint128.c
/home/chris/Dropbox/chris/PurdueSchool/llvm_sarvavid/SarvLibrary/Kmerize/dsk/build/CMakeFiles/CheckTypeSize/int128_t_USE__uint128.c:23:22: error: ‘__uint128’ undeclared here (not in a function)
 #define SIZE (sizeof(__uint128))
                      ^
/home/chris/Dropbox/chris/PurdueSchool/llvm_sarvavid/SarvLibrary/Kmerize/dsk/build/CMakeFiles/CheckTypeSize/int128_t_USE__uint128.c:25:12: note: in expansion of macro ‘SIZE’
   ('0' + ((SIZE / 10000)%10)),
            ^~~~
CMakeFiles/cmTC_d818f.dir/build.make:65: recipe for target 'CMakeFiles/cmTC_d818f.dir/int128_t_USE__uint128.c.o' failed
make[1]: *** [CMakeFiles/cmTC_d818f.dir/int128_t_USE__uint128.c.o] Error 1
make[1]: Leaving directory '/media/chris/seagate1/chris/PurdueSchool/llvm_sarvavid/SarvLibrary/Kmerize/dsk/build/CMakeFiles/CMakeTmp'
Makefile:126: recipe for target 'cmTC_d818f/fast' failed
make: *** [cmTC_d818f/fast] Error 2

/home/chris/Dropbox/chris/PurdueSchool/llvm_sarvavid/SarvLibrary/Kmerize/dsk/build/CMakeFiles/CheckTypeSize/int128_t_USE__uint128.c:
#include <sys/types.h>
#include <stdint.h>
#include <stddef.h>


#undef KEY
#if defined(__i386)
# define KEY '_','_','i','3','8','6'
#elif defined(__x86_64)
# define KEY '_','_','x','8','6','_','6','4'
#elif defined(__ppc__)
# define KEY '_','_','p','p','c','_','_'
#elif defined(__ppc64__)
# define KEY '_','_','p','p','c','6','4','_','_'
#elif defined(__aarch64__)
# define KEY '_','_','a','a','r','c','h','6','4','_','_'
#elif defined(__ARM_ARCH_7A__)
# define KEY '_','_','A','R','M','_','A','R','C','H','_','7','A','_','_'
#elif defined(__ARM_ARCH_7S__)
# define KEY '_','_','A','R','M','_','A','R','C','H','_','7','S','_','_'
#endif

#define SIZE (sizeof(__uint128))
char info_size[] =  {'I', 'N', 'F', 'O', ':', 's','i','z','e','[',
  ('0' + ((SIZE / 10000)%10)),
  ('0' + ((SIZE / 1000)%10)),
  ('0' + ((SIZE / 100)%10)),
  ('0' + ((SIZE / 10)%10)),
  ('0' +  (SIZE    % 10)),
  ']',
#ifdef KEY
  ' ','k','e','y','[', KEY, ']',
#endif
  '\0'};

#ifdef __CLASSIC_C__
int main(argc, argv) int argc; char *argv[];
#else
int main(int argc, char *argv[])
#endif
{
  int require = 0;
  require += info_size[argc];
  (void)argv;
  return require;
}


Determining if the function WSAStartup exists in the ws2_32;m;dl failed with the following output:
Change Dir: /home/chris/Dropbox/chris/PurdueSchool/llvm_sarvavid/SarvLibrary/Kmerize/dsk/build/CMakeFiles/CMakeTmp

Run Build Command:"/usr/bin/make" "cmTC_a96dd/fast"
/usr/bin/make -f CMakeFiles/cmTC_a96dd.dir/build.make CMakeFiles/cmTC_a96dd.dir/build
make[1]: Entering directory '/media/chris/seagate1/chris/PurdueSchool/llvm_sarvavid/SarvLibrary/Kmerize/dsk/build/CMakeFiles/CMakeTmp'
Building C object CMakeFiles/cmTC_a96dd.dir/CheckFunctionExists.c.o
/usr/bin/gcc   -msse2 -msse4.2 -mpopcnt -DCHECK_FUNCTION_EXISTS=WSAStartup   -o CMakeFiles/cmTC_a96dd.dir/CheckFunctionExists.c.o   -c /usr/share/cmake-3.10/Modules/CheckFunctionExists.c
Linking C executable cmTC_a96dd
/usr/bin/cmake -E cmake_link_script CMakeFiles/cmTC_a96dd.dir/link.txt --verbose=1
/usr/bin/gcc  -msse2 -msse4.2 -mpopcnt -DCHECK_FUNCTION_EXISTS=WSAStartup    -rdynamic CMakeFiles/cmTC_a96dd.dir/CheckFunctionExists.c.o  -o cmTC_a96dd -lws2_32 -lm -ldl 
/usr/bin/x86_64-linux-gnu-ld: cannot find -lws2_32
collect2: error: ld returned 1 exit status
CMakeFiles/cmTC_a96dd.dir/build.make:97: recipe for target 'cmTC_a96dd' failed
make[1]: *** [cmTC_a96dd] Error 1
make[1]: Leaving directory '/media/chris/seagate1/chris/PurdueSchool/llvm_sarvavid/SarvLibrary/Kmerize/dsk/build/CMakeFiles/CMakeTmp'
Makefile:126: recipe for target 'cmTC_a96dd/fast' failed
make: *** [cmTC_a96dd/fast] Error 2


Determining if the function gethostbyname exists in the wsock32;m;dl failed with the following output:
Change Dir: /home/chris/Dropbox/chris/PurdueSchool/llvm_sarvavid/SarvLibrary/Kmerize/dsk/build/CMakeFiles/CMakeTmp

Run Build Command:"/usr/bin/make" "cmTC_4b6ad/fast"
/usr/bin/make -f CMakeFiles/cmTC_4b6ad.dir/build.make CMakeFiles/cmTC_4b6ad.dir/build
make[1]: Entering directory '/media/chris/seagate1/chris/PurdueSchool/llvm_sarvavid/SarvLibrary/Kmerize/dsk/build/CMakeFiles/CMakeTmp'
Building C object CMakeFiles/cmTC_4b6ad.dir/CheckFunctionExists.c.o
/usr/bin/gcc   -msse2 -msse4.2 -mpopcnt -DCHECK_FUNCTION_EXISTS=gethostbyname   -o CMakeFiles/cmTC_4b6ad.dir/CheckFunctionExists.c.o   -c /usr/share/cmake-3.10/Modules/CheckFunctionExists.c
Linking C executable cmTC_4b6ad
/usr/bin/cmake -E cmake_link_script CMakeFiles/cmTC_4b6ad.dir/link.txt --verbose=1
/usr/bin/gcc  -msse2 -msse4.2 -mpopcnt -DCHECK_FUNCTION_EXISTS=gethostbyname    -rdynamic CMakeFiles/cmTC_4b6ad.dir/CheckFunctionExists.c.o  -o cmTC_4b6ad -lwsock32 -lm -ldl 
/usr/bin/x86_64-linux-gnu-ld: cannot find -lwsock32
collect2: error: ld returned 1 exit status
CMakeFiles/cmTC_4b6ad.dir/build.make:97: recipe for target 'cmTC_4b6ad' failed
make[1]: *** [cmTC_4b6ad] Error 1
make[1]: Leaving directory '/media/chris/seagate1/chris/PurdueSchool/llvm_sarvavid/SarvLibrary/Kmerize/dsk/build/CMakeFiles/CMakeTmp'
Makefile:126: recipe for target 'cmTC_4b6ad/fast' failed
make: *** [cmTC_4b6ad/fast] Error 2


Determining if the function gethostname exists in the ucb;m;dl failed with the following output:
Change Dir: /home/chris/Dropbox/chris/PurdueSchool/llvm_sarvavid/SarvLibrary/Kmerize/dsk/build/CMakeFiles/CMakeTmp

Run Build Command:"/usr/bin/make" "cmTC_15cd5/fast"
/usr/bin/make -f CMakeFiles/cmTC_15cd5.dir/build.make CMakeFiles/cmTC_15cd5.dir/build
make[1]: Entering directory '/media/chris/seagate1/chris/PurdueSchool/llvm_sarvavid/SarvLibrary/Kmerize/dsk/build/CMakeFiles/CMakeTmp'
Building C object CMakeFiles/cmTC_15cd5.dir/CheckFunctionExists.c.o
/usr/bin/gcc   -msse2 -msse4.2 -mpopcnt -DCHECK_FUNCTION_EXISTS=gethostname   -o CMakeFiles/cmTC_15cd5.dir/CheckFunctionExists.c.o   -c /usr/share/cmake-3.10/Modules/CheckFunctionExists.c
Linking C executable cmTC_15cd5
/usr/bin/cmake -E cmake_link_script CMakeFiles/cmTC_15cd5.dir/link.txt --verbose=1
/usr/bin/gcc  -msse2 -msse4.2 -mpopcnt -DCHECK_FUNCTION_EXISTS=gethostname    -rdynamic CMakeFiles/cmTC_15cd5.dir/CheckFunctionExists.c.o  -o cmTC_15cd5 -lucb -lm -ldl 
/usr/bin/x86_64-linux-gnu-ld: cannot find -lucb
collect2: error: ld returned 1 exit status
CMakeFiles/cmTC_15cd5.dir/build.make:97: recipe for target 'cmTC_15cd5' failed
make[1]: *** [cmTC_15cd5] Error 1
make[1]: Leaving directory '/media/chris/seagate1/chris/PurdueSchool/llvm_sarvavid/SarvLibrary/Kmerize/dsk/build/CMakeFiles/CMakeTmp'
Makefile:126: recipe for target 'cmTC_15cd5/fast' failed
make: *** [cmTC_15cd5/fast] Error 2


Determining if files sys/resource.h;sys/time.h;unistd.h;sys/ioctl.h;sys/stat.h;sys/socket.h;sys/types.h;stddef.h;setjmp.h;features.h;dirent.h;stdint.h;mach/mach_time.h exist failed with the following output:
Change Dir: /home/chris/Dropbox/chris/PurdueSchool/llvm_sarvavid/SarvLibrary/Kmerize/dsk/build/CMakeFiles/CMakeTmp

Run Build Command:"/usr/bin/make" "cmTC_517eb/fast"
/usr/bin/make -f CMakeFiles/cmTC_517eb.dir/build.make CMakeFiles/cmTC_517eb.dir/build
make[1]: Entering directory '/media/chris/seagate1/chris/PurdueSchool/llvm_sarvavid/SarvLibrary/Kmerize/dsk/build/CMakeFiles/CMakeTmp'
Building C object CMakeFiles/cmTC_517eb.dir/CheckIncludeFiles.c.o
/usr/bin/gcc   -msse2 -msse4.2 -mpopcnt    -o CMakeFiles/cmTC_517eb.dir/CheckIncludeFiles.c.o   -c /home/chris/Dropbox/chris/PurdueSchool/llvm_sarvavid/SarvLibrary/Kmerize/dsk/build/CMakeFiles/CMakeTmp/CheckIncludeFiles.c
/home/chris/Dropbox/chris/PurdueSchool/llvm_sarvavid/SarvLibrary/Kmerize/dsk/build/CMakeFiles/CMakeTmp/CheckIncludeFiles.c:14:28: fatal error: mach/mach_time.h: No such file or directory
 #include <mach/mach_time.h>
                            ^
compilation terminated.
CMakeFiles/cmTC_517eb.dir/build.make:65: recipe for target 'CMakeFiles/cmTC_517eb.dir/CheckIncludeFiles.c.o' failed
make[1]: *** [CMakeFiles/cmTC_517eb.dir/CheckIncludeFiles.c.o] Error 1
make[1]: Leaving directory '/media/chris/seagate1/chris/PurdueSchool/llvm_sarvavid/SarvLibrary/Kmerize/dsk/build/CMakeFiles/CMakeTmp'
Makefile:126: recipe for target 'cmTC_517eb/fast' failed
make: *** [cmTC_517eb/fast] Error 2

Source:
/* */
#include <sys/resource.h>
#include <sys/time.h>
#include <unistd.h>
#include <sys/ioctl.h>
#include <sys/stat.h>
#include <sys/socket.h>
#include <sys/types.h>
#include <stddef.h>
#include <setjmp.h>
#include <features.h>
#include <dirent.h>
#include <stdint.h>
#include <mach/mach_time.h>


int main(void){return 0;}

Determining if files sys/resource.h;sys/time.h;unistd.h;sys/ioctl.h;sys/stat.h;sys/socket.h;sys/types.h;stddef.h;setjmp.h;features.h;dirent.h;stdint.h;io.h exist failed with the following output:
Change Dir: /home/chris/Dropbox/chris/PurdueSchool/llvm_sarvavid/SarvLibrary/Kmerize/dsk/build/CMakeFiles/CMakeTmp

Run Build Command:"/usr/bin/make" "cmTC_c3381/fast"
/usr/bin/make -f CMakeFiles/cmTC_c3381.dir/build.make CMakeFiles/cmTC_c3381.dir/build
make[1]: Entering directory '/media/chris/seagate1/chris/PurdueSchool/llvm_sarvavid/SarvLibrary/Kmerize/dsk/build/CMakeFiles/CMakeTmp'
Building C object CMakeFiles/cmTC_c3381.dir/CheckIncludeFiles.c.o
/usr/bin/gcc   -msse2 -msse4.2 -mpopcnt    -o CMakeFiles/cmTC_c3381.dir/CheckIncludeFiles.c.o   -c /home/chris/Dropbox/chris/PurdueSchool/llvm_sarvavid/SarvLibrary/Kmerize/dsk/build/CMakeFiles/CMakeTmp/CheckIncludeFiles.c
/home/chris/Dropbox/chris/PurdueSchool/llvm_sarvavid/SarvLibrary/Kmerize/dsk/build/CMakeFiles/CMakeTmp/CheckIncludeFiles.c:14:16: fatal error: io.h: No such file or directory
 #include <io.h>
                ^
compilation terminated.
CMakeFiles/cmTC_c3381.dir/build.make:65: recipe for target 'CMakeFiles/cmTC_c3381.dir/CheckIncludeFiles.c.o' failed
make[1]: *** [CMakeFiles/cmTC_c3381.dir/CheckIncludeFiles.c.o] Error 1
make[1]: Leaving directory '/media/chris/seagate1/chris/PurdueSchool/llvm_sarvavid/SarvLibrary/Kmerize/dsk/build/CMakeFiles/CMakeTmp'
Makefile:126: recipe for target 'cmTC_c3381/fast' failed
make: *** [cmTC_c3381/fast] Error 2

Source:
/* */
#include <sys/resource.h>
#include <sys/time.h>
#include <unistd.h>
#include <sys/ioctl.h>
#include <sys/stat.h>
#include <sys/socket.h>
#include <sys/types.h>
#include <stddef.h>
#include <setjmp.h>
#include <features.h>
#include <dirent.h>
#include <stdint.h>
#include <io.h>


int main(void){return 0;}

Determining if files sys/resource.h;sys/time.h;unistd.h;sys/ioctl.h;sys/stat.h;sys/socket.h;sys/types.h;stddef.h;setjmp.h;features.h;dirent.h;stdint.h;winsock2.h exist failed with the following output:
Change Dir: /home/chris/Dropbox/chris/PurdueSchool/llvm_sarvavid/SarvLibrary/Kmerize/dsk/build/CMakeFiles/CMakeTmp

Run Build Command:"/usr/bin/make" "cmTC_a9273/fast"
/usr/bin/make -f CMakeFiles/cmTC_a9273.dir/build.make CMakeFiles/cmTC_a9273.dir/build
make[1]: Entering directory '/media/chris/seagate1/chris/PurdueSchool/llvm_sarvavid/SarvLibrary/Kmerize/dsk/build/CMakeFiles/CMakeTmp'
Building C object CMakeFiles/cmTC_a9273.dir/CheckIncludeFiles.c.o
/usr/bin/gcc   -msse2 -msse4.2 -mpopcnt    -o CMakeFiles/cmTC_a9273.dir/CheckIncludeFiles.c.o   -c /home/chris/Dropbox/chris/PurdueSchool/llvm_sarvavid/SarvLibrary/Kmerize/dsk/build/CMakeFiles/CMakeTmp/CheckIncludeFiles.c
/home/chris/Dropbox/chris/PurdueSchool/llvm_sarvavid/SarvLibrary/Kmerize/dsk/build/CMakeFiles/CMakeTmp/CheckIncludeFiles.c:14:22: fatal error: winsock2.h: No such file or directory
 #include <winsock2.h>
                      ^
compilation terminated.
CMakeFiles/cmTC_a9273.dir/build.make:65: recipe for target 'CMakeFiles/cmTC_a9273.dir/CheckIncludeFiles.c.o' failed
make[1]: *** [CMakeFiles/cmTC_a9273.dir/CheckIncludeFiles.c.o] Error 1
make[1]: Leaving directory '/media/chris/seagate1/chris/PurdueSchool/llvm_sarvavid/SarvLibrary/Kmerize/dsk/build/CMakeFiles/CMakeTmp'
Makefile:126: recipe for target 'cmTC_a9273/fast' failed
make: *** [cmTC_a9273/fast] Error 2

Source:
/* */
#include <sys/resource.h>
#include <sys/time.h>
#include <unistd.h>
#include <sys/ioctl.h>
#include <sys/stat.h>
#include <sys/socket.h>
#include <sys/types.h>
#include <stddef.h>
#include <setjmp.h>
#include <features.h>
#include <dirent.h>
#include <stdint.h>
#include <winsock2.h>


int main(void){return 0;}

Determining if files sys/resource.h;sys/time.h;unistd.h;sys/ioctl.h;sys/stat.h;sys/socket.h;sys/types.h;stddef.h;setjmp.h;features.h;dirent.h;stdint.h;sys/timeb.h;globus/common.h exist failed with the following output:
Change Dir: /home/chris/Dropbox/chris/PurdueSchool/llvm_sarvavid/SarvLibrary/Kmerize/dsk/build/CMakeFiles/CMakeTmp

Run Build Command:"/usr/bin/make" "cmTC_dc662/fast"
/usr/bin/make -f CMakeFiles/cmTC_dc662.dir/build.make CMakeFiles/cmTC_dc662.dir/build
make[1]: Entering directory '/media/chris/seagate1/chris/PurdueSchool/llvm_sarvavid/SarvLibrary/Kmerize/dsk/build/CMakeFiles/CMakeTmp'
Building C object CMakeFiles/cmTC_dc662.dir/CheckIncludeFiles.c.o
/usr/bin/gcc   -msse2 -msse4.2 -mpopcnt    -o CMakeFiles/cmTC_dc662.dir/CheckIncludeFiles.c.o   -c /home/chris/Dropbox/chris/PurdueSchool/llvm_sarvavid/SarvLibrary/Kmerize/dsk/build/CMakeFiles/CMakeTmp/CheckIncludeFiles.c
/home/chris/Dropbox/chris/PurdueSchool/llvm_sarvavid/SarvLibrary/Kmerize/dsk/build/CMakeFiles/CMakeTmp/CheckIncludeFiles.c:15:27: fatal error: globus/common.h: No such file or directory
 #include <globus/common.h>
                           ^
compilation terminated.
CMakeFiles/cmTC_dc662.dir/build.make:65: recipe for target 'CMakeFiles/cmTC_dc662.dir/CheckIncludeFiles.c.o' failed
make[1]: *** [CMakeFiles/cmTC_dc662.dir/CheckIncludeFiles.c.o] Error 1
make[1]: Leaving directory '/media/chris/seagate1/chris/PurdueSchool/llvm_sarvavid/SarvLibrary/Kmerize/dsk/build/CMakeFiles/CMakeTmp'
Makefile:126: recipe for target 'cmTC_dc662/fast' failed
make: *** [cmTC_dc662/fast] Error 2

Source:
/* */
#include <sys/resource.h>
#include <sys/time.h>
#include <unistd.h>
#include <sys/ioctl.h>
#include <sys/stat.h>
#include <sys/socket.h>
#include <sys/types.h>
#include <stddef.h>
#include <setjmp.h>
#include <features.h>
#include <dirent.h>
#include <stdint.h>
#include <sys/timeb.h>
#include <globus/common.h>


int main(void){return 0;}

Determining if files sys/resource.h;sys/time.h;unistd.h;sys/ioctl.h;sys/stat.h;sys/socket.h;sys/types.h;stddef.h;setjmp.h;features.h;dirent.h;stdint.h;sys/timeb.h;pdb.h exist failed with the following output:
Change Dir: /home/chris/Dropbox/chris/PurdueSchool/llvm_sarvavid/SarvLibrary/Kmerize/dsk/build/CMakeFiles/CMakeTmp

Run Build Command:"/usr/bin/make" "cmTC_15a15/fast"
/usr/bin/make -f CMakeFiles/cmTC_15a15.dir/build.make CMakeFiles/cmTC_15a15.dir/build
make[1]: Entering directory '/media/chris/seagate1/chris/PurdueSchool/llvm_sarvavid/SarvLibrary/Kmerize/dsk/build/CMakeFiles/CMakeTmp'
Building C object CMakeFiles/cmTC_15a15.dir/CheckIncludeFiles.c.o
/usr/bin/gcc   -msse2 -msse4.2 -mpopcnt    -o CMakeFiles/cmTC_15a15.dir/CheckIncludeFiles.c.o   -c /home/chris/Dropbox/chris/PurdueSchool/llvm_sarvavid/SarvLibrary/Kmerize/dsk/build/CMakeFiles/CMakeTmp/CheckIncludeFiles.c
/home/chris/Dropbox/chris/PurdueSchool/llvm_sarvavid/SarvLibrary/Kmerize/dsk/build/CMakeFiles/CMakeTmp/CheckIncludeFiles.c:15:17: fatal error: pdb.h: No such file or directory
 #include <pdb.h>
                 ^
compilation terminated.
CMakeFiles/cmTC_15a15.dir/build.make:65: recipe for target 'CMakeFiles/cmTC_15a15.dir/CheckIncludeFiles.c.o' failed
make[1]: *** [CMakeFiles/cmTC_15a15.dir/CheckIncludeFiles.c.o] Error 1
make[1]: Leaving directory '/media/chris/seagate1/chris/PurdueSchool/llvm_sarvavid/SarvLibrary/Kmerize/dsk/build/CMakeFiles/CMakeTmp'
Makefile:126: recipe for target 'cmTC_15a15/fast' failed
make: *** [cmTC_15a15/fast] Error 2

Source:
/* */
#include <sys/resource.h>
#include <sys/time.h>
#include <unistd.h>
#include <sys/ioctl.h>
#include <sys/stat.h>
#include <sys/socket.h>
#include <sys/types.h>
#include <stddef.h>
#include <setjmp.h>
#include <features.h>
#include <dirent.h>
#include <stdint.h>
#include <sys/timeb.h>
#include <pdb.h>


int main(void){return 0;}

Determining if files sys/resource.h;sys/time.h;unistd.h;sys/ioctl.h;sys/stat.h;sys/socket.h;sys/types.h;stddef.h;setjmp.h;features.h;dirent.h;stdint.h;sys/timeb.h;pthread.h;srbclient.h exist failed with the following output:
Change Dir: /home/chris/Dropbox/chris/PurdueSchool/llvm_sarvavid/SarvLibrary/Kmerize/dsk/build/CMakeFiles/CMakeTmp

Run Build Command:"/usr/bin/make" "cmTC_64968/fast"
/usr/bin/make -f CMakeFiles/cmTC_64968.dir/build.make CMakeFiles/cmTC_64968.dir/build
make[1]: Entering directory '/media/chris/seagate1/chris/PurdueSchool/llvm_sarvavid/SarvLibrary/Kmerize/dsk/build/CMakeFiles/CMakeTmp'
Building C object CMakeFiles/cmTC_64968.dir/CheckIncludeFiles.c.o
/usr/bin/gcc   -msse2 -msse4.2 -mpopcnt    -o CMakeFiles/cmTC_64968.dir/CheckIncludeFiles.c.o   -c /home/chris/Dropbox/chris/PurdueSchool/llvm_sarvavid/SarvLibrary/Kmerize/dsk/build/CMakeFiles/CMakeTmp/CheckIncludeFiles.c
/home/chris/Dropbox/chris/PurdueSchool/llvm_sarvavid/SarvLibrary/Kmerize/dsk/build/CMakeFiles/CMakeTmp/CheckIncludeFiles.c:16:23: fatal error: srbclient.h: No such file or directory
 #include <srbclient.h>
                       ^
compilation terminated.
CMakeFiles/cmTC_64968.dir/build.make:65: recipe for target 'CMakeFiles/cmTC_64968.dir/CheckIncludeFiles.c.o' failed
make[1]: *** [CMakeFiles/cmTC_64968.dir/CheckIncludeFiles.c.o] Error 1
make[1]: Leaving directory '/media/chris/seagate1/chris/PurdueSchool/llvm_sarvavid/SarvLibrary/Kmerize/dsk/build/CMakeFiles/CMakeTmp'
Makefile:126: recipe for target 'cmTC_64968/fast' failed
make: *** [cmTC_64968/fast] Error 2

Source:
/* */
#include <sys/resource.h>
#include <sys/time.h>
#include <unistd.h>
#include <sys/ioctl.h>
#include <sys/stat.h>
#include <sys/socket.h>
#include <sys/types.h>
#include <stddef.h>
#include <setjmp.h>
#include <features.h>
#include <dirent.h>
#include <stdint.h>
#include <sys/timeb.h>
#include <pthread.h>
#include <srbclient.h>


int main(void){return 0;}

Determining size of __int64 failed with the following output:
Change Dir: /home/chris/Dropbox/chris/PurdueSchool/llvm_sarvavid/SarvLibrary/Kmerize/dsk/build/CMakeFiles/CMakeTmp

Run Build Command:"/usr/bin/make" "cmTC_630f7/fast"
/usr/bin/make -f CMakeFiles/cmTC_630f7.dir/build.make CMakeFiles/cmTC_630f7.dir/build
make[1]: Entering directory '/media/chris/seagate1/chris/PurdueSchool/llvm_sarvavid/SarvLibrary/Kmerize/dsk/build/CMakeFiles/CMakeTmp'
Building C object CMakeFiles/cmTC_630f7.dir/H5_SIZEOF___INT64.c.o
/usr/bin/gcc -D_FILE_OFFSET_BITS=64 -D_LARGEFILE64_SOURCE -D_LARGEFILE_SOURCE  -msse2 -msse4.2 -mpopcnt    -o CMakeFiles/cmTC_630f7.dir/H5_SIZEOF___INT64.c.o   -c /home/chris/Dropbox/chris/PurdueSchool/llvm_sarvavid/SarvLibrary/Kmerize/dsk/build/CMakeFiles/CheckTypeSize/H5_SIZEOF___INT64.c
/home/chris/Dropbox/chris/PurdueSchool/llvm_sarvavid/SarvLibrary/Kmerize/dsk/build/CMakeFiles/CheckTypeSize/H5_SIZEOF___INT64.c:23:22: error: ‘__int64’ undeclared here (not in a function)
 #define SIZE (sizeof(__int64))
                      ^
/home/chris/Dropbox/chris/PurdueSchool/llvm_sarvavid/SarvLibrary/Kmerize/dsk/build/CMakeFiles/CheckTypeSize/H5_SIZEOF___INT64.c:25:12: note: in expansion of macro ‘SIZE’
   ('0' + ((SIZE / 10000)%10)),
            ^~~~
CMakeFiles/cmTC_630f7.dir/build.make:65: recipe for target 'CMakeFiles/cmTC_630f7.dir/H5_SIZEOF___INT64.c.o' failed
make[1]: *** [CMakeFiles/cmTC_630f7.dir/H5_SIZEOF___INT64.c.o] Error 1
make[1]: Leaving directory '/media/chris/seagate1/chris/PurdueSchool/llvm_sarvavid/SarvLibrary/Kmerize/dsk/build/CMakeFiles/CMakeTmp'
Makefile:126: recipe for target 'cmTC_630f7/fast' failed
make: *** [cmTC_630f7/fast] Error 2

/home/chris/Dropbox/chris/PurdueSchool/llvm_sarvavid/SarvLibrary/Kmerize/dsk/build/CMakeFiles/CheckTypeSize/H5_SIZEOF___INT64.c:
#include <sys/types.h>
#include <stdint.h>
#include <stddef.h>


#undef KEY
#if defined(__i386)
# define KEY '_','_','i','3','8','6'
#elif defined(__x86_64)
# define KEY '_','_','x','8','6','_','6','4'
#elif defined(__ppc__)
# define KEY '_','_','p','p','c','_','_'
#elif defined(__ppc64__)
# define KEY '_','_','p','p','c','6','4','_','_'
#elif defined(__aarch64__)
# define KEY '_','_','a','a','r','c','h','6','4','_','_'
#elif defined(__ARM_ARCH_7A__)
# define KEY '_','_','A','R','M','_','A','R','C','H','_','7','A','_','_'
#elif defined(__ARM_ARCH_7S__)
# define KEY '_','_','A','R','M','_','A','R','C','H','_','7','S','_','_'
#endif

#define SIZE (sizeof(__int64))
char info_size[] =  {'I', 'N', 'F', 'O', ':', 's','i','z','e','[',
  ('0' + ((SIZE / 10000)%10)),
  ('0' + ((SIZE / 1000)%10)),
  ('0' + ((SIZE / 100)%10)),
  ('0' + ((SIZE / 10)%10)),
  ('0' +  (SIZE    % 10)),
  ']',
#ifdef KEY
  ' ','k','e','y','[', KEY, ']',
#endif
  '\0'};

#ifdef __CLASSIC_C__
int main(argc, argv) int argc; char *argv[];
#else
int main(int argc, char *argv[])
#endif
{
  int require = 0;
  require += info_size[argc];
  (void)argv;
  return require;
}


Determining if the variable CLOCK_MONOTONIC exists failed with the following output:
Change Dir: /home/chris/Dropbox/chris/PurdueSchool/llvm_sarvavid/SarvLibrary/Kmerize/dsk/build/CMakeFiles/CMakeTmp

Run Build Command:"/usr/bin/make" "cmTC_782e7/fast"
/usr/bin/make -f CMakeFiles/cmTC_782e7.dir/build.make CMakeFiles/cmTC_782e7.dir/build
make[1]: Entering directory '/media/chris/seagate1/chris/PurdueSchool/llvm_sarvavid/SarvLibrary/Kmerize/dsk/build/CMakeFiles/CMakeTmp'
Building C object CMakeFiles/cmTC_782e7.dir/CheckVariableExists.c.o
/usr/bin/gcc -D_FILE_OFFSET_BITS=64 -D_LARGEFILE64_SOURCE -D_LARGEFILE_SOURCE  -msse2 -msse4.2 -mpopcnt -DCHECK_VARIABLE_EXISTS=CLOCK_MONOTONIC   -o CMakeFiles/cmTC_782e7.dir/CheckVariableExists.c.o   -c /usr/share/cmake-3.10/Modules/CheckVariableExists.c
Linking C executable cmTC_782e7
/usr/bin/cmake -E cmake_link_script CMakeFiles/cmTC_782e7.dir/link.txt --verbose=1
/usr/bin/gcc  -msse2 -msse4.2 -mpopcnt -DCHECK_VARIABLE_EXISTS=CLOCK_MONOTONIC    -rdynamic CMakeFiles/cmTC_782e7.dir/CheckVariableExists.c.o  -o cmTC_782e7 -lm -ldl 
CMakeFiles/cmTC_782e7.dir/CheckVariableExists.c.o: In function `main':
CheckVariableExists.c:(.text+0x25): undefined reference to `CLOCK_MONOTONIC'
collect2: error: ld returned 1 exit status
CMakeFiles/cmTC_782e7.dir/build.make:97: recipe for target 'cmTC_782e7' failed
make[1]: *** [cmTC_782e7] Error 1
make[1]: Leaving directory '/media/chris/seagate1/chris/PurdueSchool/llvm_sarvavid/SarvLibrary/Kmerize/dsk/build/CMakeFiles/CMakeTmp'
Makefile:126: recipe for target 'cmTC_782e7/fast' failed
make: *** [cmTC_782e7/fast] Error 2


Performing Other Test HAVE___TM_GMTOFF failed with the following output:
Change Dir: /home/chris/Dropbox/chris/PurdueSchool/llvm_sarvavid/SarvLibrary/Kmerize/dsk/build/CMakeFiles/CMakeTmp

Run Build Command:"/usr/bin/make" "cmTC_c2afb/fast"
/usr/bin/make -f CMakeFiles/cmTC_c2afb.dir/build.make CMakeFiles/cmTC_c2afb.dir/build
make[1]: Entering directory '/media/chris/seagate1/chris/PurdueSchool/llvm_sarvavid/SarvLibrary/Kmerize/dsk/build/CMakeFiles/CMakeTmp'
Building C object CMakeFiles/cmTC_c2afb.dir/HDFTests.c.o
/usr/bin/gcc   -msse2 -msse4.2 -mpopcnt -DHAVE___TM_GMTOFF  -DHAVE_SYS_TIME_H -DHAVE_UNISTD_H -DHAVE_SYS_TYPES_H -DHAVE_SYS_SOCKET_H -D_FILE_OFFSET_BITS=64 -D_LARGEFILE64_SOURCE -D_LARGEFILE_SOURCE   -o CMakeFiles/cmTC_c2afb.dir/HDFTests.c.o   -c /home/chris/Dropbox/chris/PurdueSchool/llvm_sarvavid/SarvLibrary/Kmerize/dsk/thirdparty/gatb-core/gatb-core/thirdparty/hdf5/config/cmake_ext_mod/HDFTests.c
/home/chris/Dropbox/chris/PurdueSchool/llvm_sarvavid/SarvLibrary/Kmerize/dsk/thirdparty/gatb-core/gatb-core/thirdparty/hdf5/config/cmake_ext_mod/HDFTests.c: In function ‘main’:
/home/chris/Dropbox/chris/PurdueSchool/llvm_sarvavid/SarvLibrary/Kmerize/dsk/thirdparty/gatb-core/gatb-core/thirdparty/hdf5/config/cmake_ext_mod/HDFTests.c:170:29: error: ‘struct tm’ has no member named ‘__tm_gmtoff’; did you mean ‘tm_gmtoff’?
 SIMPLE_TEST(struct tm tm; tm.__tm_gmtoff=0);
                             ^
/home/chris/Dropbox/chris/PurdueSchool/llvm_sarvavid/SarvLibrary/Kmerize/dsk/thirdparty/gatb-core/gatb-core/thirdparty/hdf5/config/cmake_ext_mod/HDFTests.c:1:36: note: in definition of macro ‘SIMPLE_TEST’
 #define SIMPLE_TEST(x) int main(){ x; return 0; }
                                    ^
CMakeFiles/cmTC_c2afb.dir/build.make:65: recipe for target 'CMakeFiles/cmTC_c2afb.dir/HDFTests.c.o' failed
make[1]: *** [CMakeFiles/cmTC_c2afb.dir/HDFTests.c.o] Error 1
make[1]: Leaving directory '/media/chris/seagate1/chris/PurdueSchool/llvm_sarvavid/SarvLibrary/Kmerize/dsk/build/CMakeFiles/CMakeTmp'
Makefile:126: recipe for target 'cmTC_c2afb/fast' failed
make: *** [cmTC_c2afb/fast] Error 2

Performing Other Test HAVE_TM_ZONE failed with the following output:
Change Dir: /home/chris/Dropbox/chris/PurdueSchool/llvm_sarvavid/SarvLibrary/Kmerize/dsk/build/CMakeFiles/CMakeTmp

Run Build Command:"/usr/bin/make" "cmTC_06053/fast"
/usr/bin/make -f CMakeFiles/cmTC_06053.dir/build.make CMakeFiles/cmTC_06053.dir/build
make[1]: Entering directory '/media/chris/seagate1/chris/PurdueSchool/llvm_sarvavid/SarvLibrary/Kmerize/dsk/build/CMakeFiles/CMakeTmp'
Building C object CMakeFiles/cmTC_06053.dir/HDFTests.c.o
/usr/bin/gcc   -msse2 -msse4.2 -mpopcnt -DHAVE_TM_ZONE  -DHAVE_SYS_TIME_H -DHAVE_UNISTD_H -DHAVE_SYS_TYPES_H -DHAVE_SYS_SOCKET_H -D_FILE_OFFSET_BITS=64 -D_LARGEFILE64_SOURCE -D_LARGEFILE_SOURCE   -o CMakeFiles/cmTC_06053.dir/HDFTests.c.o   -c /home/chris/Dropbox/chris/PurdueSchool/llvm_sarvavid/SarvLibrary/Kmerize/dsk/thirdparty/gatb-core/gatb-core/thirdparty/hdf5/config/cmake_ext_mod/HDFTests.c
Linking C executable cmTC_06053
/usr/bin/cmake -E cmake_link_script CMakeFiles/cmTC_06053.dir/link.txt --verbose=1
/usr/bin/gcc  -msse2 -msse4.2 -mpopcnt -DHAVE_TM_ZONE  -DHAVE_SYS_TIME_H -DHAVE_UNISTD_H -DHAVE_SYS_TYPES_H -DHAVE_SYS_SOCKET_H -D_FILE_OFFSET_BITS=64 -D_LARGEFILE64_SOURCE -D_LARGEFILE_SOURCE    -rdynamic CMakeFiles/cmTC_06053.dir/HDFTests.c.o  -o cmTC_06053 -lm -ldl 
/usr/lib/gcc/x86_64-linux-gnu/6/../../../x86_64-linux-gnu/Scrt1.o: In function `_start':
(.text+0x20): undefined reference to `main'
collect2: error: ld returned 1 exit status
CMakeFiles/cmTC_06053.dir/build.make:97: recipe for target 'cmTC_06053' failed
make[1]: *** [cmTC_06053] Error 1
make[1]: Leaving directory '/media/chris/seagate1/chris/PurdueSchool/llvm_sarvavid/SarvLibrary/Kmerize/dsk/build/CMakeFiles/CMakeTmp'
Makefile:126: recipe for target 'cmTC_06053/fast' failed
make: *** [cmTC_06053/fast] Error 2

Performing Other Test HAVE_STRUCT_TM_TM_ZONE failed with the following output:
Change Dir: /home/chris/Dropbox/chris/PurdueSchool/llvm_sarvavid/SarvLibrary/Kmerize/dsk/build/CMakeFiles/CMakeTmp

Run Build Command:"/usr/bin/make" "cmTC_fade5/fast"
/usr/bin/make -f CMakeFiles/cmTC_fade5.dir/build.make CMakeFiles/cmTC_fade5.dir/build
make[1]: Entering directory '/media/chris/seagate1/chris/PurdueSchool/llvm_sarvavid/SarvLibrary/Kmerize/dsk/build/CMakeFiles/CMakeTmp'
Building C object CMakeFiles/cmTC_fade5.dir/HDFTests.c.o
/usr/bin/gcc   -msse2 -msse4.2 -mpopcnt -DHAVE_STRUCT_TM_TM_ZONE  -DHAVE_SYS_TIME_H -DHAVE_UNISTD_H -DHAVE_SYS_TYPES_H -DHAVE_SYS_SOCKET_H -D_FILE_OFFSET_BITS=64 -D_LARGEFILE64_SOURCE -D_LARGEFILE_SOURCE   -o CMakeFiles/cmTC_fade5.dir/HDFTests.c.o   -c /home/chris/Dropbox/chris/PurdueSchool/llvm_sarvavid/SarvLibrary/Kmerize/dsk/thirdparty/gatb-core/gatb-core/thirdparty/hdf5/config/cmake_ext_mod/HDFTests.c
Linking C executable cmTC_fade5
/usr/bin/cmake -E cmake_link_script CMakeFiles/cmTC_fade5.dir/link.txt --verbose=1
/usr/bin/gcc  -msse2 -msse4.2 -mpopcnt -DHAVE_STRUCT_TM_TM_ZONE  -DHAVE_SYS_TIME_H -DHAVE_UNISTD_H -DHAVE_SYS_TYPES_H -DHAVE_SYS_SOCKET_H -D_FILE_OFFSET_BITS=64 -D_LARGEFILE64_SOURCE -D_LARGEFILE_SOURCE    -rdynamic CMakeFiles/cmTC_fade5.dir/HDFTests.c.o  -o cmTC_fade5 -lm -ldl 
/usr/lib/gcc/x86_64-linux-gnu/6/../../../x86_64-linux-gnu/Scrt1.o: In function `_start':
(.text+0x20): undefined reference to `main'
collect2: error: ld returned 1 exit status
CMakeFiles/cmTC_fade5.dir/build.make:97: recipe for target 'cmTC_fade5' failed
make[1]: *** [cmTC_fade5] Error 1
make[1]: Leaving directory '/media/chris/seagate1/chris/PurdueSchool/llvm_sarvavid/SarvLibrary/Kmerize/dsk/build/CMakeFiles/CMakeTmp'
Makefile:126: recipe for target 'cmTC_fade5/fast' failed
make: *** [cmTC_fade5/fast] Error 2

Performing Other Test HAVE_STRUCT_VIDEOCONFIG failed with the following output:
Change Dir: /home/chris/Dropbox/chris/PurdueSchool/llvm_sarvavid/SarvLibrary/Kmerize/dsk/build/CMakeFiles/CMakeTmp

Run Build Command:"/usr/bin/make" "cmTC_572e9/fast"
/usr/bin/make -f CMakeFiles/cmTC_572e9.dir/build.make CMakeFiles/cmTC_572e9.dir/build
make[1]: Entering directory '/media/chris/seagate1/chris/PurdueSchool/llvm_sarvavid/SarvLibrary/Kmerize/dsk/build/CMakeFiles/CMakeTmp'
Building C object CMakeFiles/cmTC_572e9.dir/HDFTests.c.o
/usr/bin/gcc   -msse2 -msse4.2 -mpopcnt -DHAVE_STRUCT_VIDEOCONFIG  -DHAVE_SYS_TIME_H -DHAVE_UNISTD_H -DHAVE_SYS_TYPES_H -DHAVE_SYS_SOCKET_H -D_FILE_OFFSET_BITS=64 -D_LARGEFILE64_SOURCE -D_LARGEFILE_SOURCE   -o CMakeFiles/cmTC_572e9.dir/HDFTests.c.o   -c /home/chris/Dropbox/chris/PurdueSchool/llvm_sarvavid/SarvLibrary/Kmerize/dsk/thirdparty/gatb-core/gatb-core/thirdparty/hdf5/config/cmake_ext_mod/HDFTests.c
/home/chris/Dropbox/chris/PurdueSchool/llvm_sarvavid/SarvLibrary/Kmerize/dsk/thirdparty/gatb-core/gatb-core/thirdparty/hdf5/config/cmake_ext_mod/HDFTests.c: In function ‘main’:
/home/chris/Dropbox/chris/PurdueSchool/llvm_sarvavid/SarvLibrary/Kmerize/dsk/thirdparty/gatb-core/gatb-core/thirdparty/hdf5/config/cmake_ext_mod/HDFTests.c:447:32: error: storage size of ‘w’ isn’t known
 SIMPLE_TEST(struct videoconfig w; w.numtextcols=0);
                                ^
/home/chris/Dropbox/chris/PurdueSchool/llvm_sarvavid/SarvLibrary/Kmerize/dsk/thirdparty/gatb-core/gatb-core/thirdparty/hdf5/config/cmake_ext_mod/HDFTests.c:1:36: note: in definition of macro ‘SIMPLE_TEST’
 #define SIMPLE_TEST(x) int main(){ x; return 0; }
                                    ^
CMakeFiles/cmTC_572e9.dir/build.make:65: recipe for target 'CMakeFiles/cmTC_572e9.dir/HDFTests.c.o' failed
make[1]: *** [CMakeFiles/cmTC_572e9.dir/HDFTests.c.o] Error 1
make[1]: Leaving directory '/media/chris/seagate1/chris/PurdueSchool/llvm_sarvavid/SarvLibrary/Kmerize/dsk/build/CMakeFiles/CMakeTmp'
Makefile:126: recipe for target 'cmTC_572e9/fast' failed
make: *** [cmTC_572e9/fast] Error 2

Performing Other Test HAVE_STRUCT_TEXT_INFO failed with the following output:
Change Dir: /home/chris/Dropbox/chris/PurdueSchool/llvm_sarvavid/SarvLibrary/Kmerize/dsk/build/CMakeFiles/CMakeTmp

Run Build Command:"/usr/bin/make" "cmTC_2a32b/fast"
/usr/bin/make -f CMakeFiles/cmTC_2a32b.dir/build.make CMakeFiles/cmTC_2a32b.dir/build
make[1]: Entering directory '/media/chris/seagate1/chris/PurdueSchool/llvm_sarvavid/SarvLibrary/Kmerize/dsk/build/CMakeFiles/CMakeTmp'
Building C object CMakeFiles/cmTC_2a32b.dir/HDFTests.c.o
/usr/bin/gcc   -msse2 -msse4.2 -mpopcnt -DHAVE_STRUCT_TEXT_INFO  -DHAVE_SYS_TIME_H -DHAVE_UNISTD_H -DHAVE_SYS_TYPES_H -DHAVE_SYS_SOCKET_H -D_FILE_OFFSET_BITS=64 -D_LARGEFILE64_SOURCE -D_LARGEFILE_SOURCE   -o CMakeFiles/cmTC_2a32b.dir/HDFTests.c.o   -c /home/chris/Dropbox/chris/PurdueSchool/llvm_sarvavid/SarvLibrary/Kmerize/dsk/thirdparty/gatb-core/gatb-core/thirdparty/hdf5/config/cmake_ext_mod/HDFTests.c
/home/chris/Dropbox/chris/PurdueSchool/llvm_sarvavid/SarvLibrary/Kmerize/dsk/thirdparty/gatb-core/gatb-core/thirdparty/hdf5/config/cmake_ext_mod/HDFTests.c: In function ‘main’:
/home/chris/Dropbox/chris/PurdueSchool/llvm_sarvavid/SarvLibrary/Kmerize/dsk/thirdparty/gatb-core/gatb-core/thirdparty/hdf5/config/cmake_ext_mod/HDFTests.c:453:30: error: storage size of ‘w’ isn’t known
 SIMPLE_TEST(struct text_info w; w.screenwidth=0);
                              ^
/home/chris/Dropbox/chris/PurdueSchool/llvm_sarvavid/SarvLibrary/Kmerize/dsk/thirdparty/gatb-core/gatb-core/thirdparty/hdf5/config/cmake_ext_mod/HDFTests.c:1:36: note: in definition of macro ‘SIMPLE_TEST’
 #define SIMPLE_TEST(x) int main(){ x; return 0; }
                                    ^
CMakeFiles/cmTC_2a32b.dir/build.make:65: recipe for target 'CMakeFiles/cmTC_2a32b.dir/HDFTests.c.o' failed
make[1]: *** [CMakeFiles/cmTC_2a32b.dir/HDFTests.c.o] Error 1
make[1]: Leaving directory '/media/chris/seagate1/chris/PurdueSchool/llvm_sarvavid/SarvLibrary/Kmerize/dsk/build/CMakeFiles/CMakeTmp'
Makefile:126: recipe for target 'cmTC_2a32b/fast' failed
make: *** [cmTC_2a32b/fast] Error 2

Determining if the function _getvideoconfig exists failed with the following output:
Change Dir: /home/chris/Dropbox/chris/PurdueSchool/llvm_sarvavid/SarvLibrary/Kmerize/dsk/build/CMakeFiles/CMakeTmp

Run Build Command:"/usr/bin/make" "cmTC_eb07b/fast"
/usr/bin/make -f CMakeFiles/cmTC_eb07b.dir/build.make CMakeFiles/cmTC_eb07b.dir/build
make[1]: Entering directory '/media/chris/seagate1/chris/PurdueSchool/llvm_sarvavid/SarvLibrary/Kmerize/dsk/build/CMakeFiles/CMakeTmp'
Building C object CMakeFiles/cmTC_eb07b.dir/CheckFunctionExists.c.o
/usr/bin/gcc -D_FILE_OFFSET_BITS=64 -D_LARGEFILE64_SOURCE -D_LARGEFILE_SOURCE  -msse2 -msse4.2 -mpopcnt -DCHECK_FUNCTION_EXISTS=_getvideoconfig   -o CMakeFiles/cmTC_eb07b.dir/CheckFunctionExists.c.o   -c /usr/share/cmake-3.10/Modules/CheckFunctionExists.c
Linking C executable cmTC_eb07b
/usr/bin/cmake -E cmake_link_script CMakeFiles/cmTC_eb07b.dir/link.txt --verbose=1
/usr/bin/gcc  -msse2 -msse4.2 -mpopcnt -DCHECK_FUNCTION_EXISTS=_getvideoconfig    -rdynamic CMakeFiles/cmTC_eb07b.dir/CheckFunctionExists.c.o  -o cmTC_eb07b -lm -ldl 
CMakeFiles/cmTC_eb07b.dir/CheckFunctionExists.c.o: In function `main':
CheckFunctionExists.c:(.text+0x10): undefined reference to `_getvideoconfig'
collect2: error: ld returned 1 exit status
CMakeFiles/cmTC_eb07b.dir/build.make:97: recipe for target 'cmTC_eb07b' failed
make[1]: *** [cmTC_eb07b] Error 1
make[1]: Leaving directory '/media/chris/seagate1/chris/PurdueSchool/llvm_sarvavid/SarvLibrary/Kmerize/dsk/build/CMakeFiles/CMakeTmp'
Makefile:126: recipe for target 'cmTC_eb07b/fast' failed
make: *** [cmTC_eb07b/fast] Error 2


Determining if the function gettextinfo exists failed with the following output:
Change Dir: /home/chris/Dropbox/chris/PurdueSchool/llvm_sarvavid/SarvLibrary/Kmerize/dsk/build/CMakeFiles/CMakeTmp

Run Build Command:"/usr/bin/make" "cmTC_ff958/fast"
/usr/bin/make -f CMakeFiles/cmTC_ff958.dir/build.make CMakeFiles/cmTC_ff958.dir/build
make[1]: Entering directory '/media/chris/seagate1/chris/PurdueSchool/llvm_sarvavid/SarvLibrary/Kmerize/dsk/build/CMakeFiles/CMakeTmp'
Building C object CMakeFiles/cmTC_ff958.dir/CheckFunctionExists.c.o
/usr/bin/gcc -D_FILE_OFFSET_BITS=64 -D_LARGEFILE64_SOURCE -D_LARGEFILE_SOURCE  -msse2 -msse4.2 -mpopcnt -DCHECK_FUNCTION_EXISTS=gettextinfo   -o CMakeFiles/cmTC_ff958.dir/CheckFunctionExists.c.o   -c /usr/share/cmake-3.10/Modules/CheckFunctionExists.c
Linking C executable cmTC_ff958
/usr/bin/cmake -E cmake_link_script CMakeFiles/cmTC_ff958.dir/link.txt --verbose=1
/usr/bin/gcc  -msse2 -msse4.2 -mpopcnt -DCHECK_FUNCTION_EXISTS=gettextinfo    -rdynamic CMakeFiles/cmTC_ff958.dir/CheckFunctionExists.c.o  -o cmTC_ff958 -lm -ldl 
CMakeFiles/cmTC_ff958.dir/CheckFunctionExists.c.o: In function `main':
CheckFunctionExists.c:(.text+0x10): undefined reference to `gettextinfo'
collect2: error: ld returned 1 exit status
CMakeFiles/cmTC_ff958.dir/build.make:97: recipe for target 'cmTC_ff958' failed
make[1]: *** [cmTC_ff958] Error 1
make[1]: Leaving directory '/media/chris/seagate1/chris/PurdueSchool/llvm_sarvavid/SarvLibrary/Kmerize/dsk/build/CMakeFiles/CMakeTmp'
Makefile:126: recipe for target 'cmTC_ff958/fast' failed
make: *** [cmTC_ff958/fast] Error 2


Determining if the function _scrsize exists failed with the following output:
Change Dir: /home/chris/Dropbox/chris/PurdueSchool/llvm_sarvavid/SarvLibrary/Kmerize/dsk/build/CMakeFiles/CMakeTmp

Run Build Command:"/usr/bin/make" "cmTC_9561d/fast"
/usr/bin/make -f CMakeFiles/cmTC_9561d.dir/build.make CMakeFiles/cmTC_9561d.dir/build
make[1]: Entering directory '/media/chris/seagate1/chris/PurdueSchool/llvm_sarvavid/SarvLibrary/Kmerize/dsk/build/CMakeFiles/CMakeTmp'
Building C object CMakeFiles/cmTC_9561d.dir/CheckFunctionExists.c.o
/usr/bin/gcc -D_FILE_OFFSET_BITS=64 -D_LARGEFILE64_SOURCE -D_LARGEFILE_SOURCE  -msse2 -msse4.2 -mpopcnt -DCHECK_FUNCTION_EXISTS=_scrsize   -o CMakeFiles/cmTC_9561d.dir/CheckFunctionExists.c.o   -c /usr/share/cmake-3.10/Modules/CheckFunctionExists.c
Linking C executable cmTC_9561d
/usr/bin/cmake -E cmake_link_script CMakeFiles/cmTC_9561d.dir/link.txt --verbose=1
/usr/bin/gcc  -msse2 -msse4.2 -mpopcnt -DCHECK_FUNCTION_EXISTS=_scrsize    -rdynamic CMakeFiles/cmTC_9561d.dir/CheckFunctionExists.c.o  -o cmTC_9561d -lm -ldl 
CMakeFiles/cmTC_9561d.dir/CheckFunctionExists.c.o: In function `main':
CheckFunctionExists.c:(.text+0x10): undefined reference to `_scrsize'
collect2: error: ld returned 1 exit status
CMakeFiles/cmTC_9561d.dir/build.make:97: recipe for target 'cmTC_9561d' failed
make[1]: *** [cmTC_9561d] Error 1
make[1]: Leaving directory '/media/chris/seagate1/chris/PurdueSchool/llvm_sarvavid/SarvLibrary/Kmerize/dsk/build/CMakeFiles/CMakeTmp'
Makefile:126: recipe for target 'cmTC_9561d/fast' failed
make: *** [cmTC_9561d/fast] Error 2


Determining if the function GetConsoleScreenBufferInfo exists failed with the following output:
Change Dir: /home/chris/Dropbox/chris/PurdueSchool/llvm_sarvavid/SarvLibrary/Kmerize/dsk/build/CMakeFiles/CMakeTmp

Run Build Command:"/usr/bin/make" "cmTC_cc406/fast"
/usr/bin/make -f CMakeFiles/cmTC_cc406.dir/build.make CMakeFiles/cmTC_cc406.dir/build
make[1]: Entering directory '/media/chris/seagate1/chris/PurdueSchool/llvm_sarvavid/SarvLibrary/Kmerize/dsk/build/CMakeFiles/CMakeTmp'
Building C object CMakeFiles/cmTC_cc406.dir/CheckFunctionExists.c.o
/usr/bin/gcc -D_FILE_OFFSET_BITS=64 -D_LARGEFILE64_SOURCE -D_LARGEFILE_SOURCE  -msse2 -msse4.2 -mpopcnt -DCHECK_FUNCTION_EXISTS=GetConsoleScreenBufferInfo   -o CMakeFiles/cmTC_cc406.dir/CheckFunctionExists.c.o   -c /usr/share/cmake-3.10/Modules/CheckFunctionExists.c
Linking C executable cmTC_cc406
/usr/bin/cmake -E cmake_link_script CMakeFiles/cmTC_cc406.dir/link.txt --verbose=1
/usr/bin/gcc  -msse2 -msse4.2 -mpopcnt -DCHECK_FUNCTION_EXISTS=GetConsoleScreenBufferInfo    -rdynamic CMakeFiles/cmTC_cc406.dir/CheckFunctionExists.c.o  -o cmTC_cc406 -lm -ldl 
CMakeFiles/cmTC_cc406.dir/CheckFunctionExists.c.o: In function `main':
CheckFunctionExists.c:(.text+0x10): undefined reference to `GetConsoleScreenBufferInfo'
collect2: error: ld returned 1 exit status
CMakeFiles/cmTC_cc406.dir/build.make:97: recipe for target 'cmTC_cc406' failed
make[1]: *** [cmTC_cc406] Error 1
make[1]: Leaving directory '/media/chris/seagate1/chris/PurdueSchool/llvm_sarvavid/SarvLibrary/Kmerize/dsk/build/CMakeFiles/CMakeTmp'
Makefile:126: recipe for target 'cmTC_cc406/fast' failed
make: *** [cmTC_cc406/fast] Error 2


Determining if the function setsysinfo exists failed with the following output:
Change Dir: /home/chris/Dropbox/chris/PurdueSchool/llvm_sarvavid/SarvLibrary/Kmerize/dsk/build/CMakeFiles/CMakeTmp

Run Build Command:"/usr/bin/make" "cmTC_08a4a/fast"
/usr/bin/make -f CMakeFiles/cmTC_08a4a.dir/build.make CMakeFiles/cmTC_08a4a.dir/build
make[1]: Entering directory '/media/chris/seagate1/chris/PurdueSchool/llvm_sarvavid/SarvLibrary/Kmerize/dsk/build/CMakeFiles/CMakeTmp'
Building C object CMakeFiles/cmTC_08a4a.dir/CheckFunctionExists.c.o
/usr/bin/gcc -D_FILE_OFFSET_BITS=64 -D_LARGEFILE64_SOURCE -D_LARGEFILE_SOURCE  -msse2 -msse4.2 -mpopcnt -DCHECK_FUNCTION_EXISTS=setsysinfo   -o CMakeFiles/cmTC_08a4a.dir/CheckFunctionExists.c.o   -c /usr/share/cmake-3.10/Modules/CheckFunctionExists.c
Linking C executable cmTC_08a4a
/usr/bin/cmake -E cmake_link_script CMakeFiles/cmTC_08a4a.dir/link.txt --verbose=1
/usr/bin/gcc  -msse2 -msse4.2 -mpopcnt -DCHECK_FUNCTION_EXISTS=setsysinfo    -rdynamic CMakeFiles/cmTC_08a4a.dir/CheckFunctionExists.c.o  -o cmTC_08a4a -lm -ldl 
CMakeFiles/cmTC_08a4a.dir/CheckFunctionExists.c.o: In function `main':
CheckFunctionExists.c:(.text+0x10): undefined reference to `setsysinfo'
collect2: error: ld returned 1 exit status
CMakeFiles/cmTC_08a4a.dir/build.make:97: recipe for target 'cmTC_08a4a' failed
make[1]: *** [cmTC_08a4a] Error 1
make[1]: Leaving directory '/media/chris/seagate1/chris/PurdueSchool/llvm_sarvavid/SarvLibrary/Kmerize/dsk/build/CMakeFiles/CMakeTmp'
Makefile:126: recipe for target 'cmTC_08a4a/fast' failed
make: *** [cmTC_08a4a/fast] Error 2


Determining if the function sigsetjmp exists failed with the following output:
Change Dir: /home/chris/Dropbox/chris/PurdueSchool/llvm_sarvavid/SarvLibrary/Kmerize/dsk/build/CMakeFiles/CMakeTmp

Run Build Command:"/usr/bin/make" "cmTC_51a36/fast"
/usr/bin/make -f CMakeFiles/cmTC_51a36.dir/build.make CMakeFiles/cmTC_51a36.dir/build
make[1]: Entering directory '/media/chris/seagate1/chris/PurdueSchool/llvm_sarvavid/SarvLibrary/Kmerize/dsk/build/CMakeFiles/CMakeTmp'
Building C object CMakeFiles/cmTC_51a36.dir/CheckFunctionExists.c.o
/usr/bin/gcc -D_FILE_OFFSET_BITS=64 -D_LARGEFILE64_SOURCE -D_LARGEFILE_SOURCE  -msse2 -msse4.2 -mpopcnt -DCHECK_FUNCTION_EXISTS=sigsetjmp   -o CMakeFiles/cmTC_51a36.dir/CheckFunctionExists.c.o   -c /usr/share/cmake-3.10/Modules/CheckFunctionExists.c
Linking C executable cmTC_51a36
/usr/bin/cmake -E cmake_link_script CMakeFiles/cmTC_51a36.dir/link.txt --verbose=1
/usr/bin/gcc  -msse2 -msse4.2 -mpopcnt -DCHECK_FUNCTION_EXISTS=sigsetjmp    -rdynamic CMakeFiles/cmTC_51a36.dir/CheckFunctionExists.c.o  -o cmTC_51a36 -lm -ldl 
CMakeFiles/cmTC_51a36.dir/CheckFunctionExists.c.o: In function `main':
CheckFunctionExists.c:(.text+0x10): undefined reference to `sigsetjmp'
collect2: error: ld returned 1 exit status
CMakeFiles/cmTC_51a36.dir/build.make:97: recipe for target 'cmTC_51a36' failed
make[1]: *** [cmTC_51a36] Error 1
make[1]: Leaving directory '/media/chris/seagate1/chris/PurdueSchool/llvm_sarvavid/SarvLibrary/Kmerize/dsk/build/CMakeFiles/CMakeTmp'
Makefile:126: recipe for target 'cmTC_51a36/fast' failed
make: *** [cmTC_51a36/fast] Error 2


Performing CXX Test OLD_HEADER_FILENAME failed with the following output:
Change Dir: /home/chris/Dropbox/chris/PurdueSchool/llvm_sarvavid/SarvLibrary/Kmerize/dsk/build/CMakeFiles/CMakeTmp

Run Build Command:"/usr/bin/make" "cmTC_5c68c/fast"
/usr/bin/make -f CMakeFiles/cmTC_5c68c.dir/build.make CMakeFiles/cmTC_5c68c.dir/build
make[1]: Entering directory '/media/chris/seagate1/chris/PurdueSchool/llvm_sarvavid/SarvLibrary/Kmerize/dsk/build/CMakeFiles/CMakeTmp'
Building CXX object CMakeFiles/cmTC_5c68c.dir/HDFCXXTests.cpp.o
/usr/bin/g++    -msse2 -msse4.2 -mpopcnt -DOLD_HEADER_FILENAME  -DHAVE_SYS_TIME_H -DHAVE_UNISTD_H -DHAVE_SYS_TYPES_H -DHAVE_SYS_SOCKET_H -D_FILE_OFFSET_BITS=64 -D_LARGEFILE64_SOURCE -D_LARGEFILE_SOURCE   -o CMakeFiles/cmTC_5c68c.dir/HDFCXXTests.cpp.o -c /home/chris/Dropbox/chris/PurdueSchool/llvm_sarvavid/SarvLibrary/Kmerize/dsk/thirdparty/gatb-core/gatb-core/thirdparty/hdf5/config/cmake_ext_mod/HDFCXXTests.cpp
Linking CXX executable cmTC_5c68c
/usr/bin/cmake -E cmake_link_script CMakeFiles/cmTC_5c68c.dir/link.txt --verbose=1
/usr/bin/g++   -msse2 -msse4.2 -mpopcnt -DOLD_HEADER_FILENAME  -DHAVE_SYS_TIME_H -DHAVE_UNISTD_H -DHAVE_SYS_TYPES_H -DHAVE_SYS_SOCKET_H -D_FILE_OFFSET_BITS=64 -D_LARGEFILE64_SOURCE -D_LARGEFILE_SOURCE    -rdynamic CMakeFiles/cmTC_5c68c.dir/HDFCXXTests.cpp.o  -o cmTC_5c68c -lm -ldl 
make[1]: Leaving directory '/media/chris/seagate1/chris/PurdueSchool/llvm_sarvavid/SarvLibrary/Kmerize/dsk/build/CMakeFiles/CMakeTmp'

Performing CXX Test H5_NO_NAMESPACE failed with the following output:
Change Dir: /home/chris/Dropbox/chris/PurdueSchool/llvm_sarvavid/SarvLibrary/Kmerize/dsk/build/CMakeFiles/CMakeTmp

Run Build Command:"/usr/bin/make" "cmTC_2d854/fast"
/usr/bin/make -f CMakeFiles/cmTC_2d854.dir/build.make CMakeFiles/cmTC_2d854.dir/build
make[1]: Entering directory '/media/chris/seagate1/chris/PurdueSchool/llvm_sarvavid/SarvLibrary/Kmerize/dsk/build/CMakeFiles/CMakeTmp'
Building CXX object CMakeFiles/cmTC_2d854.dir/HDFCXXTests.cpp.o
/usr/bin/g++    -msse2 -msse4.2 -mpopcnt -DH5_NO_NAMESPACE  -DHAVE_SYS_TIME_H -DHAVE_UNISTD_H -DHAVE_SYS_TYPES_H -DHAVE_SYS_SOCKET_H -D_FILE_OFFSET_BITS=64 -D_LARGEFILE64_SOURCE -D_LARGEFILE_SOURCE   -o CMakeFiles/cmTC_2d854.dir/HDFCXXTests.cpp.o -c /home/chris/Dropbox/chris/PurdueSchool/llvm_sarvavid/SarvLibrary/Kmerize/dsk/thirdparty/gatb-core/gatb-core/thirdparty/hdf5/config/cmake_ext_mod/HDFCXXTests.cpp
Linking CXX executable cmTC_2d854
/usr/bin/cmake -E cmake_link_script CMakeFiles/cmTC_2d854.dir/link.txt --verbose=1
/usr/bin/g++   -msse2 -msse4.2 -mpopcnt -DH5_NO_NAMESPACE  -DHAVE_SYS_TIME_H -DHAVE_UNISTD_H -DHAVE_SYS_TYPES_H -DHAVE_SYS_SOCKET_H -D_FILE_OFFSET_BITS=64 -D_LARGEFILE64_SOURCE -D_LARGEFILE_SOURCE    -rdynamic CMakeFiles/cmTC_2d854.dir/HDFCXXTests.cpp.o  -o cmTC_2d854 -lm -ldl 
/usr/lib/gcc/x86_64-linux-gnu/6/../../../x86_64-linux-gnu/Scrt1.o: In function `_start':
(.text+0x20): undefined reference to `main'
collect2: error: ld returned 1 exit status
CMakeFiles/cmTC_2d854.dir/build.make:97: recipe for target 'cmTC_2d854' failed
make[1]: *** [cmTC_2d854] Error 1
make[1]: Leaving directory '/media/chris/seagate1/chris/PurdueSchool/llvm_sarvavid/SarvLibrary/Kmerize/dsk/build/CMakeFiles/CMakeTmp'
Makefile:126: recipe for target 'cmTC_2d854/fast' failed
make: *** [cmTC_2d854/fast] Error 2

Performing CXX Test H5_NO_STD failed with the following output:
Change Dir: /home/chris/Dropbox/chris/PurdueSchool/llvm_sarvavid/SarvLibrary/Kmerize/dsk/build/CMakeFiles/CMakeTmp

Run Build Command:"/usr/bin/make" "cmTC_83788/fast"
/usr/bin/make -f CMakeFiles/cmTC_83788.dir/build.make CMakeFiles/cmTC_83788.dir/build
make[1]: Entering directory '/media/chris/seagate1/chris/PurdueSchool/llvm_sarvavid/SarvLibrary/Kmerize/dsk/build/CMakeFiles/CMakeTmp'
Building CXX object CMakeFiles/cmTC_83788.dir/HDFCXXTests.cpp.o
/usr/bin/g++    -msse2 -msse4.2 -mpopcnt -DH5_NO_STD  -DHAVE_SYS_TIME_H -DHAVE_UNISTD_H -DHAVE_SYS_TYPES_H -DHAVE_SYS_SOCKET_H -D_FILE_OFFSET_BITS=64 -D_LARGEFILE64_SOURCE -D_LARGEFILE_SOURCE   -o CMakeFiles/cmTC_83788.dir/HDFCXXTests.cpp.o -c /home/chris/Dropbox/chris/PurdueSchool/llvm_sarvavid/SarvLibrary/Kmerize/dsk/thirdparty/gatb-core/gatb-core/thirdparty/hdf5/config/cmake_ext_mod/HDFCXXTests.cpp
Linking CXX executable cmTC_83788
/usr/bin/cmake -E cmake_link_script CMakeFiles/cmTC_83788.dir/link.txt --verbose=1
/usr/bin/g++   -msse2 -msse4.2 -mpopcnt -DH5_NO_STD  -DHAVE_SYS_TIME_H -DHAVE_UNISTD_H -DHAVE_SYS_TYPES_H -DHAVE_SYS_SOCKET_H -D_FILE_OFFSET_BITS=64 -D_LARGEFILE64_SOURCE -D_LARGEFILE_SOURCE    -rdynamic CMakeFiles/cmTC_83788.dir/HDFCXXTests.cpp.o  -o cmTC_83788 -lm -ldl 
/usr/lib/gcc/x86_64-linux-gnu/6/../../../x86_64-linux-gnu/Scrt1.o: In function `_start':
(.text+0x20): undefined reference to `main'
collect2: error: ld returned 1 exit status
CMakeFiles/cmTC_83788.dir/build.make:97: recipe for target 'cmTC_83788' failed
make[1]: *** [cmTC_83788] Error 1
make[1]: Leaving directory '/media/chris/seagate1/chris/PurdueSchool/llvm_sarvavid/SarvLibrary/Kmerize/dsk/build/CMakeFiles/CMakeTmp'
Makefile:126: recipe for target 'cmTC_83788/fast' failed
make: *** [cmTC_83788/fast] Error 2

Performing CXX Test BOOL_NOTDEFINED failed with the following output:
Change Dir: /home/chris/Dropbox/chris/PurdueSchool/llvm_sarvavid/SarvLibrary/Kmerize/dsk/build/CMakeFiles/CMakeTmp

Run Build Command:"/usr/bin/make" "cmTC_8376a/fast"
/usr/bin/make -f CMakeFiles/cmTC_8376a.dir/build.make CMakeFiles/cmTC_8376a.dir/build
make[1]: Entering directory '/media/chris/seagate1/chris/PurdueSchool/llvm_sarvavid/SarvLibrary/Kmerize/dsk/build/CMakeFiles/CMakeTmp'
Building CXX object CMakeFiles/cmTC_8376a.dir/HDFCXXTests.cpp.o
/usr/bin/g++    -msse2 -msse4.2 -mpopcnt -DBOOL_NOTDEFINED  -DHAVE_SYS_TIME_H -DHAVE_UNISTD_H -DHAVE_SYS_TYPES_H -DHAVE_SYS_SOCKET_H -D_FILE_OFFSET_BITS=64 -D_LARGEFILE64_SOURCE -D_LARGEFILE_SOURCE   -o CMakeFiles/cmTC_8376a.dir/HDFCXXTests.cpp.o -c /home/chris/Dropbox/chris/PurdueSchool/llvm_sarvavid/SarvLibrary/Kmerize/dsk/thirdparty/gatb-core/gatb-core/thirdparty/hdf5/config/cmake_ext_mod/HDFCXXTests.cpp
Linking CXX executable cmTC_8376a
/usr/bin/cmake -E cmake_link_script CMakeFiles/cmTC_8376a.dir/link.txt --verbose=1
/usr/bin/g++   -msse2 -msse4.2 -mpopcnt -DBOOL_NOTDEFINED  -DHAVE_SYS_TIME_H -DHAVE_UNISTD_H -DHAVE_SYS_TYPES_H -DHAVE_SYS_SOCKET_H -D_FILE_OFFSET_BITS=64 -D_LARGEFILE64_SOURCE -D_LARGEFILE_SOURCE    -rdynamic CMakeFiles/cmTC_8376a.dir/HDFCXXTests.cpp.o  -o cmTC_8376a -lm -ldl 
make[1]: Leaving directory '/media/chris/seagate1/chris/PurdueSchool/llvm_sarvavid/SarvLibrary/Kmerize/dsk/build/CMakeFiles/CMakeTmp'

Performing CXX Test NO_STATIC_CAST failed with the following output:
Change Dir: /home/chris/Dropbox/chris/PurdueSchool/llvm_sarvavid/SarvLibrary/Kmerize/dsk/build/CMakeFiles/CMakeTmp

Run Build Command:"/usr/bin/make" "cmTC_4f6c9/fast"
/usr/bin/make -f CMakeFiles/cmTC_4f6c9.dir/build.make CMakeFiles/cmTC_4f6c9.dir/build
make[1]: Entering directory '/media/chris/seagate1/chris/PurdueSchool/llvm_sarvavid/SarvLibrary/Kmerize/dsk/build/CMakeFiles/CMakeTmp'
Building CXX object CMakeFiles/cmTC_4f6c9.dir/HDFCXXTests.cpp.o
/usr/bin/g++    -msse2 -msse4.2 -mpopcnt -DNO_STATIC_CAST  -DHAVE_SYS_TIME_H -DHAVE_UNISTD_H -DHAVE_SYS_TYPES_H -DHAVE_SYS_SOCKET_H -D_FILE_OFFSET_BITS=64 -D_LARGEFILE64_SOURCE -D_LARGEFILE_SOURCE   -o CMakeFiles/cmTC_4f6c9.dir/HDFCXXTests.cpp.o -c /home/chris/Dropbox/chris/PurdueSchool/llvm_sarvavid/SarvLibrary/Kmerize/dsk/thirdparty/gatb-core/gatb-core/thirdparty/hdf5/config/cmake_ext_mod/HDFCXXTests.cpp
Linking CXX executable cmTC_4f6c9
/usr/bin/cmake -E cmake_link_script CMakeFiles/cmTC_4f6c9.dir/link.txt --verbose=1
/usr/bin/g++   -msse2 -msse4.2 -mpopcnt -DNO_STATIC_CAST  -DHAVE_SYS_TIME_H -DHAVE_UNISTD_H -DHAVE_SYS_TYPES_H -DHAVE_SYS_SOCKET_H -D_FILE_OFFSET_BITS=64 -D_LARGEFILE64_SOURCE -D_LARGEFILE_SOURCE    -rdynamic CMakeFiles/cmTC_4f6c9.dir/HDFCXXTests.cpp.o  -o cmTC_4f6c9 -lm -ldl 
make[1]: Leaving directory '/media/chris/seagate1/chris/PurdueSchool/llvm_sarvavid/SarvLibrary/Kmerize/dsk/build/CMakeFiles/CMakeTmp'

Determining if the function clock_gettime exists in the posix4 failed with the following output:
Change Dir: /home/chris/Dropbox/chris/PurdueSchool/llvm_sarvavid/SarvLibrary/Kmerize/dsk/build/CMakeFiles/CMakeTmp

Run Build Command:"/usr/bin/make" "cmTC_ee271/fast"
/usr/bin/make -f CMakeFiles/cmTC_ee271.dir/build.make CMakeFiles/cmTC_ee271.dir/build
make[1]: Entering directory '/media/chris/seagate1/chris/PurdueSchool/llvm_sarvavid/SarvLibrary/Kmerize/dsk/build/CMakeFiles/CMakeTmp'
Building C object CMakeFiles/cmTC_ee271.dir/CheckFunctionExists.c.o
/usr/bin/gcc -D_FILE_OFFSET_BITS=64 -D_LARGEFILE64_SOURCE -D_LARGEFILE_SOURCE  -msse2 -msse4.2 -mpopcnt -DCHECK_FUNCTION_EXISTS=clock_gettime   -o CMakeFiles/cmTC_ee271.dir/CheckFunctionExists.c.o   -c /usr/share/cmake-3.10/Modules/CheckFunctionExists.c
Linking C executable cmTC_ee271
/usr/bin/cmake -E cmake_link_script CMakeFiles/cmTC_ee271.dir/link.txt --verbose=1
/usr/bin/gcc  -msse2 -msse4.2 -mpopcnt -DCHECK_FUNCTION_EXISTS=clock_gettime    -rdynamic CMakeFiles/cmTC_ee271.dir/CheckFunctionExists.c.o  -o cmTC_ee271 -lposix4 -lm -ldl 
/usr/bin/x86_64-linux-gnu-ld: cannot find -lposix4
collect2: error: ld returned 1 exit status
CMakeFiles/cmTC_ee271.dir/build.make:97: recipe for target 'cmTC_ee271' failed
make[1]: *** [cmTC_ee271] Error 1
make[1]: Leaving directory '/media/chris/seagate1/chris/PurdueSchool/llvm_sarvavid/SarvLibrary/Kmerize/dsk/build/CMakeFiles/CMakeTmp'
Makefile:126: recipe for target 'cmTC_ee271/fast' failed
make: *** [cmTC_ee271/fast] Error 2


Test H5_LDOUBLE_TO_LONG_SPECIAL Run failed with the following output and exit code:
 Change Dir: /home/chris/Dropbox/chris/PurdueSchool/llvm_sarvavid/SarvLibrary/Kmerize/dsk/build/CMakeFiles/CMakeTmp

Run Build Command:"/usr/bin/make" "cmTC_60296/fast"
/usr/bin/make -f CMakeFiles/cmTC_60296.dir/build.make CMakeFiles/cmTC_60296.dir/build
make[1]: Entering directory '/media/chris/seagate1/chris/PurdueSchool/llvm_sarvavid/SarvLibrary/Kmerize/dsk/build/CMakeFiles/CMakeTmp'
Building C object CMakeFiles/cmTC_60296.dir/ConversionTests.c.o
/usr/bin/gcc   -msse2 -msse4.2 -mpopcnt -DH5_LDOUBLE_TO_LONG_SPECIAL_TEST   -o CMakeFiles/cmTC_60296.dir/ConversionTests.c.o   -c /home/chris/Dropbox/chris/PurdueSchool/llvm_sarvavid/SarvLibrary/Kmerize/dsk/thirdparty/gatb-core/gatb-core/thirdparty/hdf5/config/cmake/ConversionTests.c
Linking C executable cmTC_60296
/usr/bin/cmake -E cmake_link_script CMakeFiles/cmTC_60296.dir/link.txt --verbose=1
/usr/bin/gcc  -msse2 -msse4.2 -mpopcnt -DH5_LDOUBLE_TO_LONG_SPECIAL_TEST    -rdynamic CMakeFiles/cmTC_60296.dir/ConversionTests.c.o  -o cmTC_60296 
make[1]: Leaving directory '/media/chris/seagate1/chris/PurdueSchool/llvm_sarvavid/SarvLibrary/Kmerize/dsk/build/CMakeFiles/CMakeTmp'

Test H5_LONG_TO_LDOUBLE_SPECIAL Run failed with the following output and exit code:
 Change Dir: /home/chris/Dropbox/chris/PurdueSchool/llvm_sarvavid/SarvLibrary/Kmerize/dsk/build/CMakeFiles/CMakeTmp

Run Build Command:"/usr/bin/make" "cmTC_9ea74/fast"
/usr/bin/make -f CMakeFiles/cmTC_9ea74.dir/build.make CMakeFiles/cmTC_9ea74.dir/build
make[1]: Entering directory '/media/chris/seagate1/chris/PurdueSchool/llvm_sarvavid/SarvLibrary/Kmerize/dsk/build/CMakeFiles/CMakeTmp'
Building C object CMakeFiles/cmTC_9ea74.dir/ConversionTests.c.o
/usr/bin/gcc   -msse2 -msse4.2 -mpopcnt -DH5_LONG_TO_LDOUBLE_SPECIAL_TEST   -o CMakeFiles/cmTC_9ea74.dir/ConversionTests.c.o   -c /home/chris/Dropbox/chris/PurdueSchool/llvm_sarvavid/SarvLibrary/Kmerize/dsk/thirdparty/gatb-core/gatb-core/thirdparty/hdf5/config/cmake/ConversionTests.c
Linking C executable cmTC_9ea74
/usr/bin/cmake -E cmake_link_script CMakeFiles/cmTC_9ea74.dir/link.txt --verbose=1
/usr/bin/gcc  -msse2 -msse4.2 -mpopcnt -DH5_LONG_TO_LDOUBLE_SPECIAL_TEST    -rdynamic CMakeFiles/cmTC_9ea74.dir/ConversionTests.c.o  -o cmTC_9ea74 
make[1]: Leaving directory '/media/chris/seagate1/chris/PurdueSchool/llvm_sarvavid/SarvLibrary/Kmerize/dsk/build/CMakeFiles/CMakeTmp'

